input hash size 82128/131072 values.
master hash size 0 values.
starting 2
merge-text-error: 1573215	, merging [ Heuchera hallii ] ne [ NA ]
merge-text-error: 1573212	, merging [ Heuchera glomerulata ] ne [ NA ]
merge-text-error: 1573211	, merging [ Heuchera eastwoodiae ] ne [ NA ]
merge-text-error: 1573209	, merging [ Heuchera saxicola ] ne [ NA ]
merge-text-error: 1573205	, merging [ Heuchera caroliniana ] ne [ NA ]
merge-text-error: 1573204	, merging [ Heuchera caespitosa ] ne [ NA ]
merge-text-error: 1573203	, merging [ Heuchera brevistaminea ] ne [ NA ]
merge-text-error: 1573202	, merging [ Heuchera bracteata ] ne [ NA ]
merge-text-error: 1573198	, merging [ Heuchera alba ] ne [ NA ]
merge-text-error: 1573197	, merging [ Heuchera acutifolia ] ne [ NA ]
merge-text-error: 1573196	, merging [ Heuchera abramsii ] ne [ NA ]
merge-text-error: 1573166	, merging [ Palaquium stenophyllum ] ne [ NA ]
merge-text-error: 1573164	, merging [ Mimusops perrieri ] ne [ NA ]
merge-text-error: 1573163	, merging [ Mimusops membranacea ] ne [ NA ]
merge-text-error: 1573162	, merging [ Mimusops lecomtei ] ne [ NA ]
merge-text-error: 1573161	, merging [ Mimusops kummel ] ne [ NA ]
merge-text-error: 1573160	, merging [ Mimusops coriacea ] ne [ NA ]
merge-text-error: 1573159	, merging [ Manilkara zenkeri ] ne [ NA ]
merge-text-error: 1573158	, merging [ Manilkara welwitschii ] ne [ NA ]
merge-text-error: 1573157	, merging [ Manilkara vitiensis ] ne [ NA ]
merge-text-error: 1573156	, merging [ Manilkara udoido ] ne [ NA ]
merge-text-error: 1573155	, merging [ Manilkara triflora ] ne [ NA ]
merge-text-error: 1573154	, merging [ Manilkara sulcata ] ne [ NA ]
merge-text-error: 1573153	, merging [ Manilkara suarezensis ] ne [ NA ]
merge-text-error: 1573150	, merging [ Manilkara smithiana ] ne [ NA ]
merge-text-error: 1573149	, merging [ Manilkara sansibarensis ] ne [ NA ]
merge-text-error: 1573148	, merging [ Manilkara samoensis ] ne [ NA ]
merge-text-error: 1573147	, merging [ Manilkara sahafarensis ] ne [ NA ]
merge-text-error: 1573146	, merging [ Manilkara rufula ] ne [ NA ]
merge-text-error: 1573145	, merging [ Manilkara roxburghiana ] ne [ NA ]
merge-text-error: 1573144	, merging [ Manilkara pubicarpa ] ne [ NA ]
merge-text-error: 1573143	, merging [ Manilkara perrieri ] ne [ NA ]
merge-text-error: 1573142	, merging [ Manilkara pellegriniana ] ne [ NA ]
merge-text-error: 1573141	, merging [ Manilkara paraensis ] ne [ NA ]
merge-text-error: 1573140	, merging [ Manilkara napali ] ne [ NA ]
merge-text-error: 1573139	, merging [ Manilkara multinervis ] ne [ NA ]
merge-text-error: 1573138	, merging [ Manilkara mabokeensis ] ne [ NA ]
merge-text-error: 1573137	, merging [ Manilkara lososiana ] ne [ NA ]
merge-text-error: 1573136	, merging [ Manilkara letouzei ] ne [ NA ]
merge-text-error: 1573134	, merging [ Manilkara lacera ] ne [ NA ]
merge-text-error: 1340045	, merging [ NA ] ne [ Antidesma montanum ]
merge-text-error: 1339356	, merging [ NA ] ne [ Camellia danzaiensis ]
merge-text-error: 1338535	, merging [ NA ] ne [ Meehania henryi ]
merge-text-error: 1338475	, merging [ NA ] ne [ Carduus bourgaeanus ]
merge-text-error: 1338474	, merging [ NA ] ne [ Leysera leyseroides ]
merge-text-error: 1338473	, merging [ NA ] ne [ Cirsium pyrenaicum ]
merge-text-error: 1338472	, merging [ NA ] ne [ Cirsium echinatum ]
merge-text-error: 1338419	, merging [ NA ] ne [ Artemisia turcomanica ]
merge-text-error: 1338418	, merging [ NA ] ne [ Artemisia tschernieviana ]
merge-text-error: 1338417	, merging [ NA ] ne [ Artemisia oliveriana ]
merge-text-error: 1338416	, merging [ NA ] ne [ Artemisia kopetdaghensis ]
merge-text-error: 1338415	, merging [ NA ] ne [ Artemisia khorassanica ]
merge-text-error: 1338414	, merging [ NA ] ne [ Artemisia gypsacea ]
merge-text-error: 1338413	, merging [ NA ] ne [ Artemisia ciniformis ]
merge-text-error: 1338412	, merging [ NA ] ne [ Artemisia aucheri ]
merge-text-error: 1338335	, merging [ NA ] ne [ Wulfenia baldaccii ]
merge-text-error: 1338334	, merging [ NA ] ne [ Veronica polium ]
merge-text-error: 1338333	, merging [ NA ] ne [ Veronica minuta ]
merge-text-error: 1338332	, merging [ NA ] ne [ Veronica microcarpa ]
merge-text-error: 1338331	, merging [ NA ] ne [ Veronica leiocarpa ]
merge-text-error: 1338330	, merging [ NA ] ne [ Veronica kurdica ]
merge-text-error: 1338329	, merging [ NA ] ne [ Veronica fridericae ]
merge-text-error: 1338028	, merging [ NA ] ne [ Allamanda oenotherifolia ]
merge-text-error: 1337750	, merging [ NA ] ne [ Ptilimnium texense ]
merge-text-error: 1337749	, merging [ NA ] ne [ Onobrychis oshnaviyehensis ]
merge-text-error: 1337748	, merging [ NA ] ne [ Onobrychis meshhedensis ]
merge-text-error: 1337747	, merging [ NA ] ne [ Onobrychis kuchanensis ]
merge-text-error: 1337405	, merging [ NA ] ne [ Senecio linearifolius ]
merge-text-error: 1337402	, merging [ NA ] ne [ Senecio lacustrinus ]
merge-text-error: 1337401	, merging [ NA ] ne [ Senecio brigalowensis ]
merge-text-error: 1337400	, merging [ NA ] ne [ Senecio bathurstianus ]
merge-text-error: 1336957	, merging [ NA ] ne [ Euphorbia acuta ]
merge-text-error: 1336683	, merging [ NA ] ne [ Helianthemum violaceum ]
merge-text-error: 1336682	, merging [ NA ] ne [ Helianthemum polygonoides ]
merge-text-error: 1336679	, merging [ NA ] ne [ Helianthemum hirtum ]
merge-text-error: 1336677	, merging [ NA ] ne [ Helianthemum cinereum ]
merge-text-error: 1336676	, merging [ NA ] ne [ Helianthemum asperum ]
merge-text-error: 1336674	, merging [ NA ] ne [ Helianthemum alypoides ]
merge-text-error: 1336658	, merging [ NA ] ne [ Thalictrum reticulatum ]
merge-text-error: 1336657	, merging [ NA ] ne [ Thalictrum amurense ]
merge-text-error: 1336656	, merging [ NA ] ne [ Zanthoxylum scandens ]
merge-text-error: 1336654	, merging [ NA ] ne [ Zanthoxylum rhodoxylum ]
merge-text-error: 1336653	, merging [ NA ] ne [ Zanthoxylum oahuense ]
merge-text-error: 1336652	, merging [ NA ] ne [ Zanthoxylum nadeaudii ]
merge-text-error: 1336651	, merging [ NA ] ne [ Zanthoxylum kauaense ]
merge-text-error: 1336650	, merging [ NA ] ne [ Zanthoxylum hawaiiense ]
merge-text-error: 1336649	, merging [ NA ] ne [ Zanthoxylum dipetalum ]
merge-text-error: 1336648	, merging [ NA ] ne [ Platydesma remyi ]
merge-text-error: 1336647	, merging [ NA ] ne [ Platydesma cornuta ]
merge-text-error: 1336646	, merging [ NA ] ne [ Melicope wawraeana ]
merge-text-error: 1336645	, merging [ NA ] ne [ Melicope waialealae ]
merge-text-error: 1336644	, merging [ NA ] ne [ Melicope volcanica ]
merge-text-error: 1336643	, merging [ NA ] ne [ Melicope vieillardii ]
merge-text-error: 1336642	, merging [ NA ] ne [ Melicope vatiana ]
merge-text-error: 1336639	, merging [ NA ] ne [ Melicope sessilis ]
merge-text-error: 1336638	, merging [ NA ] ne [ Melicope rotundifolia ]
merge-text-error: 1336637	, merging [ NA ] ne [ Melicope retusa ]
merge-text-error: 1336636	, merging [ NA ] ne [ Melicope reflexa ]
merge-text-error: 1336635	, merging [ NA ] ne [ Melicope radiata ]
merge-text-error: 1336634	, merging [ NA ] ne [ Melicope ponapensis ]
merge-text-error: 1336633	, merging [ NA ] ne [ Melicope peduncularis ]
merge-text-error: 1336632	, merging [ NA ] ne [ Melicope pallida ]
merge-text-error: 1336631	, merging [ NA ] ne [ Melicope ovata ]
merge-text-error: 1336630	, merging [ NA ] ne [ Melicope orbicularis ]
merge-text-error: 1336629	, merging [ NA ] ne [ Melicope oahuensis ]
merge-text-error: 1336628	, merging [ NA ] ne [ Melicope munroi ]
merge-text-error: 1336627	, merging [ NA ] ne [ Melicope mucronulata ]
merge-text-error: 1336626	, merging [ NA ] ne [ Melicope molokaiensis ]
merge-text-error: 1336625	, merging [ NA ] ne [ Melicope makahae ]
merge-text-error: 1336624	, merging [ NA ] ne [ Melicope latifolia ]
merge-text-error: 1336623	, merging [ NA ] ne [ Melicope kavaiensis ]
merge-text-error: 1336622	, merging [ NA ] ne [ Melicope hosakae ]
merge-text-error: 1336621	, merging [ NA ] ne [ Melicope hawaiensis ]
merge-text-error: 1336620	, merging [ NA ] ne [ Melicope haupuensis ]
merge-text-error: 1336619	, merging [ NA ] ne [ Melicope haleakalae ]
merge-text-error: 1336618	, merging [ NA ] ne [ Melicope feddei ]
merge-text-error: 1336617	, merging [ NA ] ne [ Melicope cruciata ]
merge-text-error: 1336616	, merging [ NA ] ne [ Melicope christophersenii ]
merge-text-error: 1336615	, merging [ NA ] ne [ Melicope barbigera ]
merge-text-error: 1336614	, merging [ NA ] ne [ Melicope balloui ]
merge-text-error: 1336613	, merging [ NA ] ne [ Melicope anisata ]
merge-text-error: 1336612	, merging [ NA ] ne [ Melicope adscendens ]
merge-text-error: 980240	, merging [ Fadogia homblei ] ne [ NA ]
merge-text-error: 980117	, merging [ Dithyrea californica ] ne [ NA ]
merge-text-error: 980028	, merging [ Bidens wiebkei ] ne [ NA ]
merge-text-error: 980027	, merging [ Bidens valida ] ne [ NA ]
merge-text-error: 980026	, merging [ Bidens torta ] ne [ NA ]
merge-text-error: 980023	, merging [ Bidens molokaiensis ] ne [ NA ]
merge-text-error: 980019	, merging [ Bidens micrantha ] ne [ NA ]
merge-text-error: 980016	, merging [ Bidens menziesii ] ne [ NA ]
merge-text-error: 980015	, merging [ Bidens macrocarpa ] ne [ NA ]
merge-text-error: 980011	, merging [ Bidens hawaiensis ] ne [ NA ]
merge-text-error: 980008	, merging [ Bidens forbesii ] ne [ NA ]
merge-text-error: 980007	, merging [ Bidens cervicata ] ne [ NA ]
merge-text-error: 980004	, merging [ Bidens campylotheca ] ne [ NA ]
merge-text-error: 980003	, merging [ Bidens asymmetrica ] ne [ NA ]
merge-text-error: 980002	, merging [ Bidens amplectens ] ne [ NA ]
merge-text-error: 979729	, merging [ Cinnamomum glaucescens ] ne [ NA ]
merge-text-error: 979728	, merging [ Philadelphus schrenkii ] ne [ NA ]
merge-text-error: 979727	, merging [ Deutzia parviflora ] ne [ NA ]
merge-text-error: 979637	, merging [ Jackiopsis ornata ] ne [ NA ]
merge-text-error: 979635	, merging [ Glionnetia sericea ] ne [ NA ]
merge-text-error: 318964	, merging [ Zeugites munroanus ] ne [ NA ]
merge-text-error: 178754	, merging [ Acacia mitchellii ] ne [ NA ]
input hash size 12241/131072 values.
master hash size 77619/131072 values.
starting 2
input hash size 12241/131072 values.
master hash size 82580/131072 values.
starting 2

merges	= 116569;
uniques_1	= 12873;
uniques_2	= 1250;
