input hash size 106257/262144 values.
master hash size 0 values.
starting 2
merge-text-error: 1573216	, merging [ Heuchera lakelae ] ne [  ]
merge-text-error: 1573215	, merging [ Heuchera hallii ] ne [  ]
merge-text-error: 1573212	, merging [ Heuchera glomerulata ] ne [  ]
merge-text-error: 1573211	, merging [ Heuchera eastwoodiae ] ne [  ]
merge-text-error: 1573209	, merging [ Heuchera saxicola ] ne [  ]
merge-text-error: 1573205	, merging [ Heuchera caroliniana ] ne [  ]
merge-text-error: 1573204	, merging [ Heuchera caespitosa ] ne [  ]
merge-text-error: 1573203	, merging [ Heuchera brevistaminea ] ne [  ]
merge-text-error: 1573202	, merging [ Heuchera bracteata ] ne [  ]
merge-text-error: 1573198	, merging [ Heuchera alba ] ne [  ]
merge-text-error: 1573197	, merging [ Heuchera acutifolia ] ne [  ]
merge-text-error: 1573196	, merging [ Heuchera abramsii ] ne [  ]
merge-text-error: 1573166	, merging [ Palaquium stenophyllum ] ne [  ]
merge-text-error: 1573165	, merging [ Mimusops sp. Randrianaivo 583 ] ne [  ]
merge-text-error: 1573164	, merging [ Mimusops perrieri ] ne [  ]
merge-text-error: 1573163	, merging [ Mimusops membranacea ] ne [  ]
merge-text-error: 1573162	, merging [ Mimusops lecomtei ] ne [  ]
merge-text-error: 1573161	, merging [ Mimusops kummel ] ne [  ]
merge-text-error: 1573160	, merging [ Mimusops coriacea ] ne [  ]
merge-text-error: 1573159	, merging [ Manilkara zenkeri ] ne [  ]
merge-text-error: 1573158	, merging [ Manilkara welwitschii ] ne [  ]
merge-text-error: 1573157	, merging [ Manilkara vitiensis ] ne [  ]
merge-text-error: 1573156	, merging [ Manilkara udoido ] ne [  ]
merge-text-error: 1573155	, merging [ Manilkara triflora ] ne [  ]
merge-text-error: 1573154	, merging [ Manilkara sulcata ] ne [  ]
merge-text-error: 1573153	, merging [ Manilkara suarezensis ] ne [  ]
merge-text-error: 1573152	, merging [ Manilkara sp. 2 P199701118/SO118 ] ne [  ]
merge-text-error: 1573151	, merging [ Manilkara sp. 1 Damon 217 ] ne [  ]
merge-text-error: 1573150	, merging [ Manilkara smithiana ] ne [  ]
merge-text-error: 1573149	, merging [ Manilkara sansibarensis ] ne [  ]
merge-text-error: 1573148	, merging [ Manilkara samoensis ] ne [  ]
merge-text-error: 1573147	, merging [ Manilkara sahafarensis ] ne [  ]
merge-text-error: 1573146	, merging [ Manilkara rufula ] ne [  ]
merge-text-error: 1573145	, merging [ Manilkara roxburghiana ] ne [  ]
merge-text-error: 1573144	, merging [ Manilkara pubicarpa ] ne [  ]
merge-text-error: 1573143	, merging [ Manilkara perrieri ] ne [  ]
merge-text-error: 1573142	, merging [ Manilkara pellegriniana ] ne [  ]
merge-text-error: 1573141	, merging [ Manilkara paraensis ] ne [  ]
merge-text-error: 1573140	, merging [ Manilkara napali ] ne [  ]
merge-text-error: 1573139	, merging [ Manilkara multinervis ] ne [  ]
merge-text-error: 1573138	, merging [ Manilkara mabokeensis ] ne [  ]
merge-text-error: 1573137	, merging [ Manilkara lososiana ] ne [  ]
merge-text-error: 1573136	, merging [ Manilkara letouzei ] ne [  ]
merge-text-error: 1573135	, merging [ Manilkara letestui ] ne [  ]
merge-text-error: 1573134	, merging [ Manilkara lacera ] ne [  ]
merge-text-error: 1440580	, merging [ NA ] ne [ Peyritschia koelerioides ]
merge-text-error: 1340045	, merging [ Antidesma montanum ] ne [  ]
merge-text-error: 1339356	, merging [ Camellia danzaiensis ] ne [  ]
merge-text-error: 1338535	, merging [ Meehania henryi ] ne [  ]
merge-text-error: 1338475	, merging [ Carduus bourgaeanus ] ne [  ]
merge-text-error: 1338474	, merging [ Leysera leyseroides ] ne [  ]
merge-text-error: 1338473	, merging [ Cirsium pyrenaicum ] ne [  ]
merge-text-error: 1338472	, merging [ Cirsium echinatum ] ne [  ]
merge-text-error: 1338419	, merging [ Artemisia turcomanica ] ne [  ]
merge-text-error: 1338418	, merging [ Artemisia tschernieviana ] ne [  ]
merge-text-error: 1338417	, merging [ Artemisia oliveriana ] ne [  ]
merge-text-error: 1338416	, merging [ Artemisia kopetdaghensis ] ne [  ]
merge-text-error: 1338415	, merging [ Artemisia khorassanica ] ne [  ]
merge-text-error: 1338414	, merging [ Artemisia gypsacea ] ne [  ]
merge-text-error: 1338413	, merging [ Artemisia ciniformis ] ne [  ]
merge-text-error: 1338412	, merging [ Artemisia aucheri ] ne [  ]
merge-text-error: 1338335	, merging [ Wulfenia baldaccii ] ne [  ]
merge-text-error: 1338334	, merging [ Veronica polium ] ne [  ]
merge-text-error: 1338333	, merging [ Veronica minuta ] ne [  ]
merge-text-error: 1338332	, merging [ Veronica microcarpa ] ne [  ]
merge-text-error: 1338331	, merging [ Veronica leiocarpa ] ne [  ]
merge-text-error: 1338330	, merging [ Veronica kurdica ] ne [  ]
merge-text-error: 1338329	, merging [ Veronica fridericae ] ne [  ]
merge-text-error: 1338028	, merging [ Allamanda oenotherifolia ] ne [  ]
merge-text-error: 1337750	, merging [ Ptilimnium texense ] ne [  ]
merge-text-error: 1337749	, merging [ Onobrychis oshnaviyehensis ] ne [  ]
merge-text-error: 1337748	, merging [ Onobrychis meshhedensis ] ne [  ]
merge-text-error: 1337747	, merging [ Onobrychis kuchanensis ] ne [  ]
merge-text-error: 1337405	, merging [ Senecio linearifolius ] ne [  ]
merge-text-error: 1337402	, merging [ Senecio lacustrinus ] ne [  ]
merge-text-error: 1337401	, merging [ Senecio brigalowensis ] ne [  ]
merge-text-error: 1337400	, merging [ Senecio bathurstianus ] ne [  ]
merge-text-error: 1336957	, merging [ Euphorbia acuta ] ne [  ]
merge-text-error: 1336683	, merging [ Helianthemum violaceum ] ne [  ]
merge-text-error: 1336682	, merging [ Helianthemum polygonoides ] ne [  ]
merge-text-error: 1336679	, merging [ Helianthemum hirtum ] ne [  ]
merge-text-error: 1336677	, merging [ Helianthemum cinereum ] ne [  ]
merge-text-error: 1336676	, merging [ Helianthemum asperum ] ne [  ]
merge-text-error: 1336674	, merging [ Helianthemum alypoides ] ne [  ]
merge-text-error: 1336658	, merging [ Thalictrum reticulatum ] ne [  ]
merge-text-error: 1336657	, merging [ Thalictrum amurense ] ne [  ]
merge-text-error: 1336656	, merging [ Zanthoxylum scandens ] ne [  ]
merge-text-error: 1336654	, merging [ Zanthoxylum rhodoxylum ] ne [  ]
merge-text-error: 1336653	, merging [ Zanthoxylum oahuense ] ne [  ]
merge-text-error: 1336652	, merging [ Zanthoxylum nadeaudii ] ne [  ]
merge-text-error: 1336651	, merging [ Zanthoxylum kauaense ] ne [  ]
merge-text-error: 1336650	, merging [ Zanthoxylum hawaiiense ] ne [  ]
merge-text-error: 1336649	, merging [ Zanthoxylum dipetalum ] ne [  ]
merge-text-error: 1336648	, merging [ Platydesma remyi ] ne [  ]
merge-text-error: 1336647	, merging [ Platydesma cornuta ] ne [  ]
merge-text-error: 1336646	, merging [ Melicope wawraeana ] ne [  ]
merge-text-error: 1336645	, merging [ Melicope waialealae ] ne [  ]
merge-text-error: 1336644	, merging [ Melicope volcanica ] ne [  ]
merge-text-error: 1336643	, merging [ Melicope vieillardii ] ne [  ]
merge-text-error: 1336642	, merging [ Melicope vatiana ] ne [  ]
merge-text-error: 1336639	, merging [ Melicope sessilis ] ne [  ]
merge-text-error: 1336638	, merging [ Melicope rotundifolia ] ne [  ]
merge-text-error: 1336637	, merging [ Melicope retusa ] ne [  ]
merge-text-error: 1336636	, merging [ Melicope reflexa ] ne [  ]
merge-text-error: 1336635	, merging [ Melicope radiata ] ne [  ]
merge-text-error: 1336634	, merging [ Melicope ponapensis ] ne [  ]
merge-text-error: 1336633	, merging [ Melicope peduncularis ] ne [  ]
merge-text-error: 1336632	, merging [ Melicope pallida ] ne [  ]
merge-text-error: 1336631	, merging [ Melicope ovata ] ne [  ]
merge-text-error: 1336630	, merging [ Melicope orbicularis ] ne [  ]
merge-text-error: 1336629	, merging [ Melicope oahuensis ] ne [  ]
merge-text-error: 1336628	, merging [ Melicope munroi ] ne [  ]
merge-text-error: 1336627	, merging [ Melicope mucronulata ] ne [  ]
merge-text-error: 1336626	, merging [ Melicope molokaiensis ] ne [  ]
merge-text-error: 1336625	, merging [ Melicope makahae ] ne [  ]
merge-text-error: 1336624	, merging [ Melicope latifolia ] ne [  ]
merge-text-error: 1336623	, merging [ Melicope kavaiensis ] ne [  ]
merge-text-error: 1336622	, merging [ Melicope hosakae ] ne [  ]
merge-text-error: 1336621	, merging [ Melicope hawaiensis ] ne [  ]
merge-text-error: 1336620	, merging [ Melicope haupuensis ] ne [  ]
merge-text-error: 1336619	, merging [ Melicope haleakalae ] ne [  ]
merge-text-error: 1336618	, merging [ Melicope feddei ] ne [  ]
merge-text-error: 1336617	, merging [ Melicope cruciata ] ne [  ]
merge-text-error: 1336616	, merging [ Melicope christophersenii ] ne [  ]
merge-text-error: 1336615	, merging [ Melicope barbigera ] ne [  ]
merge-text-error: 1336614	, merging [ Melicope balloui ] ne [  ]
merge-text-error: 1336613	, merging [ Melicope anisata ] ne [  ]
merge-text-error: 1336612	, merging [ Melicope adscendens ] ne [  ]
merge-text-error: 1127077	, merging [ Malvaviscus palmanus ] ne [  ]
merge-text-error: 1127076	, merging [ Malachra fasciata ] ne [  ]
merge-text-error: 1127075	, merging [ Lysiloma auritum ] ne [  ]
merge-text-error: 1127074	, merging [ Luehea speciosa ] ne [  ]
merge-text-error: 1127073	, merging [ Luehea candida ] ne [  ]
merge-text-error: 1127062	, merging [ Ludwigia nervosa ] ne [  ]
merge-text-error: 980240	, merging [ Fadogia homblei ] ne [  ]
merge-text-error: 980117	, merging [ Dithyrea californica ] ne [  ]
merge-text-error: 980028	, merging [ Bidens wiebkei ] ne [  ]
merge-text-error: 980027	, merging [ Bidens valida ] ne [  ]
merge-text-error: 980026	, merging [ Bidens torta ] ne [  ]
merge-text-error: 980023	, merging [ Bidens molokaiensis ] ne [  ]
merge-text-error: 980019	, merging [ Bidens micrantha ] ne [  ]
merge-text-error: 980016	, merging [ Bidens menziesii ] ne [  ]
merge-text-error: 980015	, merging [ Bidens macrocarpa ] ne [  ]
merge-text-error: 980011	, merging [ Bidens hawaiensis ] ne [  ]
merge-text-error: 980008	, merging [ Bidens forbesii ] ne [  ]
merge-text-error: 980007	, merging [ Bidens cervicata ] ne [  ]
merge-text-error: 980004	, merging [ Bidens campylotheca ] ne [  ]
merge-text-error: 980003	, merging [ Bidens asymmetrica ] ne [  ]
merge-text-error: 980002	, merging [ Bidens amplectens ] ne [  ]
merge-text-error: 980001	, merging [ Bidens menziesii subsp. filiformis x Bidens micrantha subsp. ctenophyla ] ne [  ]
merge-text-error: 979729	, merging [ Cinnamomum glaucescens ] ne [  ]
merge-text-error: 979728	, merging [ Philadelphus schrenkii ] ne [  ]
merge-text-error: 979727	, merging [ Deutzia parviflora ] ne [  ]
merge-text-error: 979637	, merging [ Jackiopsis ornata ] ne [  ]
merge-text-error: 979635	, merging [ Glionnetia sericea ] ne [  ]
merge-text-error: 653066	, merging [ Bauhinia natalensis ] ne [  ]
merge-text-error: 653065	, merging [ Bauhinia morondavensis ] ne [  ]
merge-text-error: 653064	, merging [ Bauhinia monandra ] ne [  ]
merge-text-error: 653063	, merging [ Bauhinia mollis ] ne [  ]
merge-text-error: 653061	, merging [ Bauhinia longicuspis ] ne [  ]
merge-text-error: 653060	, merging [ Bauhinia kalantha ] ne [  ]
merge-text-error: 653059	, merging [ Bauhinia hymenaeifolia ] ne [  ]
merge-text-error: 653058	, merging [ Bauhinia hildebrandtii ] ne [  ]
merge-text-error: 653057	, merging [ Bauhinia grevei ] ne [  ]
merge-text-error: 653056	, merging [ Bauhinia grandidieri ] ne [  ]
merge-text-error: 653055	, merging [ Bauhinia dipetala ] ne [  ]
merge-text-error: 653054	, merging [ Bauhinia corniculata ] ne [  ]
merge-text-error: 653053	, merging [ Bauhinia chapulhuacania ] ne [  ]
merge-text-error: 653052	, merging [ Bauhinia brevicalyx ] ne [  ]
merge-text-error: 653049	, merging [ Bauhinia binata ] ne [  ]
merge-text-error: 653048	, merging [ Bauhinia aculeata ] ne [  ]
merge-text-error: 653047	, merging [ Bauhinia acreana ] ne [  ]
merge-text-error: 652977	, merging [ Cuscuta jepsonii ] ne [  ]
merge-text-error: 652976	, merging [ Elaeagnus macrantha ] ne [  ]
merge-text-error: 652667	, merging [ Nepenthes kampotiana ] ne [  ]
merge-text-error: 652666	, merging [ Nepenthes smilesii ] ne [  ]
merge-text-error: 652640	, merging [ Onosma stellulata ] ne [  ]
merge-text-error: 652639	, merging [ Lithospermum trinervium ] ne [  ]
merge-text-error: 652637	, merging [ Lithospermum strictum ] ne [  ]
merge-text-error: 652636	, merging [ Lithospermum revolutum ] ne [  ]
merge-text-error: 652635	, merging [ Lithospermum obovatum ] ne [  ]
merge-text-error: 652634	, merging [ Lithospermum notatum ] ne [  ]
merge-text-error: 652633	, merging [ Lithospermum nelsonii ] ne [  ]
merge-text-error: 652632	, merging [ Lithospermum molle ] ne [  ]
merge-text-error: 652631	, merging [ Lithospermum leonotis ] ne [  ]
merge-text-error: 652630	, merging [ Lithospermum johnstonii ] ne [  ]
merge-text-error: 652629	, merging [ Lithospermum helleri ] ne [  ]
merge-text-error: 652628	, merging [ Lithospermum longiflorum ] ne [  ]
merge-text-error: 652506	, merging [ Weinmannia sp. Lewis 2789 ] ne [  ]
merge-text-error: 652505	, merging [ Terminalia complanata ] ne [  ]
merge-text-error: 652504	, merging [ Syzygium longipes ] ne [  ]
merge-text-error: 652503	, merging [ Syzygium furfuraceum ] ne [  ]
merge-text-error: 652502	, merging [ Planchonella ripicola ] ne [  ]
merge-text-error: 652501	, merging [ Monoon oblongifolium ] ne [  ]
merge-text-error: 652500	, merging [ Myristica globosa ] ne [  ]
merge-text-error: 652499	, merging [ Myristica fatua ] ne [  ]
merge-text-error: 652498	, merging [ Litsea timoriana ] ne [  ]
merge-text-error: 652497	, merging [ Litsea collina ] ne [  ]
merge-text-error: 652496	, merging [ Horsfieldia hellwigii ] ne [  ]
merge-text-error: 652495	, merging [ Horsfieldia basifissa ] ne [  ]
merge-text-error: 652494	, merging [ Harpullia longipetala ] ne [  ]
merge-text-error: 652493	, merging [ Elaeocarpus undulatus ] ne [  ]
merge-text-error: 652492	, merging [ Cypripedium micranthum ] ne [  ]
merge-text-error: 652491	, merging [ Cryptocarya caloneura ] ne [  ]
merge-text-error: 652490	, merging [ Carex lamprocarpa ] ne [  ]
merge-text-error: 652489	, merging [ Canarium oleosum ] ne [  ]
merge-text-error: 652460	, merging [ Viola catalonica ] ne [  ]
merge-text-error: 652459	, merging [ Ruppia sp. YI00824 ] ne [  ]
merge-text-error: 652458	, merging [ Ruppia tuberosa ] ne [  ]
merge-text-error: 578533	, merging [ Bucida buceras ] ne [  ]
lengths-mismatch: 24 != 123
merge-text-error: 526837	, merging [ NA ] ne [ Homalia pennatula ]
merge-text-error: 526836	, merging [ NA ] ne [ Homalia lusitanica ]
merge-text-error: 526835	, merging [ NA ] ne [ Thamnomalia glabella ]
merge-text-error: 526834	, merging [ NA ] ne [ Himantocladium plumula ]
merge-text-error: 526833	, merging [ NA ] ne [ Glossadelphus glossoides ]
merge-text-error: 526832	, merging [ NA ] ne [ Glossadelphus baldwinii ]
merge-text-error: 526831	, merging [ NA ] ne [ Entodon dregeanus ]
merge-text-error: 526830	, merging [ NA ] ne [ Cryphaea amurensis ]
merge-text-error: 526828	, merging [ NA ] ne [ Calyptothecium recurvulum ]
merge-text-error: 526827	, merging [ NA ] ne [ Callicostella cf. africana Rikkinen et al. 21 ]
merge-text-error: 526824	, merging [ NA ] ne [ Pendulothecium punctatum ]
merge-text-error: 526790	, merging [ NA ] ne [ Phlogacanthus thyrsiflorus ]
merge-text-error: 526788	, merging [ NA ] ne [ Cystacanthus turgidus ]
merge-text-error: 526786	, merging [ NA ] ne [ Andrographis echioides ]
merge-text-error: 526784	, merging [ NA ] ne [ Forcipella sp. Daniel et al. 10432 ]
merge-text-error: 526782	, merging [ NA ] ne [ Lophostachys uxpanapensis ]
merge-text-error: 526781	, merging [ NA ] ne [ Lophostachys pubiflora ]
merge-text-error: 526780	, merging [ NA ] ne [ Lophostachys chiapensis ]
merge-text-error: 526778	, merging [ NA ] ne [ Lepidagathis scabra ]
merge-text-error: 526777	, merging [ NA ] ne [ Lepidagathis formosensis ]
merge-text-error: 526776	, merging [ NA ] ne [ Lepidagathis falcata ]
merge-text-error: 526775	, merging [ NA ] ne [ Crabbea sp. Balkwill et al. 11649 ]
merge-text-error: 526774	, merging [ NA ] ne [ Neuracanthus umbraticus ]
merge-text-error: 526773	, merging [ NA ] ne [ Neuracanthus tephrophyllus ]
merge-text-error: 526772	, merging [ NA ] ne [ Neuracanthus polyacanthus ]
merge-text-error: 526771	, merging [ NA ] ne [ Neuracanthus ovalifolius ]
merge-text-error: 526770	, merging [ NA ] ne [ Neuracanthus brachystachyus ]
merge-text-error: 526769	, merging [ NA ] ne [ Neuracanthus africanus ]
merge-text-error: 526767	, merging [ NA ] ne [ Lankesteria glandulosa ]
merge-text-error: 526766	, merging [ NA ] ne [ Lankesteria elegans ]
merge-text-error: 526765	, merging [ NA ] ne [ Leandriella oblonga ]
merge-text-error: 526763	, merging [ NA ] ne [ Lasiocladus villosus ]
merge-text-error: 526761	, merging [ NA ] ne [ Kudoacanthus albonervosus ]
merge-text-error: 526759	, merging [ NA ] ne [ Golaea migiurtina ]
merge-text-error: 526757	, merging [ NA ] ne [ Chlamydacanthus euphorbioides ]
merge-text-error: 526756	, merging [ NA ] ne [ Chlamydacanthus dichrostachyus ]
merge-text-error: 526755	, merging [ NA ] ne [ Camarotea souiensis ]
merge-text-error: 526753	, merging [ NA ] ne [ Acanthura mattogrossensis ]
merge-text-error: 526751	, merging [ NA ] ne [ Acanthostelma thymifolium ]
merge-text-error: 526706	, merging [ NA ] ne [ Arctium medians ]
merge-text-error: 526702	, merging [ NA ] ne [ Riella sp. SC s.n. ]
merge-text-error: 526701	, merging [ NA ] ne [ Dawsonia sp. VKL151198 ]
merge-text-error: 526700	, merging [ NA ] ne [ Riccia breidleri ]
merge-text-error: 526699	, merging [ NA ] ne [ Asterella blumeana ]
merge-text-error: 526698	, merging [ NA ] ne [ Livistona boninensis ]
merge-text-error: 526696	, merging [ NA ] ne [ Castilleja unalaschcensis ]
merge-text-error: 526435	, merging [ NA ] ne [ Oxalis sp. 'canaliculata' ]
merge-text-error: 526406	, merging [ NA ] ne [ Phyllostachys fimbriligula ]
merge-text-error: 526405	, merging [ NA ] ne [ Phyllostachys iridescens ]
merge-text-error: 526367	, merging [ NA ] ne [ Thamnobryum fasciculatum ]
merge-text-error: 526366	, merging [ NA ] ne [ Neckera platyantha ]
merge-text-error: 526362	, merging [ NA ] ne [ Trichocolea rigida ]
merge-text-error: 526361	, merging [ NA ] ne [ Schistochila balfouriana ]
merge-text-error: 526359	, merging [ NA ] ne [ Odontoschisma prostratum ]
merge-text-error: 526355	, merging [ NA ] ne [ Frullania nisquallensis ]
merge-text-error: 526231	, merging [ NA ] ne [ Nicotiana sp. 'rastroensis' ]
merge-text-error: 526204	, merging [ NA ] ne [ Euphorbia virgata ]
merge-text-error: 526203	, merging [ NA ] ne [ Euphorbia supina ]
merge-text-error: 526202	, merging [ NA ] ne [ Euphorbia sieboldiana ]
merge-text-error: 526201	, merging [ NA ] ne [ Euphorbia pseudoesula ]
merge-text-error: 526200	, merging [ NA ] ne [ Euphorbia orientalis ]
merge-text-error: 526199	, merging [ NA ] ne [ Euphorbia octoradiata ]
merge-text-error: 526198	, merging [ NA ] ne [ Euphorbia nakaii ]
merge-text-error: 526197	, merging [ NA ] ne [ Euphorbia lunulata ]
merge-text-error: 526196	, merging [ NA ] ne [ Euphorbia lucorum ]
merge-text-error: 526195	, merging [ NA ] ne [ Euphorbia hylonoma ]
merge-text-error: 526194	, merging [ NA ] ne [ Euphorbia fauriei ]
merge-text-error: 526193	, merging [ NA ] ne [ Euphorbia ebracteolata ]
merge-text-error: 526191	, merging [ NA ] ne [ Euphorbia baselicis ]
merge-text-error: 526190	, merging [ NA ] ne [ Euphorbia virgata x Euphorbia esula ]
merge-text-error: 526189	, merging [ NA ] ne [ Euphorbia cyparissias x Euphorbia esula ]
merge-text-error: 526183	, merging [ NA ] ne [ Leptonychia usambarensis ]
merge-text-error: 526057	, merging [ NA ] ne [ Tiarocarpus neubaueri ]
merge-text-error: 526056	, merging [ NA ] ne [ Tiarocarpus hymenostephanus ]
merge-text-error: 526054	, merging [ NA ] ne [ Cousinia xiphiolepis ]
merge-text-error: 526053	, merging [ NA ] ne [ Cousinia xanthacantha ]
merge-text-error: 526052	, merging [ NA ] ne [ Cousinia vicaria ]
merge-text-error: 526051	, merging [ NA ] ne [ Cousinia urumiensis ]
merge-text-error: 526050	, merging [ NA ] ne [ Cousinia turkmenorum ]
merge-text-error: 526049	, merging [ NA ] ne [ Cousinia turcomanica ]
merge-text-error: 526048	, merging [ NA ] ne [ Cousinia triceps ]
merge-text-error: 526047	, merging [ NA ] ne [ Cousinia trachyphyllaria ]
merge-text-error: 526046	, merging [ NA ] ne [ Arctium tomentellum ]
merge-text-error: 526045	, merging [ NA ] ne [ Cousinia thamnodes ]
merge-text-error: 526044	, merging [ NA ] ne [ Cousinia tenuisecta ]
merge-text-error: 526043	, merging [ NA ] ne [ Cousinia tenuiramula ]
merge-text-error: 526042	, merging [ NA ] ne [ Cousinia tenuifolia ]
merge-text-error: 526041	, merging [ NA ] ne [ Cousinia tashkurghanica ]
merge-text-error: 526040	, merging [ NA ] ne [ Cousinia submutica ]
merge-text-error: 526039	, merging [ NA ] ne [ Cousinia stocksii ]
merge-text-error: 526038	, merging [ NA ] ne [ Cousinia spryginii ]
merge-text-error: 526037	, merging [ NA ] ne [ Cousinia splendida ]
merge-text-error: 526036	, merging [ NA ] ne [ Cousinia speciosa ]
merge-text-error: 526035	, merging [ NA ] ne [ Cousinia sogdiana ]
merge-text-error: 526034	, merging [ NA ] ne [ Cousinia smirnowii ]
merge-text-error: 526033	, merging [ NA ] ne [ Cousinia shahvarica ]
merge-text-error: 526031	, merging [ NA ] ne [ Cousinia semilacera ]
merge-text-error: 526030	, merging [ NA ] ne [ Cousinia sclerophylla ]
merge-text-error: 526029	, merging [ NA ] ne [ Cousinia scariosa ]
merge-text-error: 526028	, merging [ NA ] ne [ Cousinia sarawschanica ]
merge-text-error: 526027	, merging [ NA ] ne [ Cousinia salangensis ]
merge-text-error: 526026	, merging [ NA ] ne [ Cousinia rigidissima ]
merge-text-error: 526025	, merging [ NA ] ne [ Cousinia rigida ]
merge-text-error: 526024	, merging [ NA ] ne [ Cousinia regelii ]
merge-text-error: 526023	, merging [ NA ] ne [ Arctium refractum ]
merge-text-error: 526022	, merging [ NA ] ne [ Cousinia rechingerorum ]
merge-text-error: 526021	, merging [ NA ] ne [ Cousinia radians ]
merge-text-error: 526020	, merging [ NA ] ne [ Cousinia raddeana ]
merge-text-error: 526019	, merging [ NA ] ne [ Cousinia qaisarensis ]
merge-text-error: 526018	, merging [ NA ] ne [ Cousinia pusilla ]
merge-text-error: 526017	, merging [ NA ] ne [ Cousinia pugionifera ]
merge-text-error: 526016	, merging [ NA ] ne [ Arctium pseudarctium ]
merge-text-error: 526015	, merging [ NA ] ne [ Cousinia prolifera ]
merge-text-error: 526014	, merging [ NA ] ne [ Cousinia polytimetica ]
merge-text-error: 526013	, merging [ NA ] ne [ Cousinia polyneura ]
merge-text-error: 526012	, merging [ NA ] ne [ Cousinia podophylla ]
merge-text-error: 526011	, merging [ NA ] ne [ Cousinia pineticola ]
merge-text-error: 526010	, merging [ NA ] ne [ Cousinia pannosa ]
merge-text-error: 526009	, merging [ NA ] ne [ Cousinia oxiana ]
merge-text-error: 526008	, merging [ NA ] ne [ Cousinia outichaschensis ]
merge-text-error: 526007	, merging [ NA ] ne [ Cousinia oreodoxa ]
merge-text-error: 526006	, merging [ NA ] ne [ Cousinia oopoda ]
merge-text-error: 526005	, merging [ NA ] ne [ Cousinia oligocephala ]
merge-text-error: 526004	, merging [ NA ] ne [ Cousinia olgae ]
merge-text-error: 526003	, merging [ NA ] ne [ Cousinia ninae ]
merge-text-error: 526002	, merging [ NA ] ne [ Cousinia multiloba ]
merge-text-error: 526001	, merging [ NA ] ne [ Cousinia meghrica ]
merge-text-error: 526000	, merging [ NA ] ne [ Cousinia macroptera ]
merge-text-error: 525999	, merging [ NA ] ne [ Cousinia macrocephala ]
merge-text-error: 525998	, merging [ NA ] ne [ Arctium macilentum ]
merge-text-error: 525997	, merging [ NA ] ne [ Cousinia longifolia ]
merge-text-error: 525996	, merging [ NA ] ne [ Cousinia lomakini ]
merge-text-error: 525995	, merging [ NA ] ne [ Cousinia linczewskii ]
merge-text-error: 525994	, merging [ NA ] ne [ Cousinia leucantha ]
merge-text-error: 525993	, merging [ NA ] ne [ Cousinia leptolepis ]
merge-text-error: 525992	, merging [ NA ] ne [ Cousinia lepida ]
merge-text-error: 525991	, merging [ NA ] ne [ Cousinia lasiolepis ]
merge-text-error: 525990	, merging [ NA ] ne [ Cousinia lasiandra ]
merge-text-error: 525989	, merging [ NA ] ne [ Cousinia lanata ]
merge-text-error: 525988	, merging [ NA ] ne [ Cousinia lachnosphaera ]
merge-text-error: 525987	, merging [ NA ] ne [ Arctium korshinskyi ]
merge-text-error: 525986	, merging [ NA ] ne [ Arctium korolkowii ]
merge-text-error: 525984	, merging [ NA ] ne [ Cousinia kokanica ]
merge-text-error: 525983	, merging [ NA ] ne [ Cousinia jassyensis ]
merge-text-error: 525982	, merging [ NA ] ne [ Cousinia intertexta ]
merge-text-error: 525981	, merging [ NA ] ne [ Cousinia incompta ]
merge-text-error: 525980	, merging [ NA ] ne [ Cousinia immitantiformis ]
merge-text-error: 525979	, merging [ NA ] ne [ Cousinia hypoleuca ]
merge-text-error: 525978	, merging [ NA ] ne [ Cousinia heterophylla ]
merge-text-error: 525977	, merging [ NA ] ne [ Cousinia heteroloba ]
merge-text-error: 525976	, merging [ NA ] ne [ Cousinia heliantha ]
merge-text-error: 525975	, merging [ NA ] ne [ Cousinia hastifolia ]
merge-text-error: 525974	, merging [ NA ] ne [ Cousinia harazensis ]
merge-text-error: 525973	, merging [ NA ] ne [ Cousinia greuteri ]
merge-text-error: 525972	, merging [ NA ] ne [ Cousinia gmelini ]
merge-text-error: 525971	, merging [ NA ] ne [ Cousinia gigantolepis ]
merge-text-error: 525970	, merging [ NA ] ne [ Cousinia gaubae ]
merge-text-error: 525969	, merging [ NA ] ne [ Cousinia gatchsaranica ]
merge-text-error: 525968	, merging [ NA ] ne [ Cousinia franchetii ]
merge-text-error: 525967	, merging [ NA ] ne [ Cousinia ferruginea ]
merge-text-error: 525966	, merging [ NA ] ne [ Cousinia eryngioides ]
merge-text-error: 525965	, merging [ NA ] ne [ Cousinia eriophylla ]
merge-text-error: 525964	, merging [ NA ] ne [ Arctium egregium ]
merge-text-error: 525963	, merging [ NA ] ne [ Cousinia ecbatanensis ]
merge-text-error: 525962	, merging [ NA ] ne [ Cousinia dubia ]
merge-text-error: 525961	, merging [ NA ] ne [ Cousinia dolichophylla ]
merge-text-error: 525960	, merging [ NA ] ne [ Cousinia dipterocarpa ]
merge-text-error: 525959	, merging [ NA ] ne [ Cousinia daralaghezica ]
merge-text-error: 525958	, merging [ NA ] ne [ Cousinia cylindracea ]
merge-text-error: 525957	, merging [ NA ] ne [ Cousinia crispa ]
merge-text-error: 525956	, merging [ NA ] ne [ Cousinia crassipes ]
merge-text-error: 525955	, merging [ NA ] ne [ Cousinia concolor ]
merge-text-error: 525954	, merging [ NA ] ne [ Cousinia coerulea ]
merge-text-error: 525953	, merging [ NA ] ne [ Cousinia chrysochlora ]
merge-text-error: 525952	, merging [ NA ] ne [ Cousinia chlorocephala ]
merge-text-error: 525951	, merging [ NA ] ne [ Arctium chloranthum ]
merge-text-error: 525950	, merging [ NA ] ne [ Cousinia chionophila ]
merge-text-error: 525949	, merging [ NA ] ne [ Cousinia chaetocephala ]
merge-text-error: 525948	, merging [ NA ] ne [ Cousinia candolleana ]
merge-text-error: 525947	, merging [ NA ] ne [ Cousinia buphthalmoides ]
merge-text-error: 525946	, merging [ NA ] ne [ Cousinia bungeana ]
merge-text-error: 525945	, merging [ NA ] ne [ Cousinia brachyptera ]
merge-text-error: 525944	, merging [ NA ] ne [ Cousinia botschantzevii ]
merge-text-error: 525943	, merging [ NA ] ne [ Cousinia belangeri ]
merge-text-error: 525942	, merging [ NA ] ne [ Cousinia batalinii ]
merge-text-error: 525941	, merging [ NA ] ne [ Cousinia badghysi ]
merge-text-error: 525940	, merging [ NA ] ne [ Cousinia autranii ]
merge-text-error: 525939	, merging [ NA ] ne [ Cousinia auriculata ]
merge-text-error: 525938	, merging [ NA ] ne [ Cousinia ariana ]
merge-text-error: 525937	, merging [ NA ] ne [ Cousinia arctotidifolia ]
merge-text-error: 525936	, merging [ NA ] ne [ Arctium arctioides ]
merge-text-error: 525935	, merging [ NA ] ne [ Cousinia apiculata ]
merge-text-error: 525934	, merging [ NA ] ne [ Cousinia antonowii ]
merge-text-error: 525933	, merging [ NA ] ne [ Arctium anomalum ]
merge-text-error: 525932	, merging [ NA ] ne [ Arctium amplissimum ]
merge-text-error: 525931	, merging [ NA ] ne [ Cousinia alfredii ]
merge-text-error: 525930	, merging [ NA ] ne [ Cousinia alexeenkoana ]
merge-text-error: 525929	, merging [ NA ] ne [ Cousinia alepideae ]
merge-text-error: 525928	, merging [ NA ] ne [ Cousinia albertoregelia ]
merge-text-error: 525927	, merging [ NA ] ne [ Cousinia adenosticta ]
merge-text-error: 525926	, merging [ NA ] ne [ Arctium abolinii ]
merge-text-error: 525838	, merging [ NA ] ne [ Liparis sp. Tsutsumi L8 ]
merge-text-error: 525716	, merging [ NA ] ne [ Abies hickelii ]
merge-text-error: 525658	, merging [ NA ] ne [ Platydesma spathulata ]
merge-text-error: 525657	, merging [ NA ] ne [ Platydesma rostrata ]
merge-text-error: 525655	, merging [ NA ] ne [ Melicope revoluta ]
merge-text-error: 525654	, merging [ NA ] ne [ Melicope quadrangularis ]
merge-text-error: 525653	, merging [ NA ] ne [ Melicope puberula ]
merge-text-error: 525652	, merging [ NA ] ne [ Melicope polybotrya ]
merge-text-error: 525651	, merging [ NA ] ne [ Melicope paniculata ]
merge-text-error: 525650	, merging [ NA ] ne [ Melicope ovalis ]
merge-text-error: 525649	, merging [ NA ] ne [ Melicope nukuhivensis ]
merge-text-error: 525648	, merging [ NA ] ne [ Melicope lucida ]
merge-text-error: 525647	, merging [ NA ] ne [ Melicope knudsenii ]
merge-text-error: 525646	, merging [ NA ] ne [ Melicope inopinata ]
merge-text-error: 525645	, merging [ NA ] ne [ Melicope hivaoaensis ]
merge-text-error: 525644	, merging [ NA ] ne [ Melicope elliptica ]
merge-text-error: 525643	, merging [ NA ] ne [ Melicope degeneri ]
merge-text-error: 525642	, merging [ NA ] ne [ Melicope clusiifolia ]
merge-text-error: 525528	, merging [ NA ] ne [ Nomocharis meleagrina ]
merge-text-error: 525434	, merging [ NA ] ne [ Euphorbia spinosa ]
merge-text-error: 525382	, merging [ NA ] ne [ Pandanus oblatus ]
merge-text-error: 525241	, merging [ NA ] ne [ Grayia brandegeei ]
merge-text-error: 525239	, merging [ NA ] ne [ Suckleya suckleyana ]
merge-text-error: 525237	, merging [ NA ] ne [ Salsola collina ]
merge-text-error: 525226	, merging [ NA ] ne [ Taraxacum sp. Sojak 726 ]
merge-text-error: 525225	, merging [ NA ] ne [ Taraxacum sp. Sojak 738 ]
merge-text-error: 525224	, merging [ NA ] ne [ Taraxacum sp. Sojak 734 ]
merge-text-error: 525223	, merging [ NA ] ne [ Taraxacum sp. Sojak 725 ]
merge-text-error: 525220	, merging [ NA ] ne [ Ilex x wandoensis ]
merge-text-error: 525002	, merging [ NA ] ne [ Osmanthus racemosus ]
merge-text-error: 525000	, merging [ NA ] ne [ Quercus macranthera ]
merge-text-error: 524998	, merging [ NA ] ne [ Virotia leptophylla ]
merge-text-error: 524996	, merging [ NA ] ne [ Turrillia lutea ]
merge-text-error: 524994	, merging [ NA ] ne [ Strangea linearis ]
merge-text-error: 524992	, merging [ NA ] ne [ Stenocarpus trinervis ]
merge-text-error: 524991	, merging [ NA ] ne [ Sleumerodendron austrocaledonicum ]
merge-text-error: 524989	, merging [ NA ] ne [ Roupala monosperma ]
merge-text-error: 524988	, merging [ NA ] ne [ Persoonia falcata ]
merge-text-error: 524987	, merging [ NA ] ne [ Megahertzia amplexicaulis ]
merge-text-error: 524985	, merging [ NA ] ne [ Kermadecia pronyensis ]
merge-text-error: 524983	, merging [ NA ] ne [ Heliciopsis lobata ]
merge-text-error: 524981	, merging [ NA ] ne [ Hakea dactyloides ]
merge-text-error: 524980	, merging [ NA ] ne [ Hakea archaeoides ]
merge-text-error: 524979	, merging [ NA ] ne [ Finschia chloroxantha ]
merge-text-error: 524977	, merging [ NA ] ne [ Eucarpha deplanchei ]
merge-text-error: 524975	, merging [ NA ] ne [ Banksia heliantha ]
merge-text-error: 524974	, merging [ NA ] ne [ Catalepidia heyana ]
merge-text-error: 524972	, merging [ NA ] ne [ Bleasdalea bleasdalei ]
merge-text-error: 524970	, merging [ NA ] ne [ Beaupreopsis paniculata ]
merge-text-error: 524968	, merging [ NA ] ne [ Acidonia microcarpa ]
merge-text-error: 524874	, merging [ NA ] ne [ Phyllostachys propinqua ]
merge-text-error: 524873	, merging [ NA ] ne [ Brachyscome petrophila ]
merge-text-error: 524435	, merging [ NA ] ne [ Dendrobium tortile ]
merge-text-error: 524434	, merging [ NA ] ne [ Dendrobium senile ]
merge-text-error: 524433	, merging [ NA ] ne [ Dendrobium friedericksianum ]
merge-text-error: 524432	, merging [ NA ] ne [ Dendrobium anosmum ]
merge-text-error: 524431	, merging [ NA ] ne [ Bulbophyllum blepharistes ]
merge-text-error: 524430	, merging [ NA ] ne [ Macaranga sampsonii ]
merge-text-error: 524254	, merging [ NA ] ne [ Linum catharticum ]
merge-text-error: 524249	, merging [ NA ] ne [ Tropidia polystachya ]
merge-text-error: 524248	, merging [ NA ] ne [ Trichocentrum tigrinum ]
merge-text-error: 524247	, merging [ NA ] ne [ Stenoptera sp. Trujillo 389 ]
merge-text-error: 524246	, merging [ NA ] ne [ Sobralia warszewiczii ]
merge-text-error: 524245	, merging [ NA ] ne [ Sobralia crocea ]
merge-text-error: 524244	, merging [ NA ] ne [ Sobralia bouchei ]
merge-text-error: 524243	, merging [ NA ] ne [ Scaphosepalum rapax ]
merge-text-error: 524242	, merging [ NA ] ne [ Pterichis sp. Trujillo 386 ]
merge-text-error: 524241	, merging [ NA ] ne [ Ponthieva sp. Trujillo 332 ]
merge-text-error: 524240	, merging [ NA ] ne [ Paphinia clausula ]
merge-text-error: 524239	, merging [ NA ] ne [ Palmorchis powellii ]
merge-text-error: 524238	, merging [ NA ] ne [ Govenia sodiroi ]
merge-text-error: 524237	, merging [ NA ] ne [ Gomphichis sp. Trujillo 379 ]
merge-text-error: 524236	, merging [ NA ] ne [ Encyclia guatemalensis ]
merge-text-error: 524235	, merging [ NA ] ne [ Elleanthus poiformis ]
merge-text-error: 524234	, merging [ NA ] ne [ Elleanthus oliganthus ]
merge-text-error: 524233	, merging [ NA ] ne [ Elleanthus lancifolius ]
merge-text-error: 524232	, merging [ NA ] ne [ Elleanthus cynarocephalus ]
merge-text-error: 524231	, merging [ NA ] ne [ Elleanthus conifer ]
merge-text-error: 524230	, merging [ NA ] ne [ Elleanthus caricoides ]
merge-text-error: 524229	, merging [ NA ] ne [ Elleanthus aurantiacus ]
merge-text-error: 524228	, merging [ NA ] ne [ Elleanthus ampliflorus ]
merge-text-error: 524227	, merging [ NA ] ne [ Cyclopogon sp. Trujillo 388 ]
merge-text-error: 524226	, merging [ NA ] ne [ Ceratostylis incognita ]
merge-text-error: 524225	, merging [ NA ] ne [ Bulbophyllum scaberulum ]
merge-text-error: 524224	, merging [ NA ] ne [ Baskervilla sp. Whitten 2783 ]
merge-text-error: 524215	, merging [ NA ] ne [ Taraxacum virgineum ]
merge-text-error: 524214	, merging [ NA ] ne [ Taraxacum venustius ]
merge-text-error: 524213	, merging [ NA ] ne [ Taraxacum tenuifolium ]
merge-text-error: 524212	, merging [ NA ] ne [ Taraxacum suave ]
merge-text-error: 524211	, merging [ NA ] ne [ Taraxacum suasorium ]
merge-text-error: 524210	, merging [ NA ] ne [ Taraxacum stupendum ]
merge-text-error: 524209	, merging [ NA ] ne [ Taraxacum sinicum ]
merge-text-error: 524208	, merging [ NA ] ne [ Taraxacum sherriffii ]
merge-text-error: 524207	, merging [ NA ] ne [ Taraxacum sp. LK05/3024 ]
merge-text-error: 524206	, merging [ NA ] ne [ Taraxacum sp. JK 3339 ]
merge-text-error: 524205	, merging [ NA ] ne [ Taraxacum sp. LK05/3076 ]
merge-text-error: 524204	, merging [ NA ] ne [ Taraxacum occultum ]
merge-text-error: 524203	, merging [ NA ] ne [ Taraxacum nobile ]
merge-text-error: 524202	, merging [ NA ] ne [ Taraxacum niveum ]
merge-text-error: 524201	, merging [ NA ] ne [ Taraxacum mongoliforme ]
merge-text-error: 524200	, merging [ NA ] ne [ Taraxacum margaritarium ]
merge-text-error: 524199	, merging [ NA ] ne [ Taraxacum luridum ]
merge-text-error: 524198	, merging [ NA ] ne [ Taraxacum leucanthum ]
merge-text-error: 524197	, merging [ NA ] ne [ Taraxacum inimitabile ]
merge-text-error: 524196	, merging [ NA ] ne [ Taraxacum glaucophyllum ]
merge-text-error: 524195	, merging [ NA ] ne [ Taraxacum formosissimum ]
merge-text-error: 524194	, merging [ NA ] ne [ Taraxacum candidatum ]
merge-text-error: 524193	, merging [ NA ] ne [ Taraxacum armeriifolium ]
merge-text-error: 524192	, merging [ NA ] ne [ Taraxacum album ]
merge-text-error: 524084	, merging [ NA ] ne [ Haemodorum laxum ]
merge-text-error: 524082	, merging [ NA ] ne [ Wachendorfia sp. 31093 ]
merge-text-error: 524081	, merging [ NA ] ne [ Wachendorfia paniculata ]
merge-text-error: 524080	, merging [ NA ] ne [ Wachendorfia multiflora ]
lengths-mismatch: 27 != 123
merge-text-error: <!DOCTYPE h, merging [ <!DOCTYPE html PUBLIC "-//W3C//DTD XHTML 1.1//EN" "http://www.w3.org/TR/xhtml11/DTD/xhtml11.dtd">  ] ne [ <!DOCTYPE html PUBLIC "-//W3C//DTD HTML 4.01//EN" "http://www.w3.org/TR/html4/strict.dtd"> ]
merge-text-error: <h, merging [ <html> ] ne [ <html><head> ]
merge-text-error: <, merging [ <title>NCBI - WWW Error 803 Diagnostic</title> ] ne [ <title>ERROR: The requested URL could not be retrieved</title> ]
merge-text-error: <me, merging [ <meta http-equiv="Content-Type" content="application/xhtml+xml; charset=utf-8" /> ] ne [ <meta http-equiv="Content-Type" content="text/html; charset=utf-8"> ]
merge-text-error: <s, merging [ <style type="text/css"> ] ne [ <style type="text/css"><!--  ]
merge-text-error: margin-bo, merging [ margin-bottom:0; ] ne [ margin-bottom: 0; ]
merge-text-error: fon, merging [ font-size: 80%; ] ne [ font-size: 90%; ]
merge-text-error: _fon, merging [ _font-size: 70%; ] ne [ _font-size: 80%; ]
merge-text-error: margin-lef, merging [ margin-left:1em; ] ne [ margin-left: 7em; ]
merge-text-error: #foo, merging [ #footer span { ] ne [ #footer { ]
merge-text-error: addEven, merging [ addEvent = function(obj, type, fn, b) { ] ne [ addEvent(window, "load", fixlink, false); ]
merge-text-error:       newTex, merging [       newText = "%3E%20REQUEST_URI%3D" + document.REQUEST_URI + "%0D" + ] ne [       newText = newText.replace(/\?/g, "%3F"); ]
merge-text-error:   documen, merging [   document.REQUEST_URI = "/entrez/eutils/esearch.fcgi%3fdb=nucleotide&term=txid359620%255BOrgn%255D%2520AND%2520%2528%25221985%252F01%252F01%2522%255BPDAT%255D%2520%253A%2520%25222009%2522%255BPDAT%255D%2529&retmode=xml&usehistory=n&email=david.winter%2540gmail.com&tool=rentrez"; ] ne [   document.write(p); ]
merge-text-error: href="mail, merging [ href="mailto:info@ncbi.nlm.nih.gov?subject=NCBI%20Web%20site%20error%20803&amp;body=%3E%20Error%3D803%0D%3E%20Server%3D10.6.6.6%0D%3E%20Client%3D10.6.6.6%0D%3E%20Time%3DThursday, 17-Mar-2016 07:49:55 EDT%0D%0D-----%0DPlease%20enter%20comments%20below:%0D%0D">info@ncbi.nlm.nih.gov</a>.  ] ne [ href="mailto:info@ncbi.nlm.nih.gov?subject=NCBI%20Web%20site%20error%20803&amp;body=%3E%20Error%3D803%0D%3E%20Server%3D10.6.6.6%0D%3E%20Client%3D10.6.6.6%0D%3E%20Time%3DThursday, 17-Mar-2016 07:50:31 EDT%0D%0D-----%0DPlease%20enter%20comments%20below:%0D%0D">info@ncbi.nlm.nih.gov</a>.  ]
merge-text-error: <inpu, merging [ <input name="term" size="40" style="margin-left: 1em; border: solid 1px #336699;" id="searchme"/> ] ne [ <input type="submit" value="Go" /> ]
merge-text-error:    <d, merging [    <dt>Error</dt><dd>803</dd> ] ne [    <dt>Time</dt><dd>Thursday, 17-Mar-2016 07:50:31 EDT</dd> ]
merge-text-error: 359618	, merging [ NA ] ne [ Mesembryanthemum rhizophorum ]
merge-text-error: 359614	, merging [ NA ] ne [ Mesembryanthemum pallens ]
merge-text-error: 359613	, merging [ NA ] ne [ Mesembryanthemum englishiae ]
merge-text-error: 359612	, merging [ NA ] ne [ Mesembryanthemum viridiflorum ]
lengths-mismatch: 25 != 123
lengths-mismatch: 24 != 123
merge-text-error: 359604	, merging [ NA ] ne [ Mesembryanthemum baylissii ]
merge-text-error: 359603	, merging [ NA ] ne [ Mesembryanthemum resurgens ]
lengths-mismatch: 24 != 123
merge-text-error: 359600	, merging [ NA ] ne [ Mesembryanthemum oculatum ]
merge-text-error: 359599	, merging [ NA ] ne [ Mesembryanthemum nitidum ]
lengths-mismatch: 24 != 123
lengths-mismatch: 26 != 123
merge-text-error: 359596	, merging [ NA ] ne [ Mesembryanthemum holense ]
merge-text-error: 359595	, merging [ NA ] ne [ Mesembryanthemum grossum ]
merge-text-error: 359594	, merging [ NA ] ne [ Mesembryanthemum gariepense ]
merge-text-error: 359593	, merging [ NA ] ne [ Mesembryanthemum delum ]
lengths-mismatch: 27 != 123
lengths-mismatch: 24 != 123
lengths-mismatch: 26 != 123
lengths-mismatch: 25 != 123
merge-text-error: 359584	, merging [ NA ] ne [ Mesembryanthemum louiseae ]
lengths-mismatch: 24 != 123
merge-text-error: 359582	, merging [ NA ] ne [ Mesembryanthemum inachabense ]
merge-text-error: 359581	, merging [ NA ] ne [ Mesembryanthemum excavatum ]
merge-text-error: 318964	, merging [ Zeugites munroanus ] ne [  ]
lengths-mismatch: 27 != 123
lengths-mismatch: 24 != 123
merge-text-error: 279046	, merging [ Tecticornia undulata ] ne [  ]
merge-text-error: 279045	, merging [ Tecticornia syncarpa ] ne [  ]
merge-text-error: 279044	, merging [ Tecticornia sp. Gunyidi ] ne [ NA ]
merge-text-error: 279043	, merging [ Tecticornia sp. Angelfish Island ] ne [ NA ]
merge-text-error: 279042	, merging [ Tecticornia sp. Yanneri Lake ] ne [ NA ]
merge-text-error: 279041	, merging [ Tecticornia sp. Little Sandy Desert ] ne [ NA ]
merge-text-error: 279039	, merging [ Tecticornia pterygosperma ] ne [  ]
merge-text-error: 279038	, merging [ Tecticornia pruinosa ] ne [  ]
merge-text-error: 279035	, merging [ Tecticornia peltata ] ne [  ]
merge-text-error: 279034	, merging [ Tecticornia lylei ] ne [  ]
merge-text-error: 279032	, merging [ Tecticornia leptoclada ] ne [  ]
merge-text-error: 279031	, merging [ Tecticornia lepidosperma ] ne [  ]
merge-text-error: 279023	, merging [ Tecticornia halocnemoides ] ne [  ]
merge-text-error: 279022	, merging [ Tecticornia flabelliformis ] ne [  ]
merge-text-error: 279021	, merging [ Tecticornia entrichoma ] ne [  ]
merge-text-error: 279020	, merging [ Tecticornia doleiformis ] ne [  ]
merge-text-error: 279019	, merging [ Tecticornia cymbiformis ] ne [  ]
merge-text-error: 279018	, merging [ Tecticornia chartacea ] ne [  ]
merge-text-error: 279017	, merging [ Tecticornia calyptrata ] ne [  ]
merge-text-error: 279016	, merging [ Tecticornia bulbosa ] ne [  ]
merge-text-error: 279015	, merging [ Tecticornia auriculata ] ne [  ]
merge-text-error: 279014	, merging [ Atriplex codonocarpa ] ne [  ]
merge-text-error: 279013	, merging [ Veronica stamatiadae ] ne [  ]
merge-text-error: 278950	, merging [ Clausia aprica ] ne [  ]
merge-text-error: 278949	, merging [ Cladopus doianus ] ne [  ]
merge-text-error: 278839	, merging [ Nicotiana quadrivalvis ] ne [  ]
merge-text-error: 278676	, merging [ Rumex cristatus ] ne [  ]
merge-text-error: 278673	, merging [ Petasites hybridus ] ne [  ]
merge-text-error: 278672	, merging [ Symphytum officinale ] ne [  ]
merge-text-error: 278671	, merging [ Xantolis cambodiana ] ne [  ]
merge-text-error: 278670	, merging [ Vitellariopsis kirkii ] ne [  ]
merge-text-error: 278669	, merging [ Vitellariopsis dispar ] ne [  ]
merge-text-error: 278668	, merging [ Sideroxylon marmulano ] ne [  ]
merge-text-error: 278667	, merging [ Pradosia schomburgkiana ] ne [  ]
merge-text-error: 278666	, merging [ Pouteria gardneriana ] ne [  ]
merge-text-error: 278665	, merging [ Payena acuminata ] ne [  ]
merge-text-error: 278663	, merging [ Magodendron mennyae ] ne [  ]
merge-text-error: 278661	, merging [ Ecclinusa guianensis ] ne [  ]
merge-text-error: 278660	, merging [ Diploknema oligomera ] ne [  ]
merge-text-error: 278659	, merging [ Burckella macropoda ] ne [  ]
merge-text-error: 278658	, merging [ Pycnandra sp. Munzinger 696 ] ne [ NA ]
merge-text-error: 278656	, merging [ Pycnandra schmidii ] ne [  ]
merge-text-error: 278654	, merging [ Zantedeschia hybrid cultivar ] ne [ NA ]
merge-text-error: 278595	, merging [ Mammillaria zephyranthoides ] ne [  ]
merge-text-error: 278594	, merging [ Mammillaria zeilmanniana ] ne [  ]
merge-text-error: 278593	, merging [ Mammillaria zacatecasensis ] ne [  ]
merge-text-error: 278592	, merging [ Mammillaria wrightii ] ne [  ]
merge-text-error: 278591	, merging [ Mammillaria wildii ] ne [  ]
merge-text-error: 278590	, merging [ Mammillaria weingartiana ] ne [  ]
merge-text-error: 278587	, merging [ Mammillaria vetula ] ne [  ]
merge-text-error: 278585	, merging [ Mammillaria thornberi ] ne [  ]
merge-text-error: 278584	, merging [ Mammillaria tezontle ] ne [  ]
merge-text-error: 278583	, merging [ Mammillaria supertexta ] ne [  ]
merge-text-error: 278582	, merging [ Mammillaria stella-de-tacubaya ] ne [  ]
merge-text-error: 278581	, merging [ Mammillaria spinosissima ] ne [  ]
merge-text-error: 278580	, merging [ Mammillaria sphacelata ] ne [  ]
merge-text-error: 278579	, merging [ Mammillaria sinistrohamata ] ne [  ]
merge-text-error: 278578	, merging [ Mammillaria schwarzii ] ne [  ]
merge-text-error: 278577	, merging [ Mammillaria schumannii ] ne [  ]
merge-text-error: 278576	, merging [ Mammillaria rhodantha ] ne [  ]
merge-text-error: 278575	, merging [ Mammillaria rekoi ] ne [  ]
merge-text-error: 278574	, merging [ Mammillaria prolifera ] ne [  ]
merge-text-error: 278573	, merging [ Mammillaria pottsii ] ne [  ]
lengths-mismatch: 24 != 123
merge-text-error: 237868	, merging [ NA ] ne [ Passiflora mooreana ]
merge-text-error: 237867	, merging [ NA ] ne [ Passiflora mixta ]
merge-text-error: 237866	, merging [ NA ] ne [ Passiflora membranacea ]
merge-text-error: 237865	, merging [ NA ] ne [ Passiflora mathewsii ]
merge-text-error: 237864	, merging [ NA ] ne [ Passiflora manicata ]
merge-text-error: 237863	, merging [ NA ] ne [ Passiflora ligularis ]
merge-text-error: 237862	, merging [ NA ] ne [ Passiflora laurifolia ]
merge-text-error: 237861	, merging [ NA ] ne [ Passiflora kawensis ]
merge-text-error: 237860	, merging [ NA ] ne [ Passiflora karwinskii ]
merge-text-error: 237859	, merging [ NA ] ne [ Passiflora kalbreyeri ]
merge-text-error: 237858	, merging [ NA ] ne [ Passiflora jorullensis ]
merge-text-error: 237857	, merging [ NA ] ne [ Passiflora indecora ]
merge-text-error: 237856	, merging [ NA ] ne [ Passiflora hirtiflora ]
merge-text-error: 237855	, merging [ NA ] ne [ Passiflora herbertiana ]
merge-text-error: 237854	, merging [ NA ] ne [ Passiflora hahnii ]
merge-text-error: 237849	, merging [ NA ] ne [ Passiflora exura ]
merge-text-error: 237847	, merging [ NA ] ne [ Passiflora crenata ]
merge-text-error: 237846	, merging [ NA ] ne [ Passiflora crassifolia ]
merge-text-error: 237845	, merging [ NA ] ne [ Passiflora cirrhiflora ]
merge-text-error: 237844	, merging [ NA ] ne [ Passiflora cinnabarina ]
merge-text-error: 237843	, merging [ NA ] ne [ Passiflora cerasina ]
merge-text-error: 237842	, merging [ NA ] ne [ Passiflora candida ]
merge-text-error: 237841	, merging [ NA ] ne [ Passiflora aurantia ]
merge-text-error: 237840	, merging [ NA ] ne [ Passiflora arborea ]
merge-text-error: 237839	, merging [ NA ] ne [ Passiflora antioquiensis ]
merge-text-error: 237838	, merging [ NA ] ne [ Passiflora amoena ]
merge-text-error: 237837	, merging [ NA ] ne [ Passiflora alnifolia ]
merge-text-error: 237836	, merging [ NA ] ne [ Passiflora allantophylla ]
merge-text-error: 237835	, merging [ NA ] ne [ Passiflora aimae ]
merge-text-error: 237834	, merging [ NA ] ne [ Passiflora adenopoda ]
merge-text-error: 237833	, merging [ NA ] ne [ Adenia gummifera ]
merge-text-error: 237654	, merging [ NA ] ne [ Oreobolopsis tepalifera ]
merge-text-error: 237652	, merging [ NA ] ne [ Zameioscirpus atacamensis ]
merge-text-error: 237651	, merging [ NA ] ne [ Zameioscirpus gaimardioides ]
merge-text-error: 237650	, merging [ NA ] ne [ Zameioscirpus muticus ]
merge-text-error: 237648	, merging [ NA ] ne [ Phylloscirpus acaulis ]
merge-text-error: 237646	, merging [ NA ] ne [ Phylloscirpus deserticola ]
merge-text-error: 237596	, merging [ NA ] ne [ Rosa davurica ]
merge-text-error: 237575	, merging [ NA ] ne [ Citrus tangerina ]
merge-text-error: 237574	, merging [ NA ] ne [ Citrus sunki ]
merge-text-error: 237573	, merging [ NA ] ne [ Citrus sulcata ]
merge-text-error: 237572	, merging [ NA ] ne [ Citrus pseudogulgul ]
merge-text-error: 237571	, merging [ NA ] ne [ Citrus platymamma ]
merge-text-error: 237570	, merging [ NA ] ne [ Citrus nippokoreana ]
merge-text-error: 237569	, merging [ NA ] ne [ Citrus leiocarpa ]
merge-text-error: 237568	, merging [ NA ] ne [ Citrus erythrosa ]
merge-text-error: 237567	, merging [ NA ] ne [ Citrus benikoji ]
merge-text-error: 237486	, merging [ NA ] ne [ Antirrhinum sempervirens ]
merge-text-error: 237485	, merging [ NA ] ne [ Antirrhinum microphyllum ]
merge-text-error: 237484	, merging [ NA ] ne [ Antirrhinum lopesianum ]
merge-text-error: 237483	, merging [ NA ] ne [ Antirrhinum latifolium ]
merge-text-error: 237482	, merging [ NA ] ne [ Antirrhinum charidemi ]
merge-text-error: 237481	, merging [ NA ] ne [ Antirrhinum barrelieri ]
merge-text-error: 237480	, merging [ NA ] ne [ Antirrhinum australe ]
merge-text-error: 237460	, merging [ NA ] ne [ Chaenorhinum origanifolium ]
merge-text-error: 237459	, merging [ NA ] ne [ Linaria maroccana ]
merge-text-error: 237253	, merging [ NA ] ne [ Lejeunea sp. Norris 90573 ]
merge-text-error: 236976	, merging [ NA ] ne [ Trapa bispinosa ]
merge-text-error: 236975	, merging [ NA ] ne [ Trapa quadrispinosa ]
merge-text-error: 236974	, merging [ NA ] ne [ Trapa bicornis ]
merge-text-error: 236973	, merging [ NA ] ne [ Trapa incisa ]
merge-text-error: 236972	, merging [ NA ] ne [ Trapa acornis ]
merge-text-error: 236971	, merging [ NA ] ne [ Alternanthera pubiflora ]
merge-text-error: 236970	, merging [ NA ] ne [ Iresine angustifolia ]
merge-text-error: 236969	, merging [ NA ] ne [ Irenella chrysotricha ]
merge-text-error: 236967	, merging [ NA ] ne [ Pleuropetalum darwinii ]
merge-text-error: 236965	, merging [ NA ] ne [ Alternanthera albotomentosa ]
merge-text-error: 236964	, merging [ NA ] ne [ Actinidia arisanensis ]
merge-text-error: 236963	, merging [ NA ] ne [ Frullania monocera ]
merge-text-error: 236733	, merging [ NA ] ne [ Celtis australis ]
merge-text-error: 236732	, merging [ NA ] ne [ Celtis tournefortii ]
merge-text-error: 236731	, merging [ NA ] ne [ Callerya vasta ]
merge-text-error: 236730	, merging [ NA ] ne [ Endosamara racemosa ]
merge-text-error: 236505	, merging [ NA ] ne [ Orophea cf. malayana Hoffmann 11 ]
merge-text-error: 236504	, merging [ NA ] ne [ Alphonsea sp. Kessler 3112 ]
merge-text-error: 236478	, merging [ NA ] ne [ Erythranthe madrensis ]
merge-text-error: 236336	, merging [ NA ] ne [ Verticordia staminosa ]
merge-text-error: 236335	, merging [ NA ] ne [ Verticordia plumosa ]
merge-text-error: 236334	, merging [ NA ] ne [ Verticordia picta ]
merge-text-error: 236333	, merging [ NA ] ne [ Verticordia lindleyi ]
merge-text-error: 236332	, merging [ NA ] ne [ Verticordia grandis ]
merge-text-error: 236331	, merging [ NA ] ne [ Verticordia grandiflora ]
merge-text-error: 236330	, merging [ NA ] ne [ Verticordia endlicheriana ]
merge-text-error: 236329	, merging [ NA ] ne [ Verticordia dichroma ]
merge-text-error: 236328	, merging [ NA ] ne [ Verticordia aurea ]
merge-text-error: 236245	, merging [ NA ] ne [ Allium sp. AL-2003 ]
merge-text-error: 236233	, merging [ NA ] ne [ Darwinia meeboldii ]
merge-text-error: 236232	, merging [ NA ] ne [ Chamelaucium uncinatum ]
merge-text-error: 236231	, merging [ NA ] ne [ Chamelaucium roycei ]
merge-text-error: 236230	, merging [ NA ] ne [ Chamelaucium marchantii ]
merge-text-error: 236229	, merging [ NA ] ne [ Chamelaucium juniperinum ]
merge-text-error: 236228	, merging [ NA ] ne [ Chamelaucium hamatum ]
merge-text-error: 236227	, merging [ NA ] ne [ Chamelaucium griffinii ]
merge-text-error: 236226	, merging [ NA ] ne [ Chamelaucium forrestii ]
merge-text-error: 236224	, merging [ NA ] ne [ Chamelaucium floriferum ]
merge-text-error: 236223	, merging [ NA ] ne [ Chamelaucium erythrochlorum ]
merge-text-error: 236222	, merging [ NA ] ne [ Chamelaucium drummondii ]
merge-text-error: 236221	, merging [ NA ] ne [ Chamelaucium brevifolium ]
merge-text-error: 236220	, merging [ NA ] ne [ Sabatia stellaris ]
merge-text-error: 236219	, merging [ NA ] ne [ Sabatia dodecandra ]
merge-text-error: 236218	, merging [ NA ] ne [ Sabatia campestris ]
merge-text-error: 236200	, merging [ NA ] ne [ Plagiochila semidecurrens ]
merge-text-error: 236199	, merging [ NA ] ne [ Plagiochila sciophila ]
merge-text-error: 236198	, merging [ NA ] ne [ Plagiochila patriciae ]
merge-text-error: 236197	, merging [ NA ] ne [ Plagiochila ovalifolia ]
merge-text-error: 236196	, merging [ NA ] ne [ Plagiochila orbicularis ]
merge-text-error: 236195	, merging [ NA ] ne [ Plagiochila magna ]
merge-text-error: 236194	, merging [ NA ] ne [ Plagiochila integerrima ]
merge-text-error: 236192	, merging [ NA ] ne [ Plagiochila heterophylla ]
merge-text-error: 236191	, merging [ NA ] ne [ Plagiochila hakkodensis ]
merge-text-error: 236190	, merging [ NA ] ne [ Plagiochila ensiformis ]
merge-text-error: 236189	, merging [ NA ] ne [ Plagiochila britannica ]
merge-text-error: 236188	, merging [ NA ] ne [ Plagiochila boryana ]
merge-text-error: 236187	, merging [ NA ] ne [ Plagiochila bantamensis ]
merge-text-error: 236186	, merging [ NA ] ne [ Mirbelia viminalis ]
merge-text-error: 236185	, merging [ NA ] ne [ Mirbelia seorsifolia ]
merge-text-error: 236184	, merging [ NA ] ne [ Mirbelia rhagodioides ]
merge-text-error: 236183	, merging [ NA ] ne [ Mirbelia pungens ]
merge-text-error: 236182	, merging [ NA ] ne [ Mirbelia longifolia ]
merge-text-error: 236181	, merging [ NA ] ne [ Mirbelia baueri ]
merge-text-error: 236180	, merging [ NA ] ne [ Mirbelia ramulosa ]
merge-text-error: 236179	, merging [ NA ] ne [ Chorizema ulotropis ]
merge-text-error: 236178	, merging [ NA ] ne [ Chorizema racemosum ]
merge-text-error: 236177	, merging [ NA ] ne [ Chorizema obtusifolium ]
merge-text-error: 236176	, merging [ NA ] ne [ Chorizema dicksonii ]
merge-text-error: 236175	, merging [ NA ] ne [ Isotropis forrestii ]
merge-text-error: 236174	, merging [ NA ] ne [ Mirbelia sp. MDC9266 ]
merge-text-error: 236173	, merging [ NA ] ne [ Mirbelia sp. AM25 ]
merge-text-error: 236172	, merging [ NA ] ne [ Tuyamaella serratistipa ]
merge-text-error: 236170	, merging [ NA ] ne [ Xylolejeunea grolleana ]
merge-text-error: 236168	, merging [ NA ] ne [ Pycnolejeunea contigua ]
merge-text-error: 236166	, merging [ NA ] ne [ Odontolejeunea lunulata ]
merge-text-error: 236164	, merging [ NA ] ne [ Austrolejeunea hamata ]
merge-text-error: 236162	, merging [ NA ] ne [ Lopholejeunea muelleriana ]
merge-text-error: 236161	, merging [ NA ] ne [ Drepanolejeunea vesiculosa ]
merge-text-error: 236160	, merging [ NA ] ne [ Cheilolejeunea inflexa ]
merge-text-error: 236159	, merging [ NA ] ne [ Cheilolejeunea trifaria ]
merge-text-error: 236158	, merging [ NA ] ne [ Caudalejeunea recurvistipula ]
merge-text-error: 236156	, merging [ NA ] ne [ Austrolejeunea nudipes ]
merge-text-error: 236154	, merging [ NA ] ne [ Archilejeunea planiuscula ]
merge-text-error: 236152	, merging [ NA ] ne [ Aphanolejeunea gracilis ]
merge-text-error: 236150	, merging [ NA ] ne [ Frullania muscicola ]
merge-text-error: 236149	, merging [ NA ] ne [ Frullania davurica ]
merge-text-error: 236148	, merging [ NA ] ne [ Porella japonica ]
merge-text-error: 236147	, merging [ NA ] ne [ Radula okamurana ]
merge-text-error: 236009	, merging [ NA ] ne [ Marsdenia rubicunda ]
merge-text-error: 236008	, merging [ NA ] ne [ Marsdenia megalantha ]
merge-text-error: 236007	, merging [ NA ] ne [ Marsdenia macrophylla ]
merge-text-error: 236006	, merging [ NA ] ne [ Sisyranthus virgatus ]
merge-text-error: 236005	, merging [ NA ] ne [ Sisyranthus trichostomus ]
merge-text-error: 236004	, merging [ NA ] ne [ Riocreuxia torulosa ]
merge-text-error: 236003	, merging [ NA ] ne [ Leptadenia arborea ]
merge-text-error: 236002	, merging [ NA ] ne [ Heterostemma herbertii ]
merge-text-error: 236001	, merging [ NA ] ne [ Heterostemma cuspidatum ]
merge-text-error: 236000	, merging [ NA ] ne [ Heterostemma acuminatum ]
merge-text-error: 235998	, merging [ NA ] ne [ Conomitra linearis ]
merge-text-error: 235914	, merging [ NA ] ne [ Ophiopogon chingii ]
merge-text-error: 235913	, merging [ NA ] ne [ Ophiopogon bodinieri ]
merge-text-error: 235900	, merging [ NA ] ne [ Ranunculus glacialis ]
merge-text-error: 235851	, merging [ NA ] ne [ Polyalthia sp. Ridsdale DV-M1-12314 ]
merge-text-error: 235850	, merging [ NA ] ne [ Monoon cf. longifolium Mols 14 ]
merge-text-error: 235849	, merging [ NA ] ne [ Monoon cf. glabrum Rastini 224 ]
merge-text-error: 235847	, merging [ NA ] ne [ Alphonsea sp. Kessler 3186 ]
merge-text-error: 235846	, merging [ NA ] ne [ Trivalvaria macrophylla ]
merge-text-error: 235844	, merging [ NA ] ne [ Tridimeris hahniana ]
merge-text-error: 235842	, merging [ NA ] ne [ Stenanona panamensis ]
merge-text-error: 235841	, merging [ NA ] ne [ Stenanona costaricensis ]
merge-text-error: 235839	, merging [ NA ] ne [ Stelechocarpus cauliflorus ]
merge-text-error: 235837	, merging [ NA ] ne [ Stelechocarpus burahol ]
merge-text-error: 235835	, merging [ NA ] ne [ Sapranthus viridiflorus ]
merge-text-error: 235834	, merging [ NA ] ne [ Sapranthus microcarpus ]
merge-text-error: 235832	, merging [ NA ] ne [ Sageraea lanceolata ]
merge-text-error: 235830	, merging [ NA ] ne [ Pseuduvaria rugosa ]
merge-text-error: 235829	, merging [ NA ] ne [ Pseuduvaria pamattonis ]
merge-text-error: 235828	, merging [ NA ] ne [ Pseuduvaria coriacea ]
merge-text-error: 235827	, merging [ NA ] ne [ Pseuduvaria brachyantha ]
merge-text-error: 235825	, merging [ NA ] ne [ Pseudoxandra lucida ]
merge-text-error: 235823	, merging [ NA ] ne [ Pseudomalmea diclina ]
merge-text-error: 235821	, merging [ NA ] ne [ Popowia pisocarpa ]
merge-text-error: 235820	, merging [ NA ] ne [ Popowia odoardi ]
merge-text-error: 235819	, merging [ NA ] ne [ Popowia hirta ]
merge-text-error: 235817	, merging [ NA ] ne [ Polyalthia xanthopetala ]
merge-text-error: 235816	, merging [ NA ] ne [ Monoon viride ]
merge-text-error: 235815	, merging [ NA ] ne [ Maasia sumatrana ]
merge-text-error: 235814	, merging [ NA ] ne [ Polyalthia subcordata ]
merge-text-error: 235813	, merging [ NA ] ne [ Huberantha stuhlmannii ]
merge-text-error: 235812	, merging [ NA ] ne [ Polyalthia stenopetala ]
merge-text-error: 235811	, merging [ NA ] ne [ Monoon sclerophyllum ]
merge-text-error: 235810	, merging [ NA ] ne [ Huberantha rumphii ]
merge-text-error: 235809	, merging [ NA ] ne [ Huberantha pendula ]
merge-text-error: 235808	, merging [ NA ] ne [ Polyalthia obliqua ]
merge-text-error: 235807	, merging [ NA ] ne [ Polyalthia longipes ]
merge-text-error: 235806	, merging [ NA ] ne [ Monoon longifolium ]
merge-text-error: 235805	, merging [ NA ] ne [ Marsypopetalum littorale ]
merge-text-error: 235804	, merging [ NA ] ne [ Monoon lateriflorum ]
merge-text-error: 235803	, merging [ NA ] ne [ Maasia glauca ]
merge-text-error: 235802	, merging [ NA ] ne [ Polyalthia flagellaris ]
merge-text-error: 235801	, merging [ NA ] ne [ Maasia discolor ]
merge-text-error: 235800	, merging [ NA ] ne [ Polyalthia debilis ]
merge-text-error: 235799	, merging [ NA ] ne [ Monoon congestum ]
merge-text-error: 235798	, merging [ NA ] ne [ Polyalthia cinnamomea ]
merge-text-error: 235797	, merging [ NA ] ne [ Huberantha cerasoides ]
merge-text-error: 235796	, merging [ NA ] ne [ Polyalthia celebica ]
merge-text-error: 235795	, merging [ NA ] ne [ Polyalthia cauliflora ]
merge-text-error: 235794	, merging [ NA ] ne [ Polyalthia borneensis ]
merge-text-error: 235793	, merging [ NA ] ne [ Platymitra macrocarpa ]
merge-text-error: 235791	, merging [ NA ] ne [ Piptostigma pilosum ]
merge-text-error: 235789	, merging [ NA ] ne [ Phaeanthus splendens ]
merge-text-error: 235788	, merging [ NA ] ne [ Phaeanthus ebracteolatus ]
merge-text-error: 235786	, merging [ NA ] ne [ Petalolophus megalopus ]
merge-text-error: 235784	, merging [ NA ] ne [ Oxandra espintana ]
merge-text-error: 235782	, merging [ NA ] ne [ Orophea polycarpa ]
merge-text-error: 235781	, merging [ NA ] ne [ Orophea myriantha ]
merge-text-error: 235780	, merging [ NA ] ne [ Orophea kerrii ]
merge-text-error: 235779	, merging [ NA ] ne [ Orophea enterocarpa ]
merge-text-error: 235778	, merging [ NA ] ne [ Orophea enneandra ]
merge-text-error: 235777	, merging [ NA ] ne [ Orophea creaghii ]
merge-text-error: 235776	, merging [ NA ] ne [ Orophea celebica ]
merge-text-error: 235775	, merging [ NA ] ne [ Orophea brandisii ]
merge-text-error: 235773	, merging [ NA ] ne [ Onychopetalum periquino ]
merge-text-error: 235771	, merging [ NA ] ne [ Neo-uvaria parallelivenia ]
merge-text-error: 235770	, merging [ NA ] ne [ Neo-uvaria acuminatissima ]
merge-text-error: 235768	, merging [ NA ] ne [ Mosannona vasquezii ]
merge-text-error: 235766	, merging [ NA ] ne [ Monocarpia euneura ]
merge-text-error: 235764	, merging [ NA ] ne [ Mitrephora maingayi ]
merge-text-error: 235763	, merging [ NA ] ne [ Mitrephora polypyrena ]
merge-text-error: 235762	, merging [ NA ] ne [ Mitrephora keithii ]
merge-text-error: 235761	, merging [ NA ] ne [ Mitrephora celebica ]
merge-text-error: 235760	, merging [ NA ] ne [ Mitrephora alba ]
merge-text-error: 235758	, merging [ NA ] ne [ Miliusa velutina ]
merge-text-error: 235757	, merging [ NA ] ne [ Miliusa thorelii ]
merge-text-error: 235755	, merging [ NA ] ne [ Miliusa mollis ]
merge-text-error: 235754	, merging [ NA ] ne [ Miliusa longipes ]
merge-text-error: 235753	, merging [ NA ] ne [ Miliusa lineata ]
merge-text-error: 235752	, merging [ NA ] ne [ Miliusa horsfieldii ]
merge-text-error: 235751	, merging [ NA ] ne [ Miliusa cuneata ]
merge-text-error: 235750	, merging [ NA ] ne [ Miliusa campanulata ]
merge-text-error: 235749	, merging [ NA ] ne [ Miliusa sp. Middleton and Lamxay 269 ]
merge-text-error: 235747	, merging [ NA ] ne [ Mezzettia parviflora ]
merge-text-error: 235745	, merging [ NA ] ne [ Meiogyne sp. Kessler 3219 ]
merge-text-error: 235744	, merging [ NA ] ne [ Meiogyne virgata ]
merge-text-error: 235743	, merging [ NA ] ne [ Meiogyne stenopetala ]
merge-text-error: 235742	, merging [ NA ] ne [ Meiogyne cylindrocarpa ]
merge-text-error: 235740	, merging [ NA ] ne [ Marsypopetalum pallidum ]
merge-text-error: 235738	, merging [ NA ] ne [ Klarobelia megalocarpa ]
merge-text-error: 235736	, merging [ NA ] ne [ Polyalthia longirostris ]
merge-text-error: 235734	, merging [ NA ] ne [ Greenwayodendron suaveolens ]
merge-text-error: 235732	, merging [ NA ] ne [ Meiogyne heteropetala ]
merge-text-error: 235730	, merging [ NA ] ne [ Ephedranthus sp. Chatrou et al. 173 ]
merge-text-error: 235728	, merging [ NA ] ne [ Monoon sp. Ambriansyah et al. 2067 ]
merge-text-error: 235727	, merging [ NA ] ne [ Monoon paradoxum ]
merge-text-error: 235726	, merging [ NA ] ne [ Monoon membranifolium ]
merge-text-error: 235725	, merging [ NA ] ne [ Monoon fuscum ]
merge-text-error: 235723	, merging [ NA ] ne [ Desmopsis schippii ]
merge-text-error: 235722	, merging [ NA ] ne [ Desmopsis microcarpa ]
merge-text-error: 235720	, merging [ NA ] ne [ Cremastosperma microcarpum ]
merge-text-error: 235718	, merging [ NA ] ne [ Pseuduvaria phuyensis ]
merge-text-error: 235716	, merging [ NA ] ne [ Anaxagorea luzonensis ]
merge-text-error: 235715	, merging [ NA ] ne [ Anaxagorea javanica ]
merge-text-error: 235714	, merging [ NA ] ne [ Alphonsea sp. Mols 16 ]
merge-text-error: 235713	, merging [ NA ] ne [ Alphonsea kinabaluensis ]
merge-text-error: 235712	, merging [ NA ] ne [ Alphonsea javanica ]
merge-text-error: 235711	, merging [ NA ] ne [ Alphonsea elliptica ]
merge-text-error: 235710	, merging [ NA ] ne [ Alphonsea boniana ]
merge-text-error: 235657	, merging [ NA ] ne [ Melodorum cf. fruticosum Mols 10 ]
merge-text-error: 235656	, merging [ NA ] ne [ Melodorum cf. fruticosum Mols 2 ]
merge-text-error: 235358	, merging [ NA ] ne [ Gypsophila paniculata ]
merge-text-error: 235357	, merging [ NA ] ne [ Artemisia spiciformis ]
merge-text-error: 235228	, merging [ NA ] ne [ Milligania sp. JCP-2003 ]
merge-text-error: 235226	, merging [ NA ] ne [ Thysanotus sp. Chase 2217 ]
merge-text-error: 235225	, merging [ NA ] ne [ Lomandra sp. Chase 2216 ]
merge-text-error: 235224	, merging [ NA ] ne [ Cordyline sp. Hahn 6932 ]
merge-text-error: 235223	, merging [ NA ] ne [ Peliosanthes sp. Chase 847 ]
merge-text-error: 235218	, merging [ NA ] ne [ Disporum sp. JCP-2003 ]
merge-text-error: 235217	, merging [ NA ] ne [ Wurmbea sp. Goldblatt 9411 ]
merge-text-error: 235216	, merging [ NA ] ne [ Acanthochlamys sp. Chase 842 ]
merge-text-error: 235074	, merging [ NA ] ne [ Maraniona lavinii ]
merge-text-error: 234944	, merging [ NA ] ne [ Iris brevicaulis x Iris fulva ]
merge-text-error: 234927	, merging [ NA ] ne [ Dendrophthoe curvata ]
merge-text-error: 234925	, merging [ NA ] ne [ Misodendrum linearifolium ]
merge-text-error: 234867	, merging [ NA ] ne [ Perideridia pringlei ]
merge-text-error: 234866	, merging [ NA ] ne [ Perideridia oregana ]
merge-text-error: 234865	, merging [ NA ] ne [ Perideridia leptocarpa ]
merge-text-error: 234864	, merging [ NA ] ne [ Perideridia lemmonii ]
merge-text-error: 234862	, merging [ NA ] ne [ Perideridia parishii ]
merge-text-error: 234861	, merging [ NA ] ne [ Perideridia howellii ]
merge-text-error: 234859	, merging [ NA ] ne [ Perideridia erythrorhiza ]
merge-text-error: 234858	, merging [ NA ] ne [ Perideridia californica ]
merge-text-error: 234855	, merging [ NA ] ne [ Perideridia bolanderi ]
merge-text-error: 234854	, merging [ NA ] ne [ Perideridia bacigalupii ]
merge-text-error: 234853	, merging [ NA ] ne [ Perideridia americana ]
merge-text-error: 234795	, merging [ NA ] ne [ Drosera tokaiensis ]
merge-text-error: 234731	, merging [ NA ] ne [ Uncinia triquetra ]
merge-text-error: 234730	, merging [ NA ] ne [ Uncinia riparia ]
merge-text-error: 234729	, merging [ NA ] ne [ Uncinia kingii ]
merge-text-error: 234728	, merging [ NA ] ne [ Uncinia erinacea ]
merge-text-error: 234727	, merging [ NA ] ne [ Uncinia compacta ]
merge-text-error: 234726	, merging [ NA ] ne [ Carex pyrenaica ]
merge-text-error: 234725	, merging [ NA ] ne [ Carex microglochin ]
merge-text-error: 234479	, merging [ NA ] ne [ Kobresia curticeps ]
merge-text-error: 234478	, merging [ NA ] ne [ Kobresia schoenoides ]
merge-text-error: 234477	, merging [ NA ] ne [ Kobresia esenbeckii ]
merge-text-error: 234476	, merging [ NA ] ne [ Carex curvula ]
merge-text-error: 234475	, merging [ NA ] ne [ Schoenoxiphium lanceum ]
merge-text-error: 234474	, merging [ NA ] ne [ Schoenoxiphium lehmannii ]
merge-text-error: 234473	, merging [ NA ] ne [ Schoenoxiphium ecklonii ]
merge-text-error: 234472	, merging [ NA ] ne [ Schoenoxiphium sparteum ]
merge-text-error: 234471	, merging [ NA ] ne [ Carex pulicaris ]
merge-text-error: 234470	, merging [ NA ] ne [ Carex phyllostachys ]
merge-text-error: 234469	, merging [ NA ] ne [ Carex aphylla ]
merge-text-error: 234468	, merging [ NA ] ne [ Carex acicularis ]
merge-text-error: 234467	, merging [ NA ] ne [ Carex echinata ]
merge-text-error: 234466	, merging [ NA ] ne [ Carex arenaria ]
merge-text-error: 234465	, merging [ NA ] ne [ Carex remota ]
merge-text-error: 234464	, merging [ NA ] ne [ Carex nigra ]
merge-text-error: 234463	, merging [ NA ] ne [ Carex collumanthus ]
merge-text-error: 234461	, merging [ NA ] ne [ Carex depauperata ]
merge-text-error: 234460	, merging [ NA ] ne [ Carex nardina ]
merge-text-error: 234458	, merging [ NA ] ne [ Braya linearis ]
merge-text-error: 234457	, merging [ NA ] ne [ Braya longii ]
merge-text-error: 234456	, merging [ NA ] ne [ Braya thorild-wulffii ]
merge-text-error: 234455	, merging [ NA ] ne [ Braya fernaldii ]
merge-text-error: 234454	, merging [ NA ] ne [ Malcolmia africana ]
merge-text-error: 234452	, merging [ NA ] ne [ Juncus dregeanus ]
merge-text-error: 234451	, merging [ NA ] ne [ Begonia sp. Baker 1011 ]
merge-text-error: 234389	, merging [ NA ] ne [ Cornus eydeana ]
merge-text-error: 234388	, merging [ NA ] ne [ Begonia subalpestris ]
merge-text-error: 234387	, merging [ NA ] ne [ Begonia preussii ]
merge-text-error: 234385	, merging [ NA ] ne [ Begonia polygonoides ]
merge-text-error: 234384	, merging [ NA ] ne [ Begonia oxyanthera ]
merge-text-error: 234383	, merging [ NA ] ne [ Begonia nana ]
merge-text-error: 234382	, merging [ NA ] ne [ Begonia marnieri ]
merge-text-error: 234381	, merging [ NA ] ne [ Begonia komoensis ]
merge-text-error: 234380	, merging [ NA ] ne [ Begonia isalensis ]
merge-text-error: 234379	, merging [ NA ] ne [ Begonia homonyma ]
merge-text-error: 234378	, merging [ NA ] ne [ Begonia hirsutula ]
merge-text-error: 234377	, merging [ NA ] ne [ Begonia goudotii ]
merge-text-error: 234376	, merging [ NA ] ne [ Begonia fusialata ]
merge-text-error: 234375	, merging [ NA ] ne [ Begonia furfuracea ]
merge-text-error: 234374	, merging [ NA ] ne [ Begonia eminii ]
merge-text-error: 234373	, merging [ NA ] ne [ Begonia elaeagnifolia ]
merge-text-error: 234372	, merging [ NA ] ne [ Begonia ebolowensis ]
merge-text-error: 234371	, merging [ NA ] ne [ Begonia comorensis ]
merge-text-error: 234370	, merging [ NA ] ne [ Begonia cavallyensis ]
merge-text-error: 234369	, merging [ NA ] ne [ Begonia bonus-henricus ]
merge-text-error: 234368	, merging [ NA ] ne [ Begonia betsimisaraka ]
merge-text-error: 234367	, merging [ NA ] ne [ Begonia baccata ]
merge-text-error: 234366	, merging [ NA ] ne [ Begonia ampla ]
merge-text-error: 234063	, merging [ NA ] ne [ Dendrobium calamiforme ]
merge-text-error: 234062	, merging [ NA ] ne [ Bulbophyllum nutans ]
merge-text-error: 234061	, merging [ NA ] ne [ Liparis habenarina ]
merge-text-error: 234060	, merging [ NA ] ne [ Eria aff. javanica CBG 740854 ]
merge-text-error: 234059	, merging [ NA ] ne [ Dendrobium cunninghamii ]
merge-text-error: 234057	, merging [ NA ] ne [ Bulbophyllum clandestinum ]
merge-text-error: 234055	, merging [ NA ] ne [ Dendrobium baileyi ]
merge-text-error: 234053	, merging [ NA ] ne [ Dendrobium comatum ]
merge-text-error: 234052	, merging [ NA ] ne [ Dendrobium triflorum ]
merge-text-error: 234051	, merging [ NA ] ne [ Dendrobium cymbidioides ]
merge-text-error: 234050	, merging [ NA ] ne [ Dendrobium amplum ]
merge-text-error: 234049	, merging [ NA ] ne [ Drymoanthus flavus ]
merge-text-error: 234047	, merging [ NA ] ne [ Dendrobium ischnopetalum ]
merge-text-error: 234046	, merging [ NA ] ne [ Dendrobium yeageri ]
merge-text-error: 234045	, merging [ NA ] ne [ Dendrobium violaceum ]
merge-text-error: 234044	, merging [ NA ] ne [ Dendrobium victoriae-reginae ]
merge-text-error: 234043	, merging [ NA ] ne [ Dendrobium usterioides ]
merge-text-error: 234042	, merging [ NA ] ne [ Dendrobium truncatum ]
merge-text-error: 234041	, merging [ NA ] ne [ Dendrobium subuliferum ]
merge-text-error: 234040	, merging [ NA ] ne [ Dendrobium stuartii ]
merge-text-error: 234039	, merging [ NA ] ne [ Dendrobium speciosum ]
merge-text-error: 234038	, merging [ NA ] ne [ Dendrobium sophronites ]
merge-text-error: 234037	, merging [ NA ] ne [ Dendrobium smillieae ]
merge-text-error: 234036	, merging [ NA ] ne [ Oxystophyllum sinuatum ]
merge-text-error: 234035	, merging [ NA ] ne [ Dendrobium serratilabium ]
merge-text-error: 234034	, merging [ NA ] ne [ Dendrobium sanguinolentum ]
merge-text-error: 234033	, merging [ NA ] ne [ Dendrobium rhododiodes ]
merge-text-error: 234032	, merging [ NA ] ne [ Dendrobium quadrangulare ]
merge-text-error: 234031	, merging [ NA ] ne [ Dendrobium philippinense ]
merge-text-error: 234030	, merging [ NA ] ne [ Dendrobium papilio ]
merge-text-error: 234029	, merging [ NA ] ne [ Dendrobium nothofagicola ]
merge-text-error: 234028	, merging [ NA ] ne [ Dendrobium nindii ]
merge-text-error: 234026	, merging [ NA ] ne [ Dendrobium mutabile ]
merge-text-error: 234025	, merging [ NA ] ne [ Dendrobium morrisonii ]
merge-text-error: 234024	, merging [ NA ] ne [ Dendrobium mohlianum ]
merge-text-error: 234023	, merging [ NA ] ne [ Dendrobium macrophyllum ]
merge-text-error: 234022	, merging [ NA ] ne [ Dendrobium leonis ]
merge-text-error: 234021	, merging [ NA ] ne [ Dendrobium lawesii ]
merge-text-error: 234020	, merging [ NA ] ne [ Dendrobium lancifolium ]
merge-text-error: 234019	, merging [ NA ] ne [ Dendrobium junceum ]
merge-text-error: 234018	, merging [ NA ] ne [ Dendrobium ionopus ]
merge-text-error: 234017	, merging [ NA ] ne [ Dendrobium inflatum ]
merge-text-error: 234016	, merging [ NA ] ne [ Dendrobium indivisum ]
merge-text-error: 234015	, merging [ NA ] ne [ Oxystophyllum govidjoae ]
merge-text-error: 234014	, merging [ NA ] ne [ Dendrobium goldschmidtianum ]
merge-text-error: 234013	, merging [ NA ] ne [ Dendrobium goldfinchii ]
merge-text-error: 234012	, merging [ NA ] ne [ Dendrobium fulgidum ]
merge-text-error: 234011	, merging [ NA ] ne [ Dendrobium formosum ]
merge-text-error: 234010	, merging [ NA ] ne [ Dendrobium fairchildiae ]
merge-text-error: 178754	, merging [ Acacia mitchellii ] ne [  ]
lengths-mismatch: 55 != 123
merge-text-error: 	fon, merging [ font-family: verdana, sans-serif; ] ne [ font-size: 9px; ]
merge-text-error: #, merging [ #titles { ] ne [ #titles ftpsuccess { ]
merge-text-error: 	padding-lef, merging [ padding-left: 100px; ] ne [ padding-left: 10px; ]
merge-text-error: /* special even, merging [ /* special event: FTP success page titles */ ] ne [ /* special event: FTP / Gopher directory listing */ ]
merge-text-error:     fon, merging [     font-family:sans-serif; ] ne [     font-size: 10pt; ]
merge-text-error: #dirlis, merging [ #dirlisting { ] ne [ #dirlisting td.size { ]
merge-text-error: <p>Your cache adminis, merging [ <p>Your cache administrator is <a href="mailto:support@kew.org?subject=CacheErrorInfo%20-%20ERR_READ_TIMEOUT&amp;body=CacheHost%3A%20kppopx01.ad.kew.org%0D%0AErrPage%3A%20ERR_READ_TIMEOUT%0D%0AErr%3A%20%5Bnone%5D%0D%0ATimeStamp%3A%20Fri,%2018%20Mar%202016%2009%3A27%3A24%20GMT%0D%0A%0D%0AClientIP%3A%2010.152.128.119%0D%0AServerIP%3A%20165.112.7.20%0D%0A%0D%0AHTTP%20Request%3A%0D%0AGET%20%2Fentrez%2Feutils%2Fesearch.fcgi%3Fdb%3Dnucleotide%26term%3Dtxid162896%255BOrgn%255D%2520AND%2520rbcL%255BGene%255D%2520AND%2520%2528%25221985%252F01%252F01%2522%255BPDAT%255D%2520%253A%2520%25222007%2522%255BPDAT%255D%2529%26retmode%3Dxml%26usehistory%3Dn%26email%3Ddavid.winter%2540gmail.com%26tool%3Drentrez%20HTTP%2F1.1%0AUser-Agent%3A%20libcurl%2F7.38.0%20r-curl%2F0.9.6%20httr%2F1.1.0%0D%0AHost%3A%20eutils.ncbi.nlm.nih.gov%0D%0AAccept-Encoding%3A%20gzip,%20deflate%0D%0AProxy-Connection%3A%20Keep-Alive%0D%0ACookie%3A%20ncbi_sid%3D73BE06586E8776E1_0095SID%0D%0AAccept%3A%20application%2Fjson,%20text%2Fxml,%20application%2Fxml,%20*%2F*%0D%0A%0D%0A%0D%0A">support@kew.org</a>.</p> ] ne [ <p>Your cache administrator is <a href="mailto:support@kew.org?subject=CacheErrorInfo%20-%20ERR_READ_TIMEOUT&amp;body=CacheHost%3A%20kppopx01.ad.kew.org%0D%0AErrPage%3A%20ERR_READ_TIMEOUT%0D%0AErr%3A%20%5Bnone%5D%0D%0ATimeStamp%3A%20Fri,%2018%20Mar%202016%2009%3A37%3A27%20GMT%0D%0A%0D%0AClientIP%3A%2010.152.128.198%0D%0AServerIP%3A%20165.112.7.20%0D%0A%0D%0AHTTP%20Request%3A%0D%0AGET%20%2Fentrez%2Feutils%2Fesearch.fcgi%3Fdb%3Dnucleotide%26term%3Dtxid445761%255BOrgn%255D%2520AND%2520rbcL%255BGene%255D%2520AND%2520%2528%25221985%252F01%252F01%2522%255BPDAT%255D%2520%253A%2520%25222004%2522%255BPDAT%255D%2529%26retmode%3Dxml%26usehistory%3Dn%26email%3Ddavid.winter%2540gmail.com%26tool%3Drentrez%20HTTP%2F1.1%0AUser-Agent%3A%20libcurl%2F7.38.0%20r-curl%2F0.9.6%20httr%2F1.1.0%0D%0AHost%3A%20eutils.ncbi.nlm.nih.gov%0D%0AAccept-Encoding%3A%20gzip,%20deflate%0D%0AProxy-Connection%3A%20Keep-Alive%0D%0ACookie%3A%20ncbi_sid%3D73BF36DF6E96C161_0064SID%0D%0AAccept%3A%20application%2Fjson,%20text%2Fxml,%20application%2Fxml,%20*%2F*%0D%0A%0D%0A%0D%0A">support@kew.org</a>.</p> ]
merge-text-error: <p>Genera, merging [ <p>Generated Fri, 18 Mar 2016 09:27:24 GMT by kppopx01.ad.kew.org (squid)</p> ] ne [ <p>Generated Fri, 18 Mar 2016 09:37:27 GMT by kppopx01.ad.kew.org (squid)</p> ]
lengths-mismatch: 26 != 123
merge-text-error: 130122	, merging [ Ferocactus flavovirens ] ne [  ]
lengths-mismatch: 24 != 123
merge-text-error: 50203	, merging [ NA ] ne [ Sonchus hierrensis ]
merge-text-error: 50202	, merging [ NA ] ne [ Sonchus gonzalezpadronii ]
merge-text-error: 50201	, merging [ NA ] ne [ Sonchus gandogeri ]
merge-text-error: 50200	, merging [ NA ] ne [ Sonchus fruticosus ]
merge-text-error: 50199	, merging [ NA ] ne [ Sonchus fauces-orci ]
merge-text-error: 50198	, merging [ NA ] ne [ Sonchus daltonii ]
merge-text-error: 50197	, merging [ NA ] ne [ Sonchus congestus ]
merge-text-error: 50196	, merging [ NA ] ne [ Sonchus canariensis ]
merge-text-error: 50195	, merging [ NA ] ne [ Sonchus brachylobus ]
merge-text-error: 50194	, merging [ NA ] ne [ Sonchus bourgeauii ]
merge-text-error: 50193	, merging [ NA ] ne [ Sonchus asper ]
merge-text-error: 50192	, merging [ NA ] ne [ Sonchus arvensis ]
merge-text-error: 50191	, merging [ NA ] ne [ Sonchus acaulis ]
merge-text-error: 50189	, merging [ NA ] ne [ Torreya nucifera ]
merge-text-error: 50187	, merging [ NA ] ne [ Taiwania cryptomerioides ]
merge-text-error: 50186	, merging [ NA ] ne [ Podocarpus costalis ]
merge-text-error: 50184	, merging [ NA ] ne [ Phyllocladus trichomanoides ]
merge-text-error: 50182	, merging [ NA ] ne [ Juniperus chinensis ]
merge-text-error: 50181	, merging [ NA ] ne [ Dacrycarpus imbricatus ]
merge-text-error: 50179	, merging [ NA ] ne [ Cephalotaxus wilsoniana ]
merge-text-error: 50177	, merging [ NA ] ne [ Araucaria excelsa ]
merge-text-error: 50176	, merging [ NA ] ne [ Amentotaxus formosana ]
merge-text-error: 50174	, merging [ NA ] ne [ Ximenia americana ]
merge-text-error: 50172	, merging [ NA ] ne [ Viscum articulatum ]
merge-text-error: 50171	, merging [ NA ] ne [ Tupeia antarctica ]
merge-text-error: 50169	, merging [ NA ] ne [ Tripodanthus acutifolius ]
merge-text-error: 50167	, merging [ NA ] ne [ Thesium impeditum ]
merge-text-error: 50165	, merging [ NA ] ne [ Tapinanthus quinquangulus ]
merge-text-error: 50163	, merging [ NA ] ne [ Struthanthus oerstedii ]
merge-text-error: 50161	, merging [ NA ] ne [ Psittacanthus angustifolius ]
merge-text-error: 50159	, merging [ NA ] ne [ Phthirusa pyrifolia ]
merge-text-error: 50157	, merging [ NA ] ne [ Oryctanthus occidentalis ]
merge-text-error: 50155	, merging [ NA ] ne [ Ombrophytum subterraneum ]
merge-text-error: 50153	, merging [ NA ] ne [ Olax aphylla ]
merge-text-error: 50151	, merging [ NA ] ne [ Notothixos leiophyllus ]
merge-text-error: 50148	, merging [ NA ] ne [ Monotropa uniflora ]
merge-text-error: 50146	, merging [ NA ] ne [ Minquartia guianensis ]
merge-text-error: 50144	, merging [ NA ] ne [ Lysiana exocarpi ]
merge-text-error: 50142	, merging [ NA ] ne [ Loranthus europaeus ]
merge-text-error: 50140	, merging [ NA ] ne [ Ligaria cuneifolia ]
merge-text-error: 50138	, merging [ NA ] ne [ Langsdorffia hypogaea ]
merge-text-error: 50134	, merging [ NA ] ne [ Korthalsella complanata ]
merge-text-error: 50133	, merging [ NA ] ne [ Hydnora africana ]
merge-text-error: 50128	, merging [ NA ] ne [ Helosis cayennensis ]
merge-text-error: 50126	, merging [ NA ] ne [ Heisteria concinna ]
merge-text-error: 50125	, merging [ NA ] ne [ Diplatia furcata ]
merge-text-error: 50123	, merging [ NA ] ne [ Dendrotrophe varians ]
merge-text-error: 50121	, merging [ NA ] ne [ Corynaea crassa ]
merge-text-error: 50119	, merging [ NA ] ne [ Comandra umbellata ]
merge-text-error: 50117	, merging [ NA ] ne [ Champereia manillana ]
merge-text-error: 50115	, merging [ NA ] ne [ Cansjera leptostachya ]
merge-text-error: 50113	, merging [ NA ] ne [ Alepis flavida ]
merge-text-error: 50111	, merging [ NA ] ne [ Agonandra macrocarpa ]
merge-text-error: 50050	, merging [ NA ] ne [ Onocleopsis hintonii ]
merge-text-error: 50006	, merging [ NA ] ne [ Sarracenia rubra ]
merge-text-error: 50005	, merging [ NA ] ne [ Sarracenia psittacina ]
merge-text-error: 50004	, merging [ NA ] ne [ Sarracenia oreophila ]
merge-text-error: 50003	, merging [ NA ] ne [ Sarracenia minor ]
merge-text-error: 50002	, merging [ NA ] ne [ Sarracenia leucophylla ]
merge-text-error: 50001	, merging [ NA ] ne [ Sarracenia alata ]
merge-text-error: 50000	, merging [ NA ] ne [ Sarracenia alabamensis ]
merge-text-error: 49999	, merging [ NA ] ne [ Hernandia albiflora ]
merge-text-error: 49998	, merging [ NA ] ne [ Heliamphora tatei ]
merge-text-error: 49997	, merging [ NA ] ne [ Heliamphora minor ]
merge-text-error: 49996	, merging [ NA ] ne [ Doryphora aromatica ]
merge-text-error: 49994	, merging [ NA ] ne [ Volkameria inermis ]
merge-text-error: 49993	, merging [ NA ] ne [ Rotheca incisa ]
merge-text-error: 49992	, merging [ NA ] ne [ Thymus vulgaris ]
merge-text-error: 49991	, merging [ NA ] ne [ Thymus alsinoides ]
merge-text-error: 49989	, merging [ NA ] ne [ Satureja thymbra ]
merge-text-error: 49988	, merging [ NA ] ne [ Satureja montana ]
merge-text-error: 49987	, merging [ NA ] ne [ Satureja hortensis ]
merge-text-error: 49984	, merging [ NA ] ne [ Ajuga chamaepitys ]
merge-text-error: 49974	, merging [ NA ] ne [ Blechnum glandulosum ]
merge-text-error: 49967	, merging [ NA ] ne [ Triticum turgidum subsp. durum x Hordeum chilense ]
merge-text-error: 49963	, merging [ NA ] ne [ Gentianella tenella ]
merge-text-error: 49962	, merging [ NA ] ne [ Gentianella nana ]
merge-text-error: 49961	, merging [ NA ] ne [ Gentianella germanica ]
merge-text-error: 49960	, merging [ NA ] ne [ Gentianella anisodonta ]
merge-text-error: 49958	, merging [ NA ] ne [ Gentiana utriculosa ]
input hash size 273/262144 values.
master hash size 106279/262144 values.
starting 2
input hash size 273/262144 values.
master hash size 106437/262144 values.
starting 2

merges	= 136302;
uniques_1	= 273;
uniques_2	= 9382;
