input hash size 82580/131072 values.
master hash size 0 values.
starting 2
merge-text-error: 1573216	, merging [ Heuchera lakelae ] ne [ NA ]
merge-text-error: 1573215	, merging [ Heuchera hallii ] ne [  ]
merge-text-error: 1573212	, merging [ Heuchera glomerulata ] ne [  ]
merge-text-error: 1573211	, merging [ Heuchera eastwoodiae ] ne [  ]
merge-text-error: 1573209	, merging [ Heuchera saxicola ] ne [  ]
merge-text-error: 1573205	, merging [ Heuchera caroliniana ] ne [  ]
merge-text-error: 1573204	, merging [ Heuchera caespitosa ] ne [  ]
merge-text-error: 1573203	, merging [ Heuchera brevistaminea ] ne [  ]
merge-text-error: 1573202	, merging [ Heuchera bracteata ] ne [  ]
merge-text-error: 1573198	, merging [ Heuchera alba ] ne [  ]
merge-text-error: 1573197	, merging [ Heuchera acutifolia ] ne [  ]
merge-text-error: 1573196	, merging [ Heuchera abramsii ] ne [  ]
merge-text-error: 1573166	, merging [ Palaquium stenophyllum ] ne [  ]
merge-text-error: 1573165	, merging [ Mimusops sp. Randrianaivo 583 ] ne [ NA ]
merge-text-error: 1573164	, merging [ Mimusops perrieri ] ne [  ]
merge-text-error: 1573163	, merging [ Mimusops membranacea ] ne [  ]
merge-text-error: 1573162	, merging [ Mimusops lecomtei ] ne [  ]
merge-text-error: 1573161	, merging [ Mimusops kummel ] ne [  ]
merge-text-error: 1573160	, merging [ Mimusops coriacea ] ne [  ]
merge-text-error: 1573159	, merging [ Manilkara zenkeri ] ne [  ]
merge-text-error: 1573158	, merging [ Manilkara welwitschii ] ne [  ]
merge-text-error: 1573157	, merging [ Manilkara vitiensis ] ne [  ]
merge-text-error: 1573156	, merging [ Manilkara udoido ] ne [  ]
merge-text-error: 1573155	, merging [ Manilkara triflora ] ne [  ]
merge-text-error: 1573154	, merging [ Manilkara sulcata ] ne [  ]
merge-text-error: 1573153	, merging [ Manilkara suarezensis ] ne [  ]
merge-text-error: 1573152	, merging [ Manilkara sp. 2 P199701118/SO118 ] ne [ NA ]
merge-text-error: 1573151	, merging [ Manilkara sp. 1 Damon 217 ] ne [ NA ]
merge-text-error: 1573150	, merging [ Manilkara smithiana ] ne [  ]
merge-text-error: 1573149	, merging [ Manilkara sansibarensis ] ne [  ]
merge-text-error: 1573148	, merging [ Manilkara samoensis ] ne [  ]
merge-text-error: 1573147	, merging [ Manilkara sahafarensis ] ne [  ]
merge-text-error: 1573146	, merging [ Manilkara rufula ] ne [  ]
merge-text-error: 1573145	, merging [ Manilkara roxburghiana ] ne [  ]
merge-text-error: 1573144	, merging [ Manilkara pubicarpa ] ne [  ]
merge-text-error: 1573143	, merging [ Manilkara perrieri ] ne [  ]
merge-text-error: 1573142	, merging [ Manilkara pellegriniana ] ne [  ]
merge-text-error: 1573141	, merging [ Manilkara paraensis ] ne [  ]
merge-text-error: 1573140	, merging [ Manilkara napali ] ne [  ]
merge-text-error: 1573139	, merging [ Manilkara multinervis ] ne [  ]
merge-text-error: 1573138	, merging [ Manilkara mabokeensis ] ne [  ]
merge-text-error: 1573137	, merging [ Manilkara lososiana ] ne [  ]
merge-text-error: 1573136	, merging [ Manilkara letouzei ] ne [  ]
merge-text-error: 1573135	, merging [ Manilkara letestui ] ne [ NA ]
merge-text-error: 1573134	, merging [ Manilkara lacera ] ne [  ]
merge-text-error: 1340045	, merging [ Antidesma montanum ] ne [  ]
merge-text-error: 1339356	, merging [ Camellia danzaiensis ] ne [  ]
merge-text-error: 1338535	, merging [ Meehania henryi ] ne [  ]
merge-text-error: 1338475	, merging [ Carduus bourgaeanus ] ne [  ]
merge-text-error: 1338474	, merging [ Leysera leyseroides ] ne [  ]
merge-text-error: 1338473	, merging [ Cirsium pyrenaicum ] ne [  ]
merge-text-error: 1338472	, merging [ Cirsium echinatum ] ne [  ]
merge-text-error: 1338419	, merging [ Artemisia turcomanica ] ne [  ]
merge-text-error: 1338418	, merging [ Artemisia tschernieviana ] ne [  ]
merge-text-error: 1338417	, merging [ Artemisia oliveriana ] ne [  ]
merge-text-error: 1338416	, merging [ Artemisia kopetdaghensis ] ne [  ]
merge-text-error: 1338415	, merging [ Artemisia khorassanica ] ne [  ]
merge-text-error: 1338414	, merging [ Artemisia gypsacea ] ne [  ]
merge-text-error: 1338413	, merging [ Artemisia ciniformis ] ne [  ]
merge-text-error: 1338412	, merging [ Artemisia aucheri ] ne [  ]
merge-text-error: 1338335	, merging [ Wulfenia baldaccii ] ne [  ]
merge-text-error: 1338334	, merging [ Veronica polium ] ne [  ]
merge-text-error: 1338333	, merging [ Veronica minuta ] ne [  ]
merge-text-error: 1338332	, merging [ Veronica microcarpa ] ne [  ]
merge-text-error: 1338331	, merging [ Veronica leiocarpa ] ne [  ]
merge-text-error: 1338330	, merging [ Veronica kurdica ] ne [  ]
merge-text-error: 1338329	, merging [ Veronica fridericae ] ne [  ]
merge-text-error: 1338028	, merging [ Allamanda oenotherifolia ] ne [  ]
merge-text-error: 1337750	, merging [ Ptilimnium texense ] ne [  ]
merge-text-error: 1337749	, merging [ Onobrychis oshnaviyehensis ] ne [  ]
merge-text-error: 1337748	, merging [ Onobrychis meshhedensis ] ne [  ]
merge-text-error: 1337747	, merging [ Onobrychis kuchanensis ] ne [  ]
merge-text-error: 1337405	, merging [ Senecio linearifolius ] ne [  ]
merge-text-error: 1337402	, merging [ Senecio lacustrinus ] ne [  ]
merge-text-error: 1337401	, merging [ Senecio brigalowensis ] ne [  ]
merge-text-error: 1337400	, merging [ Senecio bathurstianus ] ne [  ]
merge-text-error: 1336957	, merging [ Euphorbia acuta ] ne [  ]
merge-text-error: 1336683	, merging [ Helianthemum violaceum ] ne [  ]
merge-text-error: 1336682	, merging [ Helianthemum polygonoides ] ne [  ]
merge-text-error: 1336679	, merging [ Helianthemum hirtum ] ne [  ]
merge-text-error: 1336677	, merging [ Helianthemum cinereum ] ne [  ]
merge-text-error: 1336676	, merging [ Helianthemum asperum ] ne [  ]
merge-text-error: 1336674	, merging [ Helianthemum alypoides ] ne [  ]
merge-text-error: 1336658	, merging [ Thalictrum reticulatum ] ne [  ]
merge-text-error: 1336657	, merging [ Thalictrum amurense ] ne [  ]
merge-text-error: 1336656	, merging [ Zanthoxylum scandens ] ne [  ]
merge-text-error: 1336654	, merging [ Zanthoxylum rhodoxylum ] ne [  ]
merge-text-error: 1336653	, merging [ Zanthoxylum oahuense ] ne [  ]
merge-text-error: 1336652	, merging [ Zanthoxylum nadeaudii ] ne [  ]
merge-text-error: 1336651	, merging [ Zanthoxylum kauaense ] ne [  ]
merge-text-error: 1336650	, merging [ Zanthoxylum hawaiiense ] ne [  ]
merge-text-error: 1336649	, merging [ Zanthoxylum dipetalum ] ne [  ]
merge-text-error: 1336648	, merging [ Platydesma remyi ] ne [  ]
merge-text-error: 1336647	, merging [ Platydesma cornuta ] ne [  ]
merge-text-error: 1336646	, merging [ Melicope wawraeana ] ne [  ]
merge-text-error: 1336645	, merging [ Melicope waialealae ] ne [  ]
merge-text-error: 1336644	, merging [ Melicope volcanica ] ne [  ]
merge-text-error: 1336643	, merging [ Melicope vieillardii ] ne [  ]
merge-text-error: 1336642	, merging [ Melicope vatiana ] ne [  ]
merge-text-error: 1336639	, merging [ Melicope sessilis ] ne [  ]
merge-text-error: 1336638	, merging [ Melicope rotundifolia ] ne [  ]
merge-text-error: 1336637	, merging [ Melicope retusa ] ne [  ]
merge-text-error: 1336636	, merging [ Melicope reflexa ] ne [  ]
merge-text-error: 1336635	, merging [ Melicope radiata ] ne [  ]
merge-text-error: 1336634	, merging [ Melicope ponapensis ] ne [  ]
merge-text-error: 1336633	, merging [ Melicope peduncularis ] ne [  ]
merge-text-error: 1336632	, merging [ Melicope pallida ] ne [  ]
merge-text-error: 1336631	, merging [ Melicope ovata ] ne [  ]
merge-text-error: 1336630	, merging [ Melicope orbicularis ] ne [  ]
merge-text-error: 1336629	, merging [ Melicope oahuensis ] ne [  ]
merge-text-error: 1336628	, merging [ Melicope munroi ] ne [  ]
merge-text-error: 1336627	, merging [ Melicope mucronulata ] ne [  ]
merge-text-error: 1336626	, merging [ Melicope molokaiensis ] ne [  ]
merge-text-error: 1336625	, merging [ Melicope makahae ] ne [  ]
merge-text-error: 1336624	, merging [ Melicope latifolia ] ne [  ]
merge-text-error: 1336623	, merging [ Melicope kavaiensis ] ne [  ]
merge-text-error: 1336622	, merging [ Melicope hosakae ] ne [  ]
merge-text-error: 1336621	, merging [ Melicope hawaiensis ] ne [  ]
merge-text-error: 1336620	, merging [ Melicope haupuensis ] ne [  ]
merge-text-error: 1336619	, merging [ Melicope haleakalae ] ne [  ]
merge-text-error: 1336618	, merging [ Melicope feddei ] ne [  ]
merge-text-error: 1336617	, merging [ Melicope cruciata ] ne [  ]
merge-text-error: 1336616	, merging [ Melicope christophersenii ] ne [  ]
merge-text-error: 1336615	, merging [ Melicope barbigera ] ne [  ]
merge-text-error: 1336614	, merging [ Melicope balloui ] ne [  ]
merge-text-error: 1336613	, merging [ Melicope anisata ] ne [  ]
merge-text-error: 1336612	, merging [ Melicope adscendens ] ne [  ]
lengths-mismatch: 52 != 123
lengths-mismatch: 21 != 123
lengths-mismatch: 22 != 123
merge-text-error: 1127077	, merging [ NA ] ne [ Malvaviscus palmanus ]
merge-text-error: 1127076	, merging [ NA ] ne [ Malachra fasciata ]
merge-text-error: 1127075	, merging [ NA ] ne [ Lysiloma auritum ]
merge-text-error: 1127074	, merging [ NA ] ne [ Luehea speciosa ]
merge-text-error: 1127073	, merging [ NA ] ne [ Luehea candida ]
merge-text-error: 1127062	, merging [ NA ] ne [ Ludwigia nervosa ]
lengths-mismatch: 81 != 123
lengths-mismatch: 52 != 123
lengths-mismatch: 82 != 123
lengths-mismatch: 51 != 123
lengths-mismatch: 22 != 123
merge-text-error: 980240	, merging [ Fadogia homblei ] ne [  ]
merge-text-error: 980117	, merging [ Dithyrea californica ] ne [  ]
merge-text-error: 980028	, merging [ Bidens wiebkei ] ne [  ]
merge-text-error: 980027	, merging [ Bidens valida ] ne [  ]
merge-text-error: 980026	, merging [ Bidens torta ] ne [  ]
merge-text-error: 980023	, merging [ Bidens molokaiensis ] ne [  ]
merge-text-error: 980019	, merging [ Bidens micrantha ] ne [  ]
merge-text-error: 980016	, merging [ Bidens menziesii ] ne [  ]
merge-text-error: 980015	, merging [ Bidens macrocarpa ] ne [  ]
merge-text-error: 980011	, merging [ Bidens hawaiensis ] ne [  ]
merge-text-error: 980008	, merging [ Bidens forbesii ] ne [  ]
merge-text-error: 980007	, merging [ Bidens cervicata ] ne [  ]
merge-text-error: 980004	, merging [ Bidens campylotheca ] ne [  ]
merge-text-error: 980003	, merging [ Bidens asymmetrica ] ne [  ]
merge-text-error: 980002	, merging [ Bidens amplectens ] ne [  ]
merge-text-error: 980001	, merging [ Bidens menziesii subsp. filiformis x Bidens micrantha subsp. ctenophyla ] ne [ NA ]
merge-text-error: 979729	, merging [ Cinnamomum glaucescens ] ne [  ]
merge-text-error: 979728	, merging [ Philadelphus schrenkii ] ne [  ]
merge-text-error: 979727	, merging [ Deutzia parviflora ] ne [  ]
merge-text-error: 979637	, merging [ Jackiopsis ornata ] ne [  ]
merge-text-error: 979635	, merging [ Glionnetia sericea ] ne [  ]
lengths-mismatch: 19 != 123
merge-text-error: 653066	, merging [ NA ] ne [ Bauhinia natalensis ]
merge-text-error: 653065	, merging [ NA ] ne [ Bauhinia morondavensis ]
merge-text-error: 653064	, merging [ NA ] ne [ Bauhinia monandra ]
merge-text-error: 653063	, merging [ NA ] ne [ Bauhinia mollis ]
merge-text-error: 653061	, merging [ NA ] ne [ Bauhinia longicuspis ]
merge-text-error: 653060	, merging [ NA ] ne [ Bauhinia kalantha ]
merge-text-error: 653059	, merging [ NA ] ne [ Bauhinia hymenaeifolia ]
merge-text-error: 653058	, merging [ NA ] ne [ Bauhinia hildebrandtii ]
merge-text-error: 653057	, merging [ NA ] ne [ Bauhinia grevei ]
merge-text-error: 653056	, merging [ NA ] ne [ Bauhinia grandidieri ]
merge-text-error: 653055	, merging [ NA ] ne [ Bauhinia dipetala ]
merge-text-error: 653054	, merging [ NA ] ne [ Bauhinia corniculata ]
merge-text-error: 653053	, merging [ NA ] ne [ Bauhinia chapulhuacania ]
merge-text-error: 653052	, merging [ NA ] ne [ Bauhinia brevicalyx ]
merge-text-error: 653049	, merging [ NA ] ne [ Bauhinia binata ]
merge-text-error: 653048	, merging [ NA ] ne [ Bauhinia aculeata ]
merge-text-error: 653047	, merging [ NA ] ne [ Bauhinia acreana ]
merge-text-error: 652977	, merging [ NA ] ne [ Cuscuta jepsonii ]
merge-text-error: 652976	, merging [ NA ] ne [ Elaeagnus macrantha ]
merge-text-error: 652667	, merging [ NA ] ne [ Nepenthes kampotiana ]
merge-text-error: 652666	, merging [ NA ] ne [ Nepenthes smilesii ]
merge-text-error: 652640	, merging [ NA ] ne [ Onosma stellulata ]
merge-text-error: 652639	, merging [ NA ] ne [ Lithospermum trinervium ]
merge-text-error: 652637	, merging [ NA ] ne [ Lithospermum strictum ]
merge-text-error: 652636	, merging [ NA ] ne [ Lithospermum revolutum ]
merge-text-error: 652635	, merging [ NA ] ne [ Lithospermum obovatum ]
merge-text-error: 652634	, merging [ NA ] ne [ Lithospermum notatum ]
merge-text-error: 652633	, merging [ NA ] ne [ Lithospermum nelsonii ]
merge-text-error: 652632	, merging [ NA ] ne [ Lithospermum molle ]
merge-text-error: 652631	, merging [ NA ] ne [ Lithospermum leonotis ]
merge-text-error: 652630	, merging [ NA ] ne [ Lithospermum johnstonii ]
merge-text-error: 652629	, merging [ NA ] ne [ Lithospermum helleri ]
merge-text-error: 652628	, merging [ NA ] ne [ Lithospermum longiflorum ]
merge-text-error: 652506	, merging [ NA ] ne [ Weinmannia sp. Lewis 2789 ]
merge-text-error: 652505	, merging [ NA ] ne [ Terminalia complanata ]
merge-text-error: 652504	, merging [ NA ] ne [ Syzygium longipes ]
merge-text-error: 652503	, merging [ NA ] ne [ Syzygium furfuraceum ]
merge-text-error: 652502	, merging [ NA ] ne [ Planchonella ripicola ]
merge-text-error: 652501	, merging [ NA ] ne [ Monoon oblongifolium ]
merge-text-error: 652500	, merging [ NA ] ne [ Myristica globosa ]
merge-text-error: 652499	, merging [ NA ] ne [ Myristica fatua ]
merge-text-error: 652498	, merging [ NA ] ne [ Litsea timoriana ]
merge-text-error: 652497	, merging [ NA ] ne [ Litsea collina ]
merge-text-error: 652496	, merging [ NA ] ne [ Horsfieldia hellwigii ]
merge-text-error: 652495	, merging [ NA ] ne [ Horsfieldia basifissa ]
merge-text-error: 652494	, merging [ NA ] ne [ Harpullia longipetala ]
merge-text-error: 652493	, merging [ NA ] ne [ Elaeocarpus undulatus ]
merge-text-error: 652492	, merging [ NA ] ne [ Cypripedium micranthum ]
merge-text-error: 652491	, merging [ NA ] ne [ Cryptocarya caloneura ]
merge-text-error: 652490	, merging [ NA ] ne [ Carex lamprocarpa ]
merge-text-error: 652489	, merging [ NA ] ne [ Canarium oleosum ]
merge-text-error: 652460	, merging [ NA ] ne [ Viola catalonica ]
merge-text-error: 652459	, merging [ NA ] ne [ Ruppia sp. YI00824 ]
merge-text-error: 652458	, merging [ NA ] ne [ Ruppia tuberosa ]
merge-text-error: 578533	, merging [ Bucida buceras ] ne [ Terminalia buceras ]
lengths-mismatch: 22 != 123
lengths-mismatch: 52 != 123
merge-text-error: 318964	, merging [ Zeugites munroanus ] ne [  ]
merge-text-error: 279046	, merging [ NA ] ne [ Tecticornia undulata ]
merge-text-error: 279045	, merging [ NA ] ne [ Tecticornia syncarpa ]
merge-text-error: 279039	, merging [ NA ] ne [ Tecticornia pterygosperma ]
merge-text-error: 279038	, merging [ NA ] ne [ Tecticornia pruinosa ]
merge-text-error: 279035	, merging [ NA ] ne [ Tecticornia peltata ]
merge-text-error: 279034	, merging [ NA ] ne [ Tecticornia lylei ]
merge-text-error: 279032	, merging [ NA ] ne [ Tecticornia leptoclada ]
merge-text-error: 279031	, merging [ NA ] ne [ Tecticornia lepidosperma ]
merge-text-error: 279023	, merging [ NA ] ne [ Tecticornia halocnemoides ]
merge-text-error: 279022	, merging [ NA ] ne [ Tecticornia flabelliformis ]
merge-text-error: 279021	, merging [ NA ] ne [ Tecticornia entrichoma ]
merge-text-error: 279020	, merging [ NA ] ne [ Tecticornia doleiformis ]
merge-text-error: 279019	, merging [ NA ] ne [ Tecticornia cymbiformis ]
merge-text-error: 279018	, merging [ NA ] ne [ Tecticornia chartacea ]
merge-text-error: 279017	, merging [ NA ] ne [ Tecticornia calyptrata ]
merge-text-error: 279016	, merging [ NA ] ne [ Tecticornia bulbosa ]
merge-text-error: 279015	, merging [ NA ] ne [ Tecticornia auriculata ]
merge-text-error: 279014	, merging [ NA ] ne [ Atriplex codonocarpa ]
merge-text-error: 279013	, merging [ NA ] ne [ Veronica stamatiadae ]
merge-text-error: 278950	, merging [ NA ] ne [ Clausia aprica ]
merge-text-error: 278949	, merging [ NA ] ne [ Cladopus doianus ]
merge-text-error: 278839	, merging [ NA ] ne [ Nicotiana quadrivalvis ]
merge-text-error: 278676	, merging [ NA ] ne [ Rumex cristatus ]
merge-text-error: 278673	, merging [ NA ] ne [ Petasites hybridus ]
merge-text-error: 278672	, merging [ NA ] ne [ Symphytum officinale ]
merge-text-error: 278671	, merging [ NA ] ne [ Xantolis cambodiana ]
merge-text-error: 278670	, merging [ NA ] ne [ Vitellariopsis kirkii ]
merge-text-error: 278669	, merging [ NA ] ne [ Vitellariopsis dispar ]
merge-text-error: 278668	, merging [ NA ] ne [ Sideroxylon marmulano ]
merge-text-error: 278667	, merging [ NA ] ne [ Pradosia schomburgkiana ]
merge-text-error: 278666	, merging [ NA ] ne [ Pouteria gardneriana ]
merge-text-error: 278665	, merging [ NA ] ne [ Payena acuminata ]
merge-text-error: 278663	, merging [ NA ] ne [ Magodendron mennyae ]
merge-text-error: 278661	, merging [ NA ] ne [ Ecclinusa guianensis ]
merge-text-error: 278660	, merging [ NA ] ne [ Diploknema oligomera ]
merge-text-error: 278659	, merging [ NA ] ne [ Burckella macropoda ]
merge-text-error: 278656	, merging [ NA ] ne [ Pycnandra schmidii ]
merge-text-error: 278595	, merging [ NA ] ne [ Mammillaria zephyranthoides ]
merge-text-error: 278594	, merging [ NA ] ne [ Mammillaria zeilmanniana ]
merge-text-error: 278593	, merging [ NA ] ne [ Mammillaria zacatecasensis ]
merge-text-error: 278592	, merging [ NA ] ne [ Mammillaria wrightii ]
merge-text-error: 278591	, merging [ NA ] ne [ Mammillaria wildii ]
merge-text-error: 278590	, merging [ NA ] ne [ Mammillaria weingartiana ]
merge-text-error: 278587	, merging [ NA ] ne [ Mammillaria vetula ]
merge-text-error: 278585	, merging [ NA ] ne [ Mammillaria thornberi ]
merge-text-error: 278584	, merging [ NA ] ne [ Mammillaria tezontle ]
merge-text-error: 278583	, merging [ NA ] ne [ Mammillaria supertexta ]
merge-text-error: 278582	, merging [ NA ] ne [ Mammillaria stella-de-tacubaya ]
merge-text-error: 278581	, merging [ NA ] ne [ Mammillaria spinosissima ]
merge-text-error: 278580	, merging [ NA ] ne [ Mammillaria sphacelata ]
merge-text-error: 278579	, merging [ NA ] ne [ Mammillaria sinistrohamata ]
merge-text-error: 278578	, merging [ NA ] ne [ Mammillaria schwarzii ]
merge-text-error: 278577	, merging [ NA ] ne [ Mammillaria schumannii ]
merge-text-error: 278576	, merging [ NA ] ne [ Mammillaria rhodantha ]
merge-text-error: 278575	, merging [ NA ] ne [ Mammillaria rekoi ]
merge-text-error: 278574	, merging [ NA ] ne [ Mammillaria prolifera ]
merge-text-error: 278573	, merging [ NA ] ne [ Mammillaria pottsii ]
merge-text-error: 178754	, merging [ Acacia mitchellii ] ne [  ]
merge-text-error: 130122	, merging [ NA ] ne [ Ferocactus flavovirens ]
input hash size 227/131072 values.
master hash size 106127/262144 values.
starting 2
input hash size 227/131072 values.
master hash size 106264/262144 values.
starting 2

merges	= 130465;
uniques_1	= 227;
uniques_2	= 9002;
