input hash size 106426/262144 values.
master hash size 0 values.
starting 2
lengths-mismatch: 28 != 123
merge-text-error: 1573216	, merging [ Heuchera lakelae ] ne [  ]
merge-text-error: 1573215	, merging [ Heuchera hallii ] ne [  ]
merge-text-error: 1573212	, merging [ Heuchera glomerulata ] ne [  ]
merge-text-error: 1573211	, merging [ Heuchera eastwoodiae ] ne [  ]
merge-text-error: 1573209	, merging [ Heuchera saxicola ] ne [  ]
merge-text-error: 1573205	, merging [ Heuchera caroliniana ] ne [  ]
merge-text-error: 1573204	, merging [ Heuchera caespitosa ] ne [  ]
merge-text-error: 1573203	, merging [ Heuchera brevistaminea ] ne [  ]
merge-text-error: 1573202	, merging [ Heuchera bracteata ] ne [  ]
merge-text-error: 1573198	, merging [ Heuchera alba ] ne [  ]
merge-text-error: 1573197	, merging [ Heuchera acutifolia ] ne [  ]
merge-text-error: 1573196	, merging [ Heuchera abramsii ] ne [  ]
merge-text-error: 1573166	, merging [ Palaquium stenophyllum ] ne [  ]
merge-text-error: 1573165	, merging [ Mimusops sp. Randrianaivo 583 ] ne [  ]
merge-text-error: 1573164	, merging [ Mimusops perrieri ] ne [  ]
merge-text-error: 1573163	, merging [ Mimusops membranacea ] ne [  ]
merge-text-error: 1573162	, merging [ Mimusops lecomtei ] ne [  ]
merge-text-error: 1573161	, merging [ Mimusops kummel ] ne [  ]
merge-text-error: 1573160	, merging [ Mimusops coriacea ] ne [  ]
merge-text-error: 1573159	, merging [ Manilkara zenkeri ] ne [  ]
merge-text-error: 1573158	, merging [ Manilkara welwitschii ] ne [  ]
merge-text-error: 1573157	, merging [ Manilkara vitiensis ] ne [  ]
merge-text-error: 1573156	, merging [ Manilkara udoido ] ne [  ]
merge-text-error: 1573155	, merging [ Manilkara triflora ] ne [  ]
merge-text-error: 1573154	, merging [ Manilkara sulcata ] ne [  ]
merge-text-error: 1573153	, merging [ Manilkara suarezensis ] ne [  ]
merge-text-error: 1573152	, merging [ Manilkara sp. 2 P199701118/SO118 ] ne [  ]
merge-text-error: 1573151	, merging [ Manilkara sp. 1 Damon 217 ] ne [  ]
merge-text-error: 1573150	, merging [ Manilkara smithiana ] ne [  ]
merge-text-error: 1573149	, merging [ Manilkara sansibarensis ] ne [  ]
merge-text-error: 1573148	, merging [ Manilkara samoensis ] ne [  ]
merge-text-error: 1573147	, merging [ Manilkara sahafarensis ] ne [  ]
merge-text-error: 1573146	, merging [ Manilkara rufula ] ne [  ]
merge-text-error: 1573145	, merging [ Manilkara roxburghiana ] ne [  ]
merge-text-error: 1573144	, merging [ Manilkara pubicarpa ] ne [  ]
merge-text-error: 1573143	, merging [ Manilkara perrieri ] ne [  ]
merge-text-error: 1573142	, merging [ Manilkara pellegriniana ] ne [  ]
merge-text-error: 1573141	, merging [ Manilkara paraensis ] ne [  ]
merge-text-error: 1573140	, merging [ Manilkara napali ] ne [  ]
merge-text-error: 1573139	, merging [ Manilkara multinervis ] ne [  ]
merge-text-error: 1573138	, merging [ Manilkara mabokeensis ] ne [  ]
merge-text-error: 1573137	, merging [ Manilkara lososiana ] ne [  ]
merge-text-error: 1573136	, merging [ Manilkara letouzei ] ne [  ]
merge-text-error: 1573135	, merging [ Manilkara letestui ] ne [  ]
merge-text-error: 1573134	, merging [ Manilkara lacera ] ne [  ]
merge-text-error: 1440580	, merging [ Peyritschia koelerioides ] ne [  ]
merge-text-error: 1340045	, merging [ Antidesma montanum ] ne [  ]
merge-text-error: 1339356	, merging [ Camellia danzaiensis ] ne [  ]
merge-text-error: 1338535	, merging [ Meehania henryi ] ne [  ]
merge-text-error: 1338475	, merging [ Carduus bourgaeanus ] ne [  ]
merge-text-error: 1338474	, merging [ Leysera leyseroides ] ne [  ]
merge-text-error: 1338473	, merging [ Cirsium pyrenaicum ] ne [  ]
merge-text-error: 1338472	, merging [ Cirsium echinatum ] ne [  ]
merge-text-error: 1338419	, merging [ Artemisia turcomanica ] ne [  ]
merge-text-error: 1338418	, merging [ Artemisia tschernieviana ] ne [  ]
merge-text-error: 1338417	, merging [ Artemisia oliveriana ] ne [  ]
merge-text-error: 1338416	, merging [ Artemisia kopetdaghensis ] ne [  ]
merge-text-error: 1338415	, merging [ Artemisia khorassanica ] ne [  ]
merge-text-error: 1338414	, merging [ Artemisia gypsacea ] ne [  ]
merge-text-error: 1338413	, merging [ Artemisia ciniformis ] ne [  ]
merge-text-error: 1338412	, merging [ Artemisia aucheri ] ne [  ]
merge-text-error: 1338335	, merging [ Wulfenia baldaccii ] ne [  ]
merge-text-error: 1338334	, merging [ Veronica polium ] ne [  ]
merge-text-error: 1338333	, merging [ Veronica minuta ] ne [  ]
merge-text-error: 1338332	, merging [ Veronica microcarpa ] ne [  ]
merge-text-error: 1338331	, merging [ Veronica leiocarpa ] ne [  ]
merge-text-error: 1338330	, merging [ Veronica kurdica ] ne [  ]
merge-text-error: 1338329	, merging [ Veronica fridericae ] ne [  ]
merge-text-error: 1338028	, merging [ Allamanda oenotherifolia ] ne [  ]
merge-text-error: 1337750	, merging [ Ptilimnium texense ] ne [  ]
merge-text-error: 1337749	, merging [ Onobrychis oshnaviyehensis ] ne [  ]
merge-text-error: 1337748	, merging [ Onobrychis meshhedensis ] ne [  ]
merge-text-error: 1337747	, merging [ Onobrychis kuchanensis ] ne [  ]
merge-text-error: 1337405	, merging [ Senecio linearifolius ] ne [  ]
merge-text-error: 1337402	, merging [ Senecio lacustrinus ] ne [  ]
merge-text-error: 1337401	, merging [ Senecio brigalowensis ] ne [  ]
merge-text-error: 1337400	, merging [ Senecio bathurstianus ] ne [  ]
merge-text-error: 1336957	, merging [ Euphorbia acuta ] ne [  ]
merge-text-error: 1336683	, merging [ Helianthemum violaceum ] ne [  ]
merge-text-error: 1336682	, merging [ Helianthemum polygonoides ] ne [  ]
merge-text-error: 1336679	, merging [ Helianthemum hirtum ] ne [  ]
merge-text-error: 1336677	, merging [ Helianthemum cinereum ] ne [  ]
merge-text-error: 1336676	, merging [ Helianthemum asperum ] ne [  ]
merge-text-error: 1336674	, merging [ Helianthemum alypoides ] ne [  ]
merge-text-error: 1336658	, merging [ Thalictrum reticulatum ] ne [  ]
merge-text-error: 1336657	, merging [ Thalictrum amurense ] ne [  ]
merge-text-error: 1336656	, merging [ Zanthoxylum scandens ] ne [  ]
merge-text-error: 1336654	, merging [ Zanthoxylum rhodoxylum ] ne [  ]
merge-text-error: 1336653	, merging [ Zanthoxylum oahuense ] ne [  ]
merge-text-error: 1336652	, merging [ Zanthoxylum nadeaudii ] ne [  ]
merge-text-error: 1336651	, merging [ Zanthoxylum kauaense ] ne [  ]
merge-text-error: 1336650	, merging [ Zanthoxylum hawaiiense ] ne [  ]
merge-text-error: 1336649	, merging [ Zanthoxylum dipetalum ] ne [  ]
merge-text-error: 1336648	, merging [ Platydesma remyi ] ne [  ]
merge-text-error: 1336647	, merging [ Platydesma cornuta ] ne [  ]
merge-text-error: 1336646	, merging [ Melicope wawraeana ] ne [  ]
merge-text-error: 1336645	, merging [ Melicope waialealae ] ne [  ]
merge-text-error: 1336644	, merging [ Melicope volcanica ] ne [  ]
merge-text-error: 1336643	, merging [ Melicope vieillardii ] ne [  ]
merge-text-error: 1336642	, merging [ Melicope vatiana ] ne [  ]
merge-text-error: 1336639	, merging [ Melicope sessilis ] ne [  ]
merge-text-error: 1336638	, merging [ Melicope rotundifolia ] ne [  ]
merge-text-error: 1336637	, merging [ Melicope retusa ] ne [  ]
merge-text-error: 1336636	, merging [ Melicope reflexa ] ne [  ]
merge-text-error: 1336635	, merging [ Melicope radiata ] ne [  ]
merge-text-error: 1336634	, merging [ Melicope ponapensis ] ne [  ]
merge-text-error: 1336633	, merging [ Melicope peduncularis ] ne [  ]
merge-text-error: 1336632	, merging [ Melicope pallida ] ne [  ]
merge-text-error: 1336631	, merging [ Melicope ovata ] ne [  ]
merge-text-error: 1336630	, merging [ Melicope orbicularis ] ne [  ]
merge-text-error: 1336629	, merging [ Melicope oahuensis ] ne [  ]
merge-text-error: 1336628	, merging [ Melicope munroi ] ne [  ]
merge-text-error: 1336627	, merging [ Melicope mucronulata ] ne [  ]
merge-text-error: 1336626	, merging [ Melicope molokaiensis ] ne [  ]
merge-text-error: 1336625	, merging [ Melicope makahae ] ne [  ]
merge-text-error: 1336624	, merging [ Melicope latifolia ] ne [  ]
merge-text-error: 1336623	, merging [ Melicope kavaiensis ] ne [  ]
merge-text-error: 1336622	, merging [ Melicope hosakae ] ne [  ]
merge-text-error: 1336621	, merging [ Melicope hawaiensis ] ne [  ]
merge-text-error: 1336620	, merging [ Melicope haupuensis ] ne [  ]
merge-text-error: 1336619	, merging [ Melicope haleakalae ] ne [  ]
merge-text-error: 1336618	, merging [ Melicope feddei ] ne [  ]
merge-text-error: 1336617	, merging [ Melicope cruciata ] ne [  ]
merge-text-error: 1336616	, merging [ Melicope christophersenii ] ne [  ]
merge-text-error: 1336615	, merging [ Melicope barbigera ] ne [  ]
merge-text-error: 1336614	, merging [ Melicope balloui ] ne [  ]
merge-text-error: 1336613	, merging [ Melicope anisata ] ne [  ]
merge-text-error: 1336612	, merging [ Melicope adscendens ] ne [  ]
lengths-mismatch: 8 != 123
merge-text-error: 1217486	, merging [ NA ] ne [ Echinopsis caineana ]
merge-text-error: 1217485	, merging [ NA ] ne [ Echinopsis tarijensis ]
merge-text-error: 1217484	, merging [ NA ] ne [ Echinopsis tubiflora ]
merge-text-error: 1217483	, merging [ NA ] ne [ Echinopsis marsoneri ]
merge-text-error: 1217482	, merging [ NA ] ne [ Echinopsis densispina ]
merge-text-error: 1217481	, merging [ NA ] ne [ Echinopsis chrysantha ]
merge-text-error: 1217480	, merging [ NA ] ne [ Echinopsis hertrichiana ]
merge-text-error: 1217479	, merging [ NA ] ne [ Cleistocactus sextonianus ]
merge-text-error: 1217478	, merging [ NA ] ne [ Arthrocereus rondonianus ]
merge-text-error: 1217477	, merging [ NA ] ne [ Acanthocalycium thionanthum ]
merge-text-error: 1217476	, merging [ NA ] ne [ Echinopsis oxygona ]
merge-text-error: 1217475	, merging [ NA ] ne [ Echinopsis obrepanda ]
merge-text-error: 1217474	, merging [ NA ] ne [ Echinopsis maximiliana ]
merge-text-error: 1217473	, merging [ NA ] ne [ Echinopsis lateritia ]
merge-text-error: 1217472	, merging [ NA ] ne [ Cleistocactus smaragdiflorus ]
merge-text-error: 1217471	, merging [ NA ] ne [ Cleistocactus sepium ]
merge-text-error: 1217470	, merging [ NA ] ne [ Rebutia heliosa ]
merge-text-error: 1217469	, merging [ NA ] ne [ Echinopsis pojoensis ]
merge-text-error: 1217468	, merging [ NA ] ne [ Echinopsis coronata ]
merge-text-error: 1217467	, merging [ NA ] ne [ Echinopsis calorubra ]
merge-text-error: 1217466	, merging [ NA ] ne [ Echinopsis subdenudata ]
merge-text-error: 1217465	, merging [ NA ] ne [ Echinopsis tegeleriana ]
merge-text-error: 1217464	, merging [ NA ] ne [ Echinopsis backebergii ]
merge-text-error: 1217463	, merging [ NA ] ne [ Weberbauerocereus weberbaueri ]
merge-text-error: 1217462	, merging [ NA ] ne [ Matucana haynei ]
merge-text-error: 1217461	, merging [ NA ] ne [ Echinopsis calochlora ]
merge-text-error: 1217460	, merging [ NA ] ne [ Echinopsis rojasii ]
merge-text-error: 1217459	, merging [ NA ] ne [ Cleistocactus baumannii ]
merge-text-error: 1217432	, merging [ NA ] ne [ Prosopis spicigera ]
merge-text-error: 1217429	, merging [ NA ] ne [ Pseudoxytenanthera stocksii ]
merge-text-error: 1217428	, merging [ NA ] ne [ Pseudoxytenanthera ritcheyi ]
merge-text-error: 1217427	, merging [ NA ] ne [ Pseudoxytenanthera monadelpha ]
merge-text-error: 1217426	, merging [ NA ] ne [ Pseudoxytenanthera bourdillonii ]
merge-text-error: 1217423	, merging [ NA ] ne [ Acacia suma ]
merge-text-error: 1217422	, merging [ NA ] ne [ Vachellia leucophloea ]
merge-text-error: 1217421	, merging [ NA ] ne [ Senegalia ferruginea ]
merge-text-error: 1217417	, merging [ NA ] ne [ Primulina sp. FW-2012b ]
merge-text-error: 1217320	, merging [ NA ] ne [ Solanum x michoacanum ]
merge-text-error: 1217313	, merging [ NA ] ne [ Calligonum ebinuricum ]
merge-text-error: 1217312	, merging [ NA ] ne [ Calligonum trifarium ]
merge-text-error: 1217306	, merging [ NA ] ne [ Populus x beijingensis ]
merge-text-error: 1217299	, merging [ NA ] ne [ Rauvolfia yunnanensis ]
merge-text-error: 1217296	, merging [ NA ] ne [ Wijkia sp. Bordin 502 ]
merge-text-error: 1217295	, merging [ NA ] ne [ Sematophyllum adnatum ]
merge-text-error: 1217294	, merging [ NA ] ne [ Meiothecium revolubile ]
merge-text-error: 1217293	, merging [ NA ] ne [ Meiothecium boryanum ]
merge-text-error: 1217292	, merging [ NA ] ne [ Acroporium longirostre ]
merge-text-error: 1217291	, merging [ NA ] ne [ Acroporium esmeraldicum ]
merge-text-error: 1217290	, merging [ NA ] ne [ Acroporium caespitosum ]
merge-text-error: 1217288	, merging [ NA ] ne [ Dianthus lumnitzeri ]
merge-text-error: 1217287	, merging [ NA ] ne [ Dianthus arenarius ]
merge-text-error: 1217271	, merging [ NA ] ne [ Navarretia furnissii ]
merge-text-error: 1217267	, merging [ NA ] ne [ Papaver sp. Xiao 090527-1 ]
merge-text-error: 1217263	, merging [ NA ] ne [ Heimia apetala ]
merge-text-error: 1127077	, merging [ Malvaviscus palmanus ] ne [  ]
merge-text-error: 1127076	, merging [ Malachra fasciata ] ne [  ]
merge-text-error: 1127075	, merging [ Lysiloma auritum ] ne [  ]
merge-text-error: 1127074	, merging [ Luehea speciosa ] ne [  ]
merge-text-error: 1127073	, merging [ Luehea candida ] ne [  ]
merge-text-error: 1127062	, merging [ Ludwigia nervosa ] ne [  ]
lengths-mismatch: 23 != 123
merge-text-error: <!DOCTYPE h, merging [ <!DOCTYPE html PUBLIC "-//W3C//DTD XHTML 1.1//EN" "http://www.w3.org/TR/xhtml11/DTD/xhtml11.dtd">  ] ne [ <!DOCTYPE html PUBLIC "-//W3C//DTD HTML 4.01//EN" "http://www.w3.org/TR/html4/strict.dtd"> ]
merge-text-error: <h, merging [ <html> ] ne [ <html><head> ]
merge-text-error: <, merging [ <title>NCBI - WWW Error 803 Diagnostic</title> ] ne [ <title>ERROR: The requested URL could not be retrieved</title> ]
merge-text-error: <me, merging [ <meta http-equiv="Content-Type" content="application/xhtml+xml; charset=utf-8" /> ] ne [ <meta http-equiv="Content-Type" content="text/html; charset=utf-8"> ]
merge-text-error: <s, merging [ <style type="text/css"> ] ne [ <style type="text/css"><!--  ]
merge-text-error: margin-bo, merging [ margin-bottom:0; ] ne [ margin-bottom: 0; ]
merge-text-error: fon, merging [ font-size: 80%; ] ne [ font-size: 90%; ]
merge-text-error: _fon, merging [ _font-size: 70%; ] ne [ _font-size: 80%; ]
merge-text-error: margin-lef, merging [ margin-left:1em; ] ne [ margin-left: 7em; ]
merge-text-error: #foo, merging [ #footer span { ] ne [ #footer { ]
merge-text-error: addEven, merging [ addEvent = function(obj, type, fn, b) { ] ne [ addEvent(window, "load", fixlink, false); ]
merge-text-error:       newTex, merging [       newText = "%3E%20REQUEST_URI%3D" + document.REQUEST_URI + "%0D" + ] ne [       newText = newText.replace(/\?/g, "%3F"); ]
merge-text-error:   documen, merging [   document.REQUEST_URI = "/entrez/eutils/esearch.fcgi%3fdb=nucleotide&term=txid1046260%255BOrgn%255D%2520AND%2520%2528%25221985%252F01%252F01%2522%255BPDAT%255D%2520%253A%2520%25222005%2522%255BPDAT%255D%2529&retmode=xml&usehistory=n&email=david.winter%2540gmail.com&tool=rentrez"; ] ne [   document.write(p); ]
merge-text-error: href="mail, merging [ href="mailto:info@ncbi.nlm.nih.gov?subject=NCBI%20Web%20site%20error%20803&amp;body=%3E%20Error%3D803%0D%3E%20Server%3D10.6.6.6%0D%3E%20Client%3D10.6.6.6%0D%3E%20Time%3DThursday, 17-Mar-2016 07:49:46 EDT%0D%0D-----%0DPlease%20enter%20comments%20below:%0D%0D">info@ncbi.nlm.nih.gov</a>.  ] ne [ href="mailto:info@ncbi.nlm.nih.gov?subject=NCBI%20Web%20site%20error%20803&amp;body=%3E%20Error%3D803%0D%3E%20Server%3D10.6.6.6%0D%3E%20Client%3D10.6.6.6%0D%3E%20Time%3DThursday, 17-Mar-2016 07:50:32 EDT%0D%0D-----%0DPlease%20enter%20comments%20below:%0D%0D">info@ncbi.nlm.nih.gov</a>.  ]
merge-text-error: <inpu, merging [ <input name="term" size="40" style="margin-left: 1em; border: solid 1px #336699;" id="searchme"/> ] ne [ <input type="submit" value="Go" /> ]
merge-text-error:    <d, merging [    <dt>Error</dt><dd>803</dd> ] ne [    <dt>Time</dt><dd>Thursday, 17-Mar-2016 07:50:32 EDT</dd> ]
lengths-mismatch: 63 != 123
merge-text-error: 1046257	, merging [ NA ] ne [ Vitis bloodworthiana ]
merge-text-error: 1046254	, merging [ NA ] ne [ Vitis bellula ]
lengths-mismatch: 23 != 123
merge-text-error: 1046085	, merging [ NA ] ne [ Kengyilia sp. 8517 ]
merge-text-error: 1045993	, merging [ NA ] ne [ Schiedea menziesii x Schiedea salicaria ]
merge-text-error: 1045991	, merging [ NA ] ne [ Dimetia scandens ]
merge-text-error: 1045990	, merging [ NA ] ne [ Hedyotis mellii ]
lengths-mismatch: 28 != 123
merge-text-error: 1045548	, merging [ NA ] ne [ Clematis henryi ]
merge-text-error: 1045547	, merging [ NA ] ne [ Cypripedium calcicola ]
lengths-mismatch: 28 != 123
lengths-mismatch: 23 != 123
merge-text-error: 980240	, merging [ Fadogia homblei ] ne [  ]
merge-text-error: 980117	, merging [ Dithyrea californica ] ne [  ]
merge-text-error: 980028	, merging [ Bidens wiebkei ] ne [  ]
merge-text-error: 980027	, merging [ Bidens valida ] ne [  ]
merge-text-error: 980026	, merging [ Bidens torta ] ne [  ]
merge-text-error: 980023	, merging [ Bidens molokaiensis ] ne [  ]
merge-text-error: 980019	, merging [ Bidens micrantha ] ne [  ]
merge-text-error: 980016	, merging [ Bidens menziesii ] ne [  ]
merge-text-error: 980015	, merging [ Bidens macrocarpa ] ne [  ]
merge-text-error: 980011	, merging [ Bidens hawaiensis ] ne [  ]
merge-text-error: 980008	, merging [ Bidens forbesii ] ne [  ]
merge-text-error: 980007	, merging [ Bidens cervicata ] ne [  ]
merge-text-error: 980004	, merging [ Bidens campylotheca ] ne [  ]
merge-text-error: 980003	, merging [ Bidens asymmetrica ] ne [  ]
merge-text-error: 980002	, merging [ Bidens amplectens ] ne [  ]
merge-text-error: 980001	, merging [ Bidens menziesii subsp. filiformis x Bidens micrantha subsp. ctenophyla ] ne [  ]
merge-text-error: 979729	, merging [ Cinnamomum glaucescens ] ne [  ]
merge-text-error: 979728	, merging [ Philadelphus schrenkii ] ne [  ]
merge-text-error: 979727	, merging [ Deutzia parviflora ] ne [  ]
merge-text-error: 979637	, merging [ Jackiopsis ornata ] ne [  ]
merge-text-error: 979635	, merging [ Glionnetia sericea ] ne [  ]
lengths-mismatch: 33 != 123
lengths-mismatch: 8 != 123
merge-text-error: 700916	, merging [ NA ] ne [ Erythroxylum sp. 'Cholmondely Creek' ]
merge-text-error: 700909	, merging [ NA ] ne [ Panicum trichocladum ]
merge-text-error: 700899	, merging [ NA ] ne [ Draba ussuriensis ]
merge-text-error: 700898	, merging [ NA ] ne [ Draba steyermarkii ]
merge-text-error: 700897	, merging [ NA ] ne [ Draba pygmaea ]
merge-text-error: 700896	, merging [ NA ] ne [ Draba pulcherrima ]
merge-text-error: 700895	, merging [ NA ] ne [ Draba prozorovskii ]
merge-text-error: 700894	, merging [ NA ] ne [ Draba pohlei ]
merge-text-error: 700892	, merging [ NA ] ne [ Draba inquisiviana ]
merge-text-error: 700891	, merging [ NA ] ne [ Draba grandis ]
merge-text-error: 700890	, merging [ NA ] ne [ Draba eschscholtzii ]
merge-text-error: 700889	, merging [ NA ] ne [ Draba discoidea ]
merge-text-error: 700888	, merging [ NA ] ne [ Draba demareei ]
merge-text-error: 700887	, merging [ NA ] ne [ Draba cuzcoensis ]
merge-text-error: 700884	, merging [ NA ] ne [ Draba cocuyana ]
merge-text-error: 700883	, merging [ NA ] ne [ Draba brackenridgei ]
merge-text-error: 700882	, merging [ NA ] ne [ Draba argentifolia ]
merge-text-error: 700881	, merging [ NA ] ne [ Abdra aprica ]
merge-text-error: 699967	, merging [ NA ] ne [ Oryza neocaledonica ]
merge-text-error: 699966	, merging [ NA ] ne [ Maltebrunia letestui ]
merge-text-error: 699964	, merging [ NA ] ne [ Chikusichloa mutica ]
merge-text-error: 699704	, merging [ NA ] ne [ Ceratophyllum tanaiticum ]
merge-text-error: 699703	, merging [ NA ] ne [ Platygyria soulieana ]
merge-text-error: 699702	, merging [ NA ] ne [ Lepisorus xiphiopteris ]
merge-text-error: 699700	, merging [ NA ] ne [ Lepisorus ussuriensis ]
merge-text-error: 699699	, merging [ NA ] ne [ Lepisorus uchiyamae ]
merge-text-error: 699698	, merging [ NA ] ne [ Lepisorus tosaensis ]
merge-text-error: 699697	, merging [ NA ] ne [ Lepisorus tibeticus ]
merge-text-error: 699696	, merging [ NA ] ne [ Lepisorus thaipaiensis ]
merge-text-error: 699695	, merging [ NA ] ne [ Lepisorus subsessilis ]
merge-text-error: 699694	, merging [ NA ] ne [ Lepisorus suboligolepidus ]
merge-text-error: 699693	, merging [ NA ] ne [ Lepisorus sublinearis ]
merge-text-error: 699692	, merging [ NA ] ne [ Lepisorus subconfluens ]
merge-text-error: 699691	, merging [ NA ] ne [ Lepisorus stenistus ]
merge-text-error: 699690	, merging [ NA ] ne [ Lepisorus sordidus ]
merge-text-error: 699689	, merging [ NA ] ne [ Lepisorus sinensis ]
merge-text-error: 699688	, merging [ NA ] ne [ Lepisorus scolopendrius ]
merge-text-error: 699687	, merging [ NA ] ne [ Lepisorus pumilus ]
merge-text-error: 699686	, merging [ NA ] ne [ Lepisorus pseudonudus ]
merge-text-error: 699685	, merging [ NA ] ne [ Lepisorus patungensis ]
merge-text-error: 699684	, merging [ NA ] ne [ Lepisorus onoei ]
merge-text-error: 699683	, merging [ NA ] ne [ Lepisorus oligolepidus ]
merge-text-error: 699682	, merging [ NA ] ne [ Lepisorus obscurevenolusus ]
merge-text-error: 699681	, merging [ NA ] ne [ Lepisorus morrisonensis ]
merge-text-error: 699680	, merging [ NA ] ne [ Lepisorus medogensis ]
merge-text-error: 699679	, merging [ NA ] ne [ Lepisorus marginatus ]
merge-text-error: 699678	, merging [ NA ] ne [ Lepisorus loriformis ]
merge-text-error: 699677	, merging [ NA ] ne [ Lepisorus lineariformis ]
merge-text-error: 699676	, merging [ NA ] ne [ Lepisorus likiangensis ]
merge-text-error: 699675	, merging [ NA ] ne [ Lepisorus lewisii ]
merge-text-error: 699674	, merging [ NA ] ne [ Lepisorus kuchenensis ]
merge-text-error: 699673	, merging [ NA ] ne [ Lepisorus hsiaowutaiensis ]
merge-text-error: 699672	, merging [ NA ] ne [ Lepisorus heterolepis ]
merge-text-error: 699671	, merging [ NA ] ne [ Lepisorus hachijoensis ]
merge-text-error: 699670	, merging [ NA ] ne [ Lepisorus elegans ]
merge-text-error: 699669	, merging [ NA ] ne [ Lepisorus contortus ]
merge-text-error: 699668	, merging [ NA ] ne [ Lepisorus confluens ]
merge-text-error: 653066	, merging [ Bauhinia natalensis ] ne [  ]
merge-text-error: 653065	, merging [ Bauhinia morondavensis ] ne [  ]
merge-text-error: 653064	, merging [ Bauhinia monandra ] ne [  ]
merge-text-error: 653063	, merging [ Bauhinia mollis ] ne [  ]
merge-text-error: 653061	, merging [ Bauhinia longicuspis ] ne [  ]
merge-text-error: 653060	, merging [ Bauhinia kalantha ] ne [  ]
merge-text-error: 653059	, merging [ Bauhinia hymenaeifolia ] ne [  ]
merge-text-error: 653058	, merging [ Bauhinia hildebrandtii ] ne [  ]
merge-text-error: 653057	, merging [ Bauhinia grevei ] ne [  ]
merge-text-error: 653056	, merging [ Bauhinia grandidieri ] ne [  ]
merge-text-error: 653055	, merging [ Bauhinia dipetala ] ne [  ]
merge-text-error: 653054	, merging [ Bauhinia corniculata ] ne [  ]
merge-text-error: 653053	, merging [ Bauhinia chapulhuacania ] ne [  ]
merge-text-error: 653052	, merging [ Bauhinia brevicalyx ] ne [  ]
merge-text-error: 653049	, merging [ Bauhinia binata ] ne [  ]
merge-text-error: 653048	, merging [ Bauhinia aculeata ] ne [  ]
merge-text-error: 653047	, merging [ Bauhinia acreana ] ne [  ]
merge-text-error: 652977	, merging [ Cuscuta jepsonii ] ne [  ]
merge-text-error: 652976	, merging [ Elaeagnus macrantha ] ne [  ]
merge-text-error: 652667	, merging [ Nepenthes kampotiana ] ne [  ]
merge-text-error: 652666	, merging [ Nepenthes smilesii ] ne [  ]
merge-text-error: 652640	, merging [ Onosma stellulata ] ne [  ]
merge-text-error: 652639	, merging [ Lithospermum trinervium ] ne [  ]
merge-text-error: 652637	, merging [ Lithospermum strictum ] ne [  ]
merge-text-error: 652636	, merging [ Lithospermum revolutum ] ne [  ]
merge-text-error: 652635	, merging [ Lithospermum obovatum ] ne [  ]
merge-text-error: 652634	, merging [ Lithospermum notatum ] ne [  ]
merge-text-error: 652633	, merging [ Lithospermum nelsonii ] ne [  ]
merge-text-error: 652632	, merging [ Lithospermum molle ] ne [  ]
merge-text-error: 652631	, merging [ Lithospermum leonotis ] ne [  ]
merge-text-error: 652630	, merging [ Lithospermum johnstonii ] ne [  ]
merge-text-error: 652629	, merging [ Lithospermum helleri ] ne [  ]
merge-text-error: 652628	, merging [ Lithospermum longiflorum ] ne [  ]
merge-text-error: 652506	, merging [ Weinmannia sp. Lewis 2789 ] ne [  ]
merge-text-error: 652505	, merging [ Terminalia complanata ] ne [  ]
merge-text-error: 652504	, merging [ Syzygium longipes ] ne [  ]
merge-text-error: 652503	, merging [ Syzygium furfuraceum ] ne [  ]
merge-text-error: 652502	, merging [ Planchonella ripicola ] ne [  ]
merge-text-error: 652501	, merging [ Monoon oblongifolium ] ne [  ]
merge-text-error: 652500	, merging [ Myristica globosa ] ne [  ]
merge-text-error: 652499	, merging [ Myristica fatua ] ne [  ]
merge-text-error: 652498	, merging [ Litsea timoriana ] ne [  ]
merge-text-error: 652497	, merging [ Litsea collina ] ne [  ]
merge-text-error: 652496	, merging [ Horsfieldia hellwigii ] ne [  ]
merge-text-error: 652495	, merging [ Horsfieldia basifissa ] ne [  ]
merge-text-error: 652494	, merging [ Harpullia longipetala ] ne [  ]
merge-text-error: 652493	, merging [ Elaeocarpus undulatus ] ne [  ]
merge-text-error: 652492	, merging [ Cypripedium micranthum ] ne [  ]
merge-text-error: 652491	, merging [ Cryptocarya caloneura ] ne [  ]
merge-text-error: 652490	, merging [ Carex lamprocarpa ] ne [  ]
merge-text-error: 652489	, merging [ Canarium oleosum ] ne [  ]
merge-text-error: 652460	, merging [ Viola catalonica ] ne [  ]
merge-text-error: 652459	, merging [ Ruppia sp. YI00824 ] ne [  ]
merge-text-error: 652458	, merging [ Ruppia tuberosa ] ne [  ]
merge-text-error: 578533	, merging [ Terminalia buceras ] ne [  ]
lengths-mismatch: 93 != 123
merge-text-error: 	fon, merging [ font-family: verdana, sans-serif; ] ne [ font-size: 9px; ]
merge-text-error: #, merging [ #titles { ] ne [ #titles ftpsuccess { ]
merge-text-error: 	padding-lef, merging [ padding-left: 100px; ] ne [ padding-left: 10px; ]
merge-text-error: /* special even, merging [ /* special event: FTP success page titles */ ] ne [ /* special event: FTP / Gopher directory listing */ ]
merge-text-error:     fon, merging [     font-family:sans-serif; ] ne [     font-size: 10pt; ]
merge-text-error: #dirlis, merging [ #dirlisting { ] ne [ #dirlisting td.size { ]
merge-text-error: <p>Your cache adminis, merging [ <p>Your cache administrator is <a href="mailto:support@kew.org?subject=CacheErrorInfo%20-%20ERR_READ_TIMEOUT&amp;body=CacheHost%3A%20kppopx01.ad.kew.org%0D%0AErrPage%3A%20ERR_READ_TIMEOUT%0D%0AErr%3A%20%5Bnone%5D%0D%0ATimeStamp%3A%20Fri,%2018%20Mar%202016%2009%3A37%3A58%20GMT%0D%0A%0D%0AClientIP%3A%2010.152.128.230%0D%0AServerIP%3A%20165.112.7.20%0D%0A%0D%0AHTTP%20Request%3A%0D%0AGET%20%2Fentrez%2Feutils%2Fesearch.fcgi%3Fdb%3Dnucleotide%26term%3Dtxid558444%255BOrgn%255D%2520AND%2520matK%255BGene%255D%2520AND%2520%2528%25221985%252F01%252F01%2522%255BPDAT%255D%2520%253A%2520%25222015%2522%255BPDAT%255D%2529%26retmode%3Dxml%26usehistory%3Dn%26email%3Ddavid.winter%2540gmail.com%26tool%3Drentrez%20HTTP%2F1.1%0AUser-Agent%3A%20libcurl%2F7.38.0%20r-curl%2F0.9.6%20httr%2F1.1.0%0D%0AHost%3A%20eutils.ncbi.nlm.nih.gov%0D%0AAccept-Encoding%3A%20gzip,%20deflate%0D%0AProxy-Connection%3A%20Keep-Alive%0D%0ACookie%3A%20ncbi_sid%3D73BE7FE46E872961_0012SID%0D%0AAccept%3A%20application%2Fjson,%20text%2Fxml,%20application%2Fxml,%20*%2F*%0D%0A%0D%0A%0D%0A">support@kew.org</a>.</p> ] ne [ <p>Your cache administrator is <a href="mailto:support@kew.org?subject=CacheErrorInfo%20-%20ERR_READ_TIMEOUT&amp;body=CacheHost%3A%20kppopx01.ad.kew.org%0D%0AErrPage%3A%20ERR_READ_TIMEOUT%0D%0AErr%3A%20%5Bnone%5D%0D%0ATimeStamp%3A%20Fri,%2018%20Mar%202016%2009%3A37%3A54%20GMT%0D%0A%0D%0AClientIP%3A%2010.152.128.119%0D%0AServerIP%3A%20165.112.7.20%0D%0A%0D%0AHTTP%20Request%3A%0D%0AGET%20%2Fentrez%2Feutils%2Fesearch.fcgi%3Fdb%3Dnucleotide%26term%3Dtxid162307%255BOrgn%255D%2520AND%2520%2528%25221985%252F01%252F01%2522%255BPDAT%255D%2520%253A%2520%25222008%2522%255BPDAT%255D%2529%26retmode%3Dxml%26usehistory%3Dn%26email%3Ddavid.winter%2540gmail.com%26tool%3Drentrez%20HTTP%2F1.1%0AUser-Agent%3A%20libcurl%2F7.38.0%20r-curl%2F0.9.6%20httr%2F1.1.0%0D%0AHost%3A%20eutils.ncbi.nlm.nih.gov%0D%0AAccept-Encoding%3A%20gzip,%20deflate%0D%0AProxy-Connection%3A%20Keep-Alive%0D%0ACookie%3A%20ncbi_sid%3D73BE06586E8776E1_0095SID%0D%0AAccept%3A%20application%2Fjson,%20text%2Fxml,%20application%2Fxml,%20*%2F*%0D%0A%0D%0A%0D%0A">support@kew.org</a>.</p> ]
merge-text-error: <p>Genera, merging [ <p>Generated Fri, 18 Mar 2016 09:37:58 GMT by kppopx01.ad.kew.org (squid)</p> ] ne [ <p>Generated Fri, 18 Mar 2016 09:37:54 GMT by kppopx01.ad.kew.org (squid)</p> ]
merge-text-error: 526837	, merging [ Homalia pennatula ] ne [  ]
merge-text-error: 526836	, merging [ Homalia lusitanica ] ne [  ]
merge-text-error: 526835	, merging [ Thamnomalia glabella ] ne [  ]
merge-text-error: 526834	, merging [ Himantocladium plumula ] ne [  ]
merge-text-error: 526833	, merging [ Glossadelphus glossoides ] ne [  ]
merge-text-error: 526832	, merging [ Glossadelphus baldwinii ] ne [  ]
merge-text-error: 526831	, merging [ Entodon dregeanus ] ne [  ]
merge-text-error: 526830	, merging [ Cryphaea amurensis ] ne [  ]
merge-text-error: 526828	, merging [ Calyptothecium recurvulum ] ne [  ]
merge-text-error: 526827	, merging [ Callicostella cf. africana Rikkinen et al. 21 ] ne [  ]
merge-text-error: 526824	, merging [ Pendulothecium punctatum ] ne [  ]
merge-text-error: 526790	, merging [ Phlogacanthus thyrsiflorus ] ne [  ]
merge-text-error: 526788	, merging [ Cystacanthus turgidus ] ne [  ]
merge-text-error: 526786	, merging [ Andrographis echioides ] ne [  ]
merge-text-error: 526784	, merging [ Forcipella sp. Daniel et al. 10432 ] ne [  ]
merge-text-error: 526782	, merging [ Lophostachys uxpanapensis ] ne [  ]
merge-text-error: 526781	, merging [ Lophostachys pubiflora ] ne [  ]
merge-text-error: 526780	, merging [ Lophostachys chiapensis ] ne [  ]
merge-text-error: 526778	, merging [ Lepidagathis scabra ] ne [  ]
merge-text-error: 526777	, merging [ Lepidagathis formosensis ] ne [  ]
merge-text-error: 526776	, merging [ Lepidagathis falcata ] ne [  ]
merge-text-error: 526775	, merging [ Crabbea sp. Balkwill et al. 11649 ] ne [  ]
merge-text-error: 526774	, merging [ Neuracanthus umbraticus ] ne [  ]
merge-text-error: 526773	, merging [ Neuracanthus tephrophyllus ] ne [  ]
merge-text-error: 526772	, merging [ Neuracanthus polyacanthus ] ne [  ]
merge-text-error: 526771	, merging [ Neuracanthus ovalifolius ] ne [  ]
merge-text-error: 526770	, merging [ Neuracanthus brachystachyus ] ne [  ]
merge-text-error: 526769	, merging [ Neuracanthus africanus ] ne [  ]
merge-text-error: 526767	, merging [ Lankesteria glandulosa ] ne [  ]
merge-text-error: 526766	, merging [ Lankesteria elegans ] ne [  ]
merge-text-error: 526765	, merging [ Leandriella oblonga ] ne [  ]
merge-text-error: 526763	, merging [ Lasiocladus villosus ] ne [  ]
merge-text-error: 526761	, merging [ Kudoacanthus albonervosus ] ne [  ]
merge-text-error: 526759	, merging [ Golaea migiurtina ] ne [  ]
merge-text-error: 526757	, merging [ Chlamydacanthus euphorbioides ] ne [  ]
merge-text-error: 526756	, merging [ Chlamydacanthus dichrostachyus ] ne [  ]
merge-text-error: 526755	, merging [ Camarotea souiensis ] ne [  ]
merge-text-error: 526753	, merging [ Acanthura mattogrossensis ] ne [  ]
merge-text-error: 526751	, merging [ Acanthostelma thymifolium ] ne [  ]
merge-text-error: 526706	, merging [ Arctium medians ] ne [  ]
merge-text-error: 526702	, merging [ Riella sp. SC s.n. ] ne [  ]
merge-text-error: 526701	, merging [ Dawsonia sp. VKL151198 ] ne [  ]
merge-text-error: 526700	, merging [ Riccia breidleri ] ne [  ]
merge-text-error: 526699	, merging [ Asterella blumeana ] ne [  ]
merge-text-error: 526698	, merging [ Livistona boninensis ] ne [  ]
merge-text-error: 526696	, merging [ Castilleja unalaschcensis ] ne [  ]
merge-text-error: 526435	, merging [ Oxalis sp. 'canaliculata' ] ne [  ]
merge-text-error: 526406	, merging [ Phyllostachys fimbriligula ] ne [  ]
merge-text-error: 526405	, merging [ Phyllostachys iridescens ] ne [  ]
merge-text-error: 526367	, merging [ Thamnobryum fasciculatum ] ne [  ]
merge-text-error: 526366	, merging [ Neckera platyantha ] ne [  ]
merge-text-error: 526362	, merging [ Trichocolea rigida ] ne [  ]
merge-text-error: 526361	, merging [ Schistochila balfouriana ] ne [  ]
merge-text-error: 526359	, merging [ Odontoschisma prostratum ] ne [  ]
merge-text-error: 526355	, merging [ Frullania nisquallensis ] ne [  ]
merge-text-error: 526231	, merging [ Nicotiana sp. 'rastroensis' ] ne [  ]
merge-text-error: 526204	, merging [ Euphorbia virgata ] ne [  ]
merge-text-error: 526203	, merging [ Euphorbia supina ] ne [  ]
merge-text-error: 526202	, merging [ Euphorbia sieboldiana ] ne [  ]
merge-text-error: 526201	, merging [ Euphorbia pseudoesula ] ne [  ]
merge-text-error: 526200	, merging [ Euphorbia orientalis ] ne [  ]
merge-text-error: 526199	, merging [ Euphorbia octoradiata ] ne [  ]
merge-text-error: 526198	, merging [ Euphorbia nakaii ] ne [  ]
merge-text-error: 526197	, merging [ Euphorbia lunulata ] ne [  ]
merge-text-error: 526196	, merging [ Euphorbia lucorum ] ne [  ]
merge-text-error: 526195	, merging [ Euphorbia hylonoma ] ne [  ]
merge-text-error: 526194	, merging [ Euphorbia fauriei ] ne [  ]
merge-text-error: 526193	, merging [ Euphorbia ebracteolata ] ne [  ]
merge-text-error: 526191	, merging [ Euphorbia baselicis ] ne [  ]
merge-text-error: 526190	, merging [ Euphorbia virgata x Euphorbia esula ] ne [  ]
merge-text-error: 526189	, merging [ Euphorbia cyparissias x Euphorbia esula ] ne [  ]
merge-text-error: 526183	, merging [ Leptonychia usambarensis ] ne [  ]
merge-text-error: 526057	, merging [ Tiarocarpus neubaueri ] ne [  ]
merge-text-error: 526056	, merging [ Tiarocarpus hymenostephanus ] ne [  ]
merge-text-error: 526054	, merging [ Cousinia xiphiolepis ] ne [  ]
merge-text-error: 526053	, merging [ Cousinia xanthacantha ] ne [  ]
merge-text-error: 526052	, merging [ Cousinia vicaria ] ne [  ]
merge-text-error: 526051	, merging [ Cousinia urumiensis ] ne [  ]
merge-text-error: 526050	, merging [ Cousinia turkmenorum ] ne [  ]
merge-text-error: 526049	, merging [ Cousinia turcomanica ] ne [  ]
merge-text-error: 526048	, merging [ Cousinia triceps ] ne [  ]
merge-text-error: 526047	, merging [ Cousinia trachyphyllaria ] ne [  ]
merge-text-error: 526046	, merging [ Arctium tomentellum ] ne [  ]
merge-text-error: 526045	, merging [ Cousinia thamnodes ] ne [  ]
merge-text-error: 526044	, merging [ Cousinia tenuisecta ] ne [  ]
merge-text-error: 526043	, merging [ Cousinia tenuiramula ] ne [  ]
merge-text-error: 526042	, merging [ Cousinia tenuifolia ] ne [  ]
merge-text-error: 526041	, merging [ Cousinia tashkurghanica ] ne [  ]
merge-text-error: 526040	, merging [ Cousinia submutica ] ne [  ]
merge-text-error: 526039	, merging [ Cousinia stocksii ] ne [  ]
merge-text-error: 526038	, merging [ Cousinia spryginii ] ne [  ]
merge-text-error: 526037	, merging [ Cousinia splendida ] ne [  ]
merge-text-error: 526036	, merging [ Cousinia speciosa ] ne [  ]
merge-text-error: 526035	, merging [ Cousinia sogdiana ] ne [  ]
merge-text-error: 526034	, merging [ Cousinia smirnowii ] ne [  ]
merge-text-error: 526033	, merging [ Cousinia shahvarica ] ne [  ]
merge-text-error: 526031	, merging [ Cousinia semilacera ] ne [  ]
merge-text-error: 526030	, merging [ Cousinia sclerophylla ] ne [  ]
merge-text-error: 526029	, merging [ Cousinia scariosa ] ne [  ]
merge-text-error: 526028	, merging [ Cousinia sarawschanica ] ne [  ]
merge-text-error: 526027	, merging [ Cousinia salangensis ] ne [  ]
merge-text-error: 526026	, merging [ Cousinia rigidissima ] ne [  ]
merge-text-error: 526025	, merging [ Cousinia rigida ] ne [  ]
merge-text-error: 526024	, merging [ Cousinia regelii ] ne [  ]
merge-text-error: 526023	, merging [ Arctium refractum ] ne [  ]
merge-text-error: 526022	, merging [ Cousinia rechingerorum ] ne [  ]
merge-text-error: 526021	, merging [ Cousinia radians ] ne [  ]
merge-text-error: 526020	, merging [ Cousinia raddeana ] ne [  ]
merge-text-error: 526019	, merging [ Cousinia qaisarensis ] ne [  ]
merge-text-error: 526018	, merging [ Cousinia pusilla ] ne [  ]
merge-text-error: 526017	, merging [ Cousinia pugionifera ] ne [  ]
merge-text-error: 526016	, merging [ Arctium pseudarctium ] ne [  ]
merge-text-error: 526015	, merging [ Cousinia prolifera ] ne [  ]
merge-text-error: 526014	, merging [ Cousinia polytimetica ] ne [  ]
merge-text-error: 526013	, merging [ Cousinia polyneura ] ne [  ]
merge-text-error: 526012	, merging [ Cousinia podophylla ] ne [  ]
merge-text-error: 526011	, merging [ Cousinia pineticola ] ne [  ]
merge-text-error: 526010	, merging [ Cousinia pannosa ] ne [  ]
merge-text-error: 526009	, merging [ Cousinia oxiana ] ne [  ]
merge-text-error: 526008	, merging [ Cousinia outichaschensis ] ne [  ]
merge-text-error: 526007	, merging [ Cousinia oreodoxa ] ne [  ]
merge-text-error: 526006	, merging [ Cousinia oopoda ] ne [  ]
merge-text-error: 526005	, merging [ Cousinia oligocephala ] ne [  ]
merge-text-error: 526004	, merging [ Cousinia olgae ] ne [  ]
merge-text-error: 526003	, merging [ Cousinia ninae ] ne [  ]
merge-text-error: 526002	, merging [ Cousinia multiloba ] ne [  ]
merge-text-error: 526001	, merging [ Cousinia meghrica ] ne [  ]
merge-text-error: 526000	, merging [ Cousinia macroptera ] ne [  ]
merge-text-error: 525999	, merging [ Cousinia macrocephala ] ne [  ]
merge-text-error: 525998	, merging [ Arctium macilentum ] ne [  ]
merge-text-error: 525997	, merging [ Cousinia longifolia ] ne [  ]
merge-text-error: 525996	, merging [ Cousinia lomakini ] ne [  ]
merge-text-error: 525995	, merging [ Cousinia linczewskii ] ne [  ]
merge-text-error: 525994	, merging [ Cousinia leucantha ] ne [  ]
merge-text-error: 525993	, merging [ Cousinia leptolepis ] ne [  ]
merge-text-error: 525992	, merging [ Cousinia lepida ] ne [  ]
merge-text-error: 525991	, merging [ Cousinia lasiolepis ] ne [  ]
merge-text-error: 525990	, merging [ Cousinia lasiandra ] ne [  ]
merge-text-error: 525989	, merging [ Cousinia lanata ] ne [  ]
merge-text-error: 525988	, merging [ Cousinia lachnosphaera ] ne [  ]
merge-text-error: 525987	, merging [ Arctium korshinskyi ] ne [  ]
merge-text-error: 525986	, merging [ Arctium korolkowii ] ne [  ]
merge-text-error: 525984	, merging [ Cousinia kokanica ] ne [  ]
merge-text-error: 525983	, merging [ Cousinia jassyensis ] ne [  ]
merge-text-error: 525982	, merging [ Cousinia intertexta ] ne [  ]
merge-text-error: 525981	, merging [ Cousinia incompta ] ne [  ]
merge-text-error: 525980	, merging [ Cousinia immitantiformis ] ne [  ]
merge-text-error: 525979	, merging [ Cousinia hypoleuca ] ne [  ]
merge-text-error: 525978	, merging [ Cousinia heterophylla ] ne [  ]
merge-text-error: 525977	, merging [ Cousinia heteroloba ] ne [  ]
merge-text-error: 525976	, merging [ Cousinia heliantha ] ne [  ]
merge-text-error: 525975	, merging [ Cousinia hastifolia ] ne [  ]
merge-text-error: 525974	, merging [ Cousinia harazensis ] ne [  ]
merge-text-error: 525973	, merging [ Cousinia greuteri ] ne [  ]
merge-text-error: 525972	, merging [ Cousinia gmelini ] ne [  ]
merge-text-error: 525971	, merging [ Cousinia gigantolepis ] ne [  ]
merge-text-error: 525970	, merging [ Cousinia gaubae ] ne [  ]
merge-text-error: 525969	, merging [ Cousinia gatchsaranica ] ne [  ]
merge-text-error: 525968	, merging [ Cousinia franchetii ] ne [  ]
merge-text-error: 525967	, merging [ Cousinia ferruginea ] ne [  ]
merge-text-error: 525966	, merging [ Cousinia eryngioides ] ne [  ]
merge-text-error: 525965	, merging [ Cousinia eriophylla ] ne [  ]
merge-text-error: 525964	, merging [ Arctium egregium ] ne [  ]
merge-text-error: 525963	, merging [ Cousinia ecbatanensis ] ne [  ]
merge-text-error: 525962	, merging [ Cousinia dubia ] ne [  ]
merge-text-error: 525961	, merging [ Cousinia dolichophylla ] ne [  ]
merge-text-error: 525960	, merging [ Cousinia dipterocarpa ] ne [  ]
merge-text-error: 525959	, merging [ Cousinia daralaghezica ] ne [  ]
merge-text-error: 525958	, merging [ Cousinia cylindracea ] ne [  ]
merge-text-error: 525957	, merging [ Cousinia crispa ] ne [  ]
merge-text-error: 525956	, merging [ Cousinia crassipes ] ne [  ]
merge-text-error: 525955	, merging [ Cousinia concolor ] ne [  ]
merge-text-error: 525954	, merging [ Cousinia coerulea ] ne [  ]
merge-text-error: 525953	, merging [ Cousinia chrysochlora ] ne [  ]
merge-text-error: 525952	, merging [ Cousinia chlorocephala ] ne [  ]
merge-text-error: 525951	, merging [ Arctium chloranthum ] ne [  ]
merge-text-error: 525950	, merging [ Cousinia chionophila ] ne [  ]
merge-text-error: 525949	, merging [ Cousinia chaetocephala ] ne [  ]
merge-text-error: 525948	, merging [ Cousinia candolleana ] ne [  ]
merge-text-error: 525947	, merging [ Cousinia buphthalmoides ] ne [  ]
merge-text-error: 525946	, merging [ Cousinia bungeana ] ne [  ]
merge-text-error: 525945	, merging [ Cousinia brachyptera ] ne [  ]
merge-text-error: 525944	, merging [ Cousinia botschantzevii ] ne [  ]
merge-text-error: 525943	, merging [ Cousinia belangeri ] ne [  ]
merge-text-error: 525942	, merging [ Cousinia batalinii ] ne [  ]
merge-text-error: 525941	, merging [ Cousinia badghysi ] ne [  ]
merge-text-error: 525940	, merging [ Cousinia autranii ] ne [  ]
merge-text-error: 525939	, merging [ Cousinia auriculata ] ne [  ]
merge-text-error: 525938	, merging [ Cousinia ariana ] ne [  ]
merge-text-error: 525937	, merging [ Cousinia arctotidifolia ] ne [  ]
merge-text-error: 525936	, merging [ Arctium arctioides ] ne [  ]
merge-text-error: 525935	, merging [ Cousinia apiculata ] ne [  ]
merge-text-error: 525934	, merging [ Cousinia antonowii ] ne [  ]
merge-text-error: 525933	, merging [ Arctium anomalum ] ne [  ]
merge-text-error: 525932	, merging [ Arctium amplissimum ] ne [  ]
merge-text-error: 525931	, merging [ Cousinia alfredii ] ne [  ]
merge-text-error: 525930	, merging [ Cousinia alexeenkoana ] ne [  ]
merge-text-error: 525929	, merging [ Cousinia alepideae ] ne [  ]
merge-text-error: 525928	, merging [ Cousinia albertoregelia ] ne [  ]
merge-text-error: 525927	, merging [ Cousinia adenosticta ] ne [  ]
merge-text-error: 525926	, merging [ Arctium abolinii ] ne [  ]
merge-text-error: 525838	, merging [ Liparis sp. Tsutsumi L8 ] ne [  ]
merge-text-error: 525716	, merging [ Abies hickelii ] ne [  ]
merge-text-error: 525658	, merging [ Platydesma spathulata ] ne [  ]
merge-text-error: 525657	, merging [ Platydesma rostrata ] ne [  ]
merge-text-error: 525655	, merging [ Melicope revoluta ] ne [  ]
merge-text-error: 525654	, merging [ Melicope quadrangularis ] ne [  ]
merge-text-error: 525653	, merging [ Melicope puberula ] ne [  ]
merge-text-error: 525652	, merging [ Melicope polybotrya ] ne [  ]
merge-text-error: 525651	, merging [ Melicope paniculata ] ne [  ]
merge-text-error: 525650	, merging [ Melicope ovalis ] ne [  ]
merge-text-error: 525649	, merging [ Melicope nukuhivensis ] ne [  ]
merge-text-error: 525648	, merging [ Melicope lucida ] ne [  ]
merge-text-error: 525647	, merging [ Melicope knudsenii ] ne [  ]
merge-text-error: 525646	, merging [ Melicope inopinata ] ne [  ]
merge-text-error: 525645	, merging [ Melicope hivaoaensis ] ne [  ]
merge-text-error: 525644	, merging [ Melicope elliptica ] ne [  ]
merge-text-error: 525643	, merging [ Melicope degeneri ] ne [  ]
merge-text-error: 525642	, merging [ Melicope clusiifolia ] ne [  ]
merge-text-error: 525528	, merging [ Nomocharis meleagrina ] ne [  ]
merge-text-error: 525434	, merging [ Euphorbia spinosa ] ne [  ]
merge-text-error: 525382	, merging [ Pandanus oblatus ] ne [  ]
merge-text-error: 525241	, merging [ Grayia brandegeei ] ne [  ]
merge-text-error: 525239	, merging [ Suckleya suckleyana ] ne [  ]
merge-text-error: 525237	, merging [ Salsola collina ] ne [  ]
merge-text-error: 525226	, merging [ Taraxacum sp. Sojak 726 ] ne [  ]
merge-text-error: 525225	, merging [ Taraxacum sp. Sojak 738 ] ne [  ]
merge-text-error: 525224	, merging [ Taraxacum sp. Sojak 734 ] ne [  ]
merge-text-error: 525223	, merging [ Taraxacum sp. Sojak 725 ] ne [  ]
merge-text-error: 525220	, merging [ Ilex x wandoensis ] ne [  ]
merge-text-error: 525002	, merging [ Osmanthus racemosus ] ne [  ]
merge-text-error: 525000	, merging [ Quercus macranthera ] ne [  ]
merge-text-error: 524998	, merging [ Virotia leptophylla ] ne [  ]
merge-text-error: 524996	, merging [ Turrillia lutea ] ne [  ]
merge-text-error: 524994	, merging [ Strangea linearis ] ne [  ]
merge-text-error: 524992	, merging [ Stenocarpus trinervis ] ne [  ]
merge-text-error: 524991	, merging [ Sleumerodendron austrocaledonicum ] ne [  ]
merge-text-error: 524989	, merging [ Roupala monosperma ] ne [  ]
merge-text-error: 524988	, merging [ Persoonia falcata ] ne [  ]
merge-text-error: 524987	, merging [ Megahertzia amplexicaulis ] ne [  ]
merge-text-error: 524985	, merging [ Kermadecia pronyensis ] ne [  ]
merge-text-error: 524983	, merging [ Heliciopsis lobata ] ne [  ]
merge-text-error: 524981	, merging [ Hakea dactyloides ] ne [  ]
merge-text-error: 524980	, merging [ Hakea archaeoides ] ne [  ]
merge-text-error: 524979	, merging [ Finschia chloroxantha ] ne [  ]
merge-text-error: 524977	, merging [ Eucarpha deplanchei ] ne [  ]
merge-text-error: 524975	, merging [ Banksia heliantha ] ne [  ]
merge-text-error: 524974	, merging [ Catalepidia heyana ] ne [  ]
merge-text-error: 524972	, merging [ Bleasdalea bleasdalei ] ne [  ]
merge-text-error: 524970	, merging [ Beaupreopsis paniculata ] ne [  ]
merge-text-error: 524968	, merging [ Acidonia microcarpa ] ne [  ]
merge-text-error: 524874	, merging [ Phyllostachys propinqua ] ne [  ]
merge-text-error: 524873	, merging [ Brachyscome petrophila ] ne [  ]
merge-text-error: 524435	, merging [ Dendrobium tortile ] ne [  ]
merge-text-error: 524434	, merging [ Dendrobium senile ] ne [  ]
merge-text-error: 524433	, merging [ Dendrobium friedericksianum ] ne [  ]
merge-text-error: 524432	, merging [ Dendrobium anosmum ] ne [  ]
merge-text-error: 524431	, merging [ Bulbophyllum blepharistes ] ne [  ]
merge-text-error: 524430	, merging [ Macaranga sampsonii ] ne [  ]
merge-text-error: 524254	, merging [ Linum catharticum ] ne [  ]
merge-text-error: 524249	, merging [ Tropidia polystachya ] ne [  ]
merge-text-error: 524248	, merging [ Trichocentrum tigrinum ] ne [  ]
merge-text-error: 524247	, merging [ Stenoptera sp. Trujillo 389 ] ne [  ]
merge-text-error: 524246	, merging [ Sobralia warszewiczii ] ne [  ]
merge-text-error: 524245	, merging [ Sobralia crocea ] ne [  ]
merge-text-error: 524244	, merging [ Sobralia bouchei ] ne [  ]
merge-text-error: 524243	, merging [ Scaphosepalum rapax ] ne [  ]
merge-text-error: 524242	, merging [ Pterichis sp. Trujillo 386 ] ne [  ]
merge-text-error: 524241	, merging [ Ponthieva sp. Trujillo 332 ] ne [  ]
merge-text-error: 524240	, merging [ Paphinia clausula ] ne [  ]
merge-text-error: 524239	, merging [ Palmorchis powellii ] ne [  ]
merge-text-error: 524238	, merging [ Govenia sodiroi ] ne [  ]
merge-text-error: 524237	, merging [ Gomphichis sp. Trujillo 379 ] ne [  ]
merge-text-error: 524236	, merging [ Encyclia guatemalensis ] ne [  ]
merge-text-error: 524235	, merging [ Elleanthus poiformis ] ne [  ]
merge-text-error: 524234	, merging [ Elleanthus oliganthus ] ne [  ]
merge-text-error: 524233	, merging [ Elleanthus lancifolius ] ne [  ]
merge-text-error: 524232	, merging [ Elleanthus cynarocephalus ] ne [  ]
merge-text-error: 524231	, merging [ Elleanthus conifer ] ne [  ]
merge-text-error: 524230	, merging [ Elleanthus caricoides ] ne [  ]
merge-text-error: 524229	, merging [ Elleanthus aurantiacus ] ne [  ]
merge-text-error: 524228	, merging [ Elleanthus ampliflorus ] ne [  ]
merge-text-error: 524227	, merging [ Cyclopogon sp. Trujillo 388 ] ne [  ]
merge-text-error: 524226	, merging [ Ceratostylis incognita ] ne [  ]
merge-text-error: 524225	, merging [ Bulbophyllum scaberulum ] ne [  ]
merge-text-error: 524224	, merging [ Baskervilla sp. Whitten 2783 ] ne [  ]
merge-text-error: 524215	, merging [ Taraxacum virgineum ] ne [  ]
merge-text-error: 524214	, merging [ Taraxacum venustius ] ne [  ]
merge-text-error: 524213	, merging [ Taraxacum tenuifolium ] ne [  ]
merge-text-error: 524212	, merging [ Taraxacum suave ] ne [  ]
merge-text-error: 524211	, merging [ Taraxacum suasorium ] ne [  ]
merge-text-error: 524210	, merging [ Taraxacum stupendum ] ne [  ]
merge-text-error: 524209	, merging [ Taraxacum sinicum ] ne [  ]
merge-text-error: 524208	, merging [ Taraxacum sherriffii ] ne [  ]
merge-text-error: 524207	, merging [ Taraxacum sp. LK05/3024 ] ne [  ]
merge-text-error: 524206	, merging [ Taraxacum sp. JK 3339 ] ne [  ]
merge-text-error: 524205	, merging [ Taraxacum sp. LK05/3076 ] ne [  ]
merge-text-error: 524204	, merging [ Taraxacum occultum ] ne [  ]
merge-text-error: 524203	, merging [ Taraxacum nobile ] ne [  ]
merge-text-error: 524202	, merging [ Taraxacum niveum ] ne [  ]
merge-text-error: 524201	, merging [ Taraxacum mongoliforme ] ne [  ]
merge-text-error: 524200	, merging [ Taraxacum margaritarium ] ne [  ]
merge-text-error: 524199	, merging [ Taraxacum luridum ] ne [  ]
merge-text-error: 524198	, merging [ Taraxacum leucanthum ] ne [  ]
merge-text-error: 524197	, merging [ Taraxacum inimitabile ] ne [  ]
merge-text-error: 524196	, merging [ Taraxacum glaucophyllum ] ne [  ]
merge-text-error: 524195	, merging [ Taraxacum formosissimum ] ne [  ]
merge-text-error: 524194	, merging [ Taraxacum candidatum ] ne [  ]
merge-text-error: 524193	, merging [ Taraxacum armeriifolium ] ne [  ]
merge-text-error: 524192	, merging [ Taraxacum album ] ne [  ]
merge-text-error: 524084	, merging [ Haemodorum laxum ] ne [  ]
merge-text-error: 524082	, merging [ Wachendorfia sp. 31093 ] ne [  ]
merge-text-error: 524081	, merging [ Wachendorfia paniculata ] ne [  ]
merge-text-error: 524080	, merging [ Wachendorfia multiflora ] ne [  ]
lengths-mismatch: 8 != 123
merge-text-error: 428218	, merging [ NA ] ne [ Callisia graminea ]
merge-text-error: 428217	, merging [ NA ] ne [ Callisia fragrans ]
merge-text-error: 428216	, merging [ NA ] ne [ Callisia cordifolia ]
merge-text-error: 428215	, merging [ NA ] ne [ Puccinellia chinampoensis ]
merge-text-error: 428214	, merging [ NA ] ne [ Cephalanthera longibracteata ]
merge-text-error: 428213	, merging [ NA ] ne [ Tradescantia x andersoniana ]
merge-text-error: 428211	, merging [ NA ] ne [ Wahlenbergia lobelioides ]
merge-text-error: 428209	, merging [ NA ] ne [ Campanula tymphaea ]
merge-text-error: 428208	, merging [ NA ] ne [ Campanula subcapitata ]
merge-text-error: 428207	, merging [ NA ] ne [ Campanula strigosa ]
merge-text-error: 428206	, merging [ NA ] ne [ Campanula stricta ]
merge-text-error: 428204	, merging [ NA ] ne [ Campanula speciosa ]
merge-text-error: 428203	, merging [ NA ] ne [ Campanula semisecta ]
merge-text-error: 428202	, merging [ NA ] ne [ Campanula scutellata ]
merge-text-error: 428201	, merging [ NA ] ne [ Campanula scoparia ]
merge-text-error: 428200	, merging [ NA ] ne [ Campanula sclerotricha ]
merge-text-error: 428197	, merging [ NA ] ne [ Campanula savalanica ]
merge-text-error: 428196	, merging [ NA ] ne [ Campanula rapunculus ]
merge-text-error: 428195	, merging [ NA ] ne [ Campanula radula ]
merge-text-error: 428194	, merging [ NA ] ne [ Campanula quercetorum ]
merge-text-error: 428193	, merging [ NA ] ne [ Campanula pubicalyx ]
merge-text-error: 428192	, merging [ NA ] ne [ Campanula pterocaula ]
merge-text-error: 428189	, merging [ NA ] ne [ Campanula ptarmicifolia ]
merge-text-error: 428188	, merging [ NA ] ne [ Campanula propinqua ]
merge-text-error: 428187	, merging [ NA ] ne [ Campanula prenanthoides ]
merge-text-error: 428186	, merging [ NA ] ne [ Campanula polyclada ]
merge-text-error: 428185	, merging [ NA ] ne [ Campanula pinnatifida ]
merge-text-error: 428184	, merging [ NA ] ne [ Campanula pinatzii ]
merge-text-error: 428183	, merging [ NA ] ne [ Campanula olympica ]
merge-text-error: 428182	, merging [ NA ] ne [ Campanula moravica ]
merge-text-error: 428181	, merging [ NA ] ne [ Campanula macrostyla ]
merge-text-error: 428180	, merging [ NA ] ne [ Campanula macrostachya ]
merge-text-error: 428179	, merging [ NA ] ne [ Campanula macrochlamys ]
merge-text-error: 428178	, merging [ NA ] ne [ Campanula lyrata ]
merge-text-error: 428177	, merging [ NA ] ne [ Campanula karakuschensis ]
merge-text-error: 428176	, merging [ NA ] ne [ Campanula involucrata ]
merge-text-error: 428175	, merging [ NA ] ne [ Campanula incurva ]
merge-text-error: 428173	, merging [ NA ] ne [ Campanula haradjanii ]
merge-text-error: 428172	, merging [ NA ] ne [ Campanula fruticulosa ]
merge-text-error: 428171	, merging [ NA ] ne [ Campanula foliosa ]
merge-text-error: 428170	, merging [ NA ] ne [ Campanula filicaulis ]
merge-text-error: 428169	, merging [ NA ] ne [ Campanula fastigiata ]
merge-text-error: 428168	, merging [ NA ] ne [ Campanula decumbens ]
merge-text-error: 428167	, merging [ NA ] ne [ Campanula cymbalaria ]
merge-text-error: 428166	, merging [ NA ] ne [ Campanula creutzburgii ]
merge-text-error: 428165	, merging [ NA ] ne [ Campanula coriacea ]
merge-text-error: 428164	, merging [ NA ] ne [ Campanula conferta ]
merge-text-error: 428163	, merging [ NA ] ne [ Campanula collina ]
merge-text-error: 428162	, merging [ NA ] ne [ Campanula cochleariifolia ]
merge-text-error: 428161	, merging [ NA ] ne [ Campanula chamissonis ]
merge-text-error: 428160	, merging [ NA ] ne [ Campanula dimorphantha ]
merge-text-error: 428159	, merging [ NA ] ne [ Campanula betulifolia ]
merge-text-error: 428158	, merging [ NA ] ne [ Campanula balfourii ]
merge-text-error: 428156	, merging [ NA ] ne [ Campanula argaea ]
merge-text-error: 428155	, merging [ NA ] ne [ Campanula aparinoides ]
merge-text-error: 359618	, merging [ Mesembryanthemum rhizophorum ] ne [  ]
merge-text-error: 359614	, merging [ Mesembryanthemum pallens ] ne [  ]
merge-text-error: 359613	, merging [ Mesembryanthemum englishiae ] ne [  ]
merge-text-error: 359612	, merging [ Mesembryanthemum viridiflorum ] ne [  ]
merge-text-error: 359604	, merging [ Mesembryanthemum baylissii ] ne [  ]
merge-text-error: 359603	, merging [ Mesembryanthemum resurgens ] ne [  ]
merge-text-error: 359600	, merging [ Mesembryanthemum oculatum ] ne [  ]
merge-text-error: 359599	, merging [ Mesembryanthemum nitidum ] ne [  ]
merge-text-error: 359596	, merging [ Mesembryanthemum holense ] ne [  ]
merge-text-error: 359595	, merging [ Mesembryanthemum grossum ] ne [  ]
merge-text-error: 359594	, merging [ Mesembryanthemum gariepense ] ne [  ]
merge-text-error: 359593	, merging [ Mesembryanthemum delum ] ne [  ]
merge-text-error: 359584	, merging [ Mesembryanthemum louiseae ] ne [  ]
merge-text-error: 359582	, merging [ Mesembryanthemum inachabense ] ne [  ]
merge-text-error: 359581	, merging [ Mesembryanthemum excavatum ] ne [  ]
merge-text-error: 318964	, merging [ Zeugites munroanus ] ne [  ]
merge-text-error: 279686	, merging [ NA ] ne [ Fritillaria hermonis ]
merge-text-error: 279685	, merging [ NA ] ne [ Fritillaria gibbosa ]
merge-text-error: 279046	, merging [ Tecticornia undulata ] ne [  ]
merge-text-error: 279045	, merging [ Tecticornia syncarpa ] ne [  ]
merge-text-error: 279044	, merging [ Tecticornia sp. Gunyidi ] ne [  ]
merge-text-error: 279043	, merging [ Tecticornia sp. Angelfish Island ] ne [  ]
merge-text-error: 279042	, merging [ Tecticornia sp. Yanneri Lake ] ne [  ]
merge-text-error: 279041	, merging [ Tecticornia sp. Little Sandy Desert ] ne [  ]
merge-text-error: 279039	, merging [ Tecticornia pterygosperma ] ne [  ]
merge-text-error: 279038	, merging [ Tecticornia pruinosa ] ne [  ]
merge-text-error: 279035	, merging [ Tecticornia peltata ] ne [  ]
merge-text-error: 279034	, merging [ Tecticornia lylei ] ne [  ]
merge-text-error: 279032	, merging [ Tecticornia leptoclada ] ne [  ]
merge-text-error: 279031	, merging [ Tecticornia lepidosperma ] ne [  ]
merge-text-error: 279023	, merging [ Tecticornia halocnemoides ] ne [  ]
merge-text-error: 279022	, merging [ Tecticornia flabelliformis ] ne [  ]
merge-text-error: 279021	, merging [ Tecticornia entrichoma ] ne [  ]
merge-text-error: 279020	, merging [ Tecticornia doleiformis ] ne [  ]
merge-text-error: 279019	, merging [ Tecticornia cymbiformis ] ne [  ]
merge-text-error: 279018	, merging [ Tecticornia chartacea ] ne [  ]
merge-text-error: 279017	, merging [ Tecticornia calyptrata ] ne [  ]
merge-text-error: 279016	, merging [ Tecticornia bulbosa ] ne [  ]
merge-text-error: 279015	, merging [ Tecticornia auriculata ] ne [  ]
merge-text-error: 279014	, merging [ Atriplex codonocarpa ] ne [  ]
merge-text-error: 279013	, merging [ Veronica stamatiadae ] ne [  ]
merge-text-error: 278950	, merging [ Clausia aprica ] ne [  ]
merge-text-error: 278949	, merging [ Cladopus doianus ] ne [  ]
merge-text-error: 278839	, merging [ Nicotiana quadrivalvis ] ne [  ]
merge-text-error: 278676	, merging [ Rumex cristatus ] ne [  ]
merge-text-error: 278673	, merging [ Petasites hybridus ] ne [  ]
merge-text-error: 278672	, merging [ Symphytum officinale ] ne [  ]
merge-text-error: 278671	, merging [ Xantolis cambodiana ] ne [  ]
merge-text-error: 278670	, merging [ Vitellariopsis kirkii ] ne [  ]
merge-text-error: 278669	, merging [ Vitellariopsis dispar ] ne [  ]
merge-text-error: 278668	, merging [ Sideroxylon marmulano ] ne [  ]
merge-text-error: 278667	, merging [ Pradosia schomburgkiana ] ne [  ]
merge-text-error: 278666	, merging [ Pouteria gardneriana ] ne [  ]
merge-text-error: 278665	, merging [ Payena acuminata ] ne [  ]
merge-text-error: 278663	, merging [ Magodendron mennyae ] ne [  ]
merge-text-error: 278661	, merging [ Ecclinusa guianensis ] ne [  ]
merge-text-error: 278660	, merging [ Diploknema oligomera ] ne [  ]
merge-text-error: 278659	, merging [ Burckella macropoda ] ne [  ]
merge-text-error: 278658	, merging [ Pycnandra sp. Munzinger 696 ] ne [  ]
merge-text-error: 278656	, merging [ Pycnandra schmidii ] ne [  ]
merge-text-error: 278654	, merging [ Zantedeschia hybrid cultivar ] ne [  ]
merge-text-error: 278595	, merging [ Mammillaria zephyranthoides ] ne [  ]
merge-text-error: 278594	, merging [ Mammillaria zeilmanniana ] ne [  ]
merge-text-error: 278593	, merging [ Mammillaria zacatecasensis ] ne [  ]
merge-text-error: 278592	, merging [ Mammillaria wrightii ] ne [  ]
merge-text-error: 278591	, merging [ Mammillaria wildii ] ne [  ]
merge-text-error: 278590	, merging [ Mammillaria weingartiana ] ne [  ]
merge-text-error: 278587	, merging [ Mammillaria vetula ] ne [  ]
merge-text-error: 278585	, merging [ Mammillaria thornberi ] ne [  ]
merge-text-error: 278584	, merging [ Mammillaria tezontle ] ne [  ]
merge-text-error: 278583	, merging [ Mammillaria supertexta ] ne [  ]
merge-text-error: 278582	, merging [ Mammillaria stella-de-tacubaya ] ne [  ]
merge-text-error: 278581	, merging [ Mammillaria spinosissima ] ne [  ]
merge-text-error: 278580	, merging [ Mammillaria sphacelata ] ne [  ]
merge-text-error: 278579	, merging [ Mammillaria sinistrohamata ] ne [  ]
merge-text-error: 278578	, merging [ Mammillaria schwarzii ] ne [  ]
merge-text-error: 278577	, merging [ Mammillaria schumannii ] ne [  ]
merge-text-error: 278576	, merging [ Mammillaria rhodantha ] ne [  ]
merge-text-error: 278575	, merging [ Mammillaria rekoi ] ne [  ]
merge-text-error: 278574	, merging [ Mammillaria prolifera ] ne [  ]
merge-text-error: 278573	, merging [ Mammillaria pottsii ] ne [  ]
merge-text-error: 237868	, merging [ Passiflora mooreana ] ne [  ]
merge-text-error: 237867	, merging [ Passiflora mixta ] ne [  ]
merge-text-error: 237866	, merging [ Passiflora membranacea ] ne [  ]
merge-text-error: 237865	, merging [ Passiflora mathewsii ] ne [  ]
merge-text-error: 237864	, merging [ Passiflora manicata ] ne [  ]
merge-text-error: 237863	, merging [ Passiflora ligularis ] ne [  ]
merge-text-error: 237862	, merging [ Passiflora laurifolia ] ne [  ]
merge-text-error: 237861	, merging [ Passiflora kawensis ] ne [  ]
merge-text-error: 237860	, merging [ Passiflora karwinskii ] ne [  ]
merge-text-error: 237859	, merging [ Passiflora kalbreyeri ] ne [  ]
merge-text-error: 237858	, merging [ Passiflora jorullensis ] ne [  ]
merge-text-error: 237857	, merging [ Passiflora indecora ] ne [  ]
merge-text-error: 237856	, merging [ Passiflora hirtiflora ] ne [  ]
merge-text-error: 237855	, merging [ Passiflora herbertiana ] ne [  ]
merge-text-error: 237854	, merging [ Passiflora hahnii ] ne [  ]
merge-text-error: 237849	, merging [ Passiflora exura ] ne [  ]
merge-text-error: 237847	, merging [ Passiflora crenata ] ne [  ]
merge-text-error: 237846	, merging [ Passiflora crassifolia ] ne [  ]
merge-text-error: 237845	, merging [ Passiflora cirrhiflora ] ne [  ]
merge-text-error: 237844	, merging [ Passiflora cinnabarina ] ne [  ]
merge-text-error: 237843	, merging [ Passiflora cerasina ] ne [  ]
merge-text-error: 237842	, merging [ Passiflora candida ] ne [  ]
merge-text-error: 237841	, merging [ Passiflora aurantia ] ne [  ]
merge-text-error: 237840	, merging [ Passiflora arborea ] ne [  ]
merge-text-error: 237839	, merging [ Passiflora antioquiensis ] ne [  ]
merge-text-error: 237838	, merging [ Passiflora amoena ] ne [  ]
merge-text-error: 237837	, merging [ Passiflora alnifolia ] ne [  ]
merge-text-error: 237836	, merging [ Passiflora allantophylla ] ne [  ]
merge-text-error: 237835	, merging [ Passiflora aimae ] ne [  ]
merge-text-error: 237834	, merging [ Passiflora adenopoda ] ne [  ]
merge-text-error: 237833	, merging [ Adenia gummifera ] ne [  ]
merge-text-error: 237654	, merging [ Oreobolopsis tepalifera ] ne [  ]
merge-text-error: 237652	, merging [ Zameioscirpus atacamensis ] ne [  ]
merge-text-error: 237651	, merging [ Zameioscirpus gaimardioides ] ne [  ]
merge-text-error: 237650	, merging [ Zameioscirpus muticus ] ne [  ]
merge-text-error: 237648	, merging [ Phylloscirpus acaulis ] ne [  ]
merge-text-error: 237646	, merging [ Phylloscirpus deserticola ] ne [  ]
merge-text-error: 237596	, merging [ Rosa davurica ] ne [  ]
merge-text-error: 237575	, merging [ Citrus tangerina ] ne [  ]
merge-text-error: 237574	, merging [ Citrus sunki ] ne [  ]
merge-text-error: 237573	, merging [ Citrus sulcata ] ne [  ]
merge-text-error: 237572	, merging [ Citrus pseudogulgul ] ne [  ]
merge-text-error: 237571	, merging [ Citrus platymamma ] ne [  ]
merge-text-error: 237570	, merging [ Citrus nippokoreana ] ne [  ]
merge-text-error: 237569	, merging [ Citrus leiocarpa ] ne [  ]
merge-text-error: 237568	, merging [ Citrus erythrosa ] ne [  ]
merge-text-error: 237567	, merging [ Citrus benikoji ] ne [  ]
merge-text-error: 237486	, merging [ Antirrhinum sempervirens ] ne [  ]
merge-text-error: 237485	, merging [ Antirrhinum microphyllum ] ne [  ]
merge-text-error: 237484	, merging [ Antirrhinum lopesianum ] ne [  ]
merge-text-error: 237483	, merging [ Antirrhinum latifolium ] ne [  ]
merge-text-error: 237482	, merging [ Antirrhinum charidemi ] ne [  ]
merge-text-error: 237481	, merging [ Antirrhinum barrelieri ] ne [  ]
merge-text-error: 237480	, merging [ Antirrhinum australe ] ne [  ]
merge-text-error: 237460	, merging [ Chaenorhinum origanifolium ] ne [  ]
merge-text-error: 237459	, merging [ Linaria maroccana ] ne [  ]
merge-text-error: 237253	, merging [ Lejeunea sp. Norris 90573 ] ne [  ]
merge-text-error: 236976	, merging [ Trapa bispinosa ] ne [  ]
merge-text-error: 236975	, merging [ Trapa quadrispinosa ] ne [  ]
merge-text-error: 236974	, merging [ Trapa bicornis ] ne [  ]
merge-text-error: 236973	, merging [ Trapa incisa ] ne [  ]
merge-text-error: 236972	, merging [ Trapa acornis ] ne [  ]
merge-text-error: 236971	, merging [ Alternanthera pubiflora ] ne [  ]
merge-text-error: 236970	, merging [ Iresine angustifolia ] ne [  ]
merge-text-error: 236969	, merging [ Irenella chrysotricha ] ne [  ]
merge-text-error: 236967	, merging [ Pleuropetalum darwinii ] ne [  ]
merge-text-error: 236965	, merging [ Alternanthera albotomentosa ] ne [  ]
merge-text-error: 236964	, merging [ Actinidia arisanensis ] ne [  ]
merge-text-error: 236963	, merging [ Frullania monocera ] ne [  ]
merge-text-error: 236733	, merging [ Celtis australis ] ne [  ]
merge-text-error: 236732	, merging [ Celtis tournefortii ] ne [  ]
merge-text-error: 236731	, merging [ Callerya vasta ] ne [  ]
merge-text-error: 236730	, merging [ Endosamara racemosa ] ne [  ]
merge-text-error: 236505	, merging [ Orophea cf. malayana Hoffmann 11 ] ne [  ]
merge-text-error: 236504	, merging [ Alphonsea sp. Kessler 3112 ] ne [  ]
merge-text-error: 236478	, merging [ Erythranthe madrensis ] ne [  ]
merge-text-error: 236336	, merging [ Verticordia staminosa ] ne [  ]
merge-text-error: 236335	, merging [ Verticordia plumosa ] ne [  ]
merge-text-error: 236334	, merging [ Verticordia picta ] ne [  ]
merge-text-error: 236333	, merging [ Verticordia lindleyi ] ne [  ]
merge-text-error: 236332	, merging [ Verticordia grandis ] ne [  ]
merge-text-error: 236331	, merging [ Verticordia grandiflora ] ne [  ]
merge-text-error: 236330	, merging [ Verticordia endlicheriana ] ne [  ]
merge-text-error: 236329	, merging [ Verticordia dichroma ] ne [  ]
merge-text-error: 236328	, merging [ Verticordia aurea ] ne [  ]
merge-text-error: 236245	, merging [ Allium sp. AL-2003 ] ne [  ]
merge-text-error: 236233	, merging [ Darwinia meeboldii ] ne [  ]
merge-text-error: 236232	, merging [ Chamelaucium uncinatum ] ne [  ]
merge-text-error: 236231	, merging [ Chamelaucium roycei ] ne [  ]
merge-text-error: 236230	, merging [ Chamelaucium marchantii ] ne [  ]
merge-text-error: 236229	, merging [ Chamelaucium juniperinum ] ne [  ]
merge-text-error: 236228	, merging [ Chamelaucium hamatum ] ne [  ]
merge-text-error: 236227	, merging [ Chamelaucium griffinii ] ne [  ]
merge-text-error: 236226	, merging [ Chamelaucium forrestii ] ne [  ]
merge-text-error: 236224	, merging [ Chamelaucium floriferum ] ne [  ]
merge-text-error: 236223	, merging [ Chamelaucium erythrochlorum ] ne [  ]
merge-text-error: 236222	, merging [ Chamelaucium drummondii ] ne [  ]
merge-text-error: 236221	, merging [ Chamelaucium brevifolium ] ne [  ]
merge-text-error: 236220	, merging [ Sabatia stellaris ] ne [  ]
merge-text-error: 236219	, merging [ Sabatia dodecandra ] ne [  ]
merge-text-error: 236218	, merging [ Sabatia campestris ] ne [  ]
merge-text-error: 236200	, merging [ Plagiochila semidecurrens ] ne [  ]
merge-text-error: 236199	, merging [ Plagiochila sciophila ] ne [  ]
merge-text-error: 236198	, merging [ Plagiochila patriciae ] ne [  ]
merge-text-error: 236197	, merging [ Plagiochila ovalifolia ] ne [  ]
merge-text-error: 236196	, merging [ Plagiochila orbicularis ] ne [  ]
merge-text-error: 236195	, merging [ Plagiochila magna ] ne [  ]
merge-text-error: 236194	, merging [ Plagiochila integerrima ] ne [  ]
merge-text-error: 236192	, merging [ Plagiochila heterophylla ] ne [  ]
merge-text-error: 236191	, merging [ Plagiochila hakkodensis ] ne [  ]
merge-text-error: 236190	, merging [ Plagiochila ensiformis ] ne [  ]
merge-text-error: 236189	, merging [ Plagiochila britannica ] ne [  ]
merge-text-error: 236188	, merging [ Plagiochila boryana ] ne [  ]
merge-text-error: 236187	, merging [ Plagiochila bantamensis ] ne [  ]
merge-text-error: 236186	, merging [ Mirbelia viminalis ] ne [  ]
merge-text-error: 236185	, merging [ Mirbelia seorsifolia ] ne [  ]
merge-text-error: 236184	, merging [ Mirbelia rhagodioides ] ne [  ]
merge-text-error: 236183	, merging [ Mirbelia pungens ] ne [  ]
merge-text-error: 236182	, merging [ Mirbelia longifolia ] ne [  ]
merge-text-error: 236181	, merging [ Mirbelia baueri ] ne [  ]
merge-text-error: 236180	, merging [ Mirbelia ramulosa ] ne [  ]
merge-text-error: 236179	, merging [ Chorizema ulotropis ] ne [  ]
merge-text-error: 236178	, merging [ Chorizema racemosum ] ne [  ]
merge-text-error: 236177	, merging [ Chorizema obtusifolium ] ne [  ]
merge-text-error: 236176	, merging [ Chorizema dicksonii ] ne [  ]
merge-text-error: 236175	, merging [ Isotropis forrestii ] ne [  ]
merge-text-error: 236174	, merging [ Mirbelia sp. MDC9266 ] ne [  ]
merge-text-error: 236173	, merging [ Mirbelia sp. AM25 ] ne [  ]
merge-text-error: 236172	, merging [ Tuyamaella serratistipa ] ne [  ]
merge-text-error: 236170	, merging [ Xylolejeunea grolleana ] ne [  ]
merge-text-error: 236168	, merging [ Pycnolejeunea contigua ] ne [  ]
merge-text-error: 236166	, merging [ Odontolejeunea lunulata ] ne [  ]
merge-text-error: 236164	, merging [ Austrolejeunea hamata ] ne [  ]
merge-text-error: 236162	, merging [ Lopholejeunea muelleriana ] ne [  ]
merge-text-error: 236161	, merging [ Drepanolejeunea vesiculosa ] ne [  ]
merge-text-error: 236160	, merging [ Cheilolejeunea inflexa ] ne [  ]
merge-text-error: 236159	, merging [ Cheilolejeunea trifaria ] ne [  ]
merge-text-error: 236158	, merging [ Caudalejeunea recurvistipula ] ne [  ]
merge-text-error: 236156	, merging [ Austrolejeunea nudipes ] ne [  ]
merge-text-error: 236154	, merging [ Archilejeunea planiuscula ] ne [  ]
merge-text-error: 236152	, merging [ Aphanolejeunea gracilis ] ne [  ]
merge-text-error: 236150	, merging [ Frullania muscicola ] ne [  ]
merge-text-error: 236149	, merging [ Frullania davurica ] ne [  ]
merge-text-error: 236148	, merging [ Porella japonica ] ne [  ]
merge-text-error: 236147	, merging [ Radula okamurana ] ne [  ]
merge-text-error: 236009	, merging [ Marsdenia rubicunda ] ne [  ]
merge-text-error: 236008	, merging [ Marsdenia megalantha ] ne [  ]
merge-text-error: 236007	, merging [ Marsdenia macrophylla ] ne [  ]
merge-text-error: 236006	, merging [ Sisyranthus virgatus ] ne [  ]
merge-text-error: 236005	, merging [ Sisyranthus trichostomus ] ne [  ]
merge-text-error: 236004	, merging [ Riocreuxia torulosa ] ne [  ]
merge-text-error: 236003	, merging [ Leptadenia arborea ] ne [  ]
merge-text-error: 236002	, merging [ Heterostemma herbertii ] ne [  ]
merge-text-error: 236001	, merging [ Heterostemma cuspidatum ] ne [  ]
merge-text-error: 236000	, merging [ Heterostemma acuminatum ] ne [  ]
merge-text-error: 235998	, merging [ Conomitra linearis ] ne [  ]
merge-text-error: 235914	, merging [ Ophiopogon chingii ] ne [  ]
merge-text-error: 235913	, merging [ Ophiopogon bodinieri ] ne [  ]
merge-text-error: 235900	, merging [ Ranunculus glacialis ] ne [  ]
merge-text-error: 235851	, merging [ Polyalthia sp. Ridsdale DV-M1-12314 ] ne [  ]
merge-text-error: 235850	, merging [ Monoon cf. longifolium Mols 14 ] ne [  ]
merge-text-error: 235849	, merging [ Monoon cf. glabrum Rastini 224 ] ne [  ]
merge-text-error: 235847	, merging [ Alphonsea sp. Kessler 3186 ] ne [  ]
merge-text-error: 235846	, merging [ Trivalvaria macrophylla ] ne [  ]
merge-text-error: 235844	, merging [ Tridimeris hahniana ] ne [  ]
merge-text-error: 235842	, merging [ Stenanona panamensis ] ne [  ]
merge-text-error: 235841	, merging [ Stenanona costaricensis ] ne [  ]
merge-text-error: 235839	, merging [ Stelechocarpus cauliflorus ] ne [  ]
merge-text-error: 235837	, merging [ Stelechocarpus burahol ] ne [  ]
merge-text-error: 235835	, merging [ Sapranthus viridiflorus ] ne [  ]
merge-text-error: 235834	, merging [ Sapranthus microcarpus ] ne [  ]
merge-text-error: 235832	, merging [ Sageraea lanceolata ] ne [  ]
merge-text-error: 235830	, merging [ Pseuduvaria rugosa ] ne [  ]
merge-text-error: 235829	, merging [ Pseuduvaria pamattonis ] ne [  ]
merge-text-error: 235828	, merging [ Pseuduvaria coriacea ] ne [  ]
merge-text-error: 235827	, merging [ Pseuduvaria brachyantha ] ne [  ]
merge-text-error: 235825	, merging [ Pseudoxandra lucida ] ne [  ]
merge-text-error: 235823	, merging [ Pseudomalmea diclina ] ne [  ]
merge-text-error: 235821	, merging [ Popowia pisocarpa ] ne [  ]
merge-text-error: 235820	, merging [ Popowia odoardi ] ne [  ]
merge-text-error: 235819	, merging [ Popowia hirta ] ne [  ]
merge-text-error: 235817	, merging [ Polyalthia xanthopetala ] ne [  ]
merge-text-error: 235816	, merging [ Monoon viride ] ne [  ]
merge-text-error: 235815	, merging [ Maasia sumatrana ] ne [  ]
merge-text-error: 235814	, merging [ Polyalthia subcordata ] ne [  ]
merge-text-error: 235813	, merging [ Huberantha stuhlmannii ] ne [  ]
merge-text-error: 235812	, merging [ Polyalthia stenopetala ] ne [  ]
merge-text-error: 235811	, merging [ Monoon sclerophyllum ] ne [  ]
merge-text-error: 235810	, merging [ Huberantha rumphii ] ne [  ]
merge-text-error: 235809	, merging [ Huberantha pendula ] ne [  ]
merge-text-error: 235808	, merging [ Polyalthia obliqua ] ne [  ]
merge-text-error: 235807	, merging [ Polyalthia longipes ] ne [  ]
merge-text-error: 235806	, merging [ Monoon longifolium ] ne [  ]
merge-text-error: 235805	, merging [ Marsypopetalum littorale ] ne [  ]
merge-text-error: 235804	, merging [ Monoon lateriflorum ] ne [  ]
merge-text-error: 235803	, merging [ Maasia glauca ] ne [  ]
merge-text-error: 235802	, merging [ Polyalthia flagellaris ] ne [  ]
merge-text-error: 235801	, merging [ Maasia discolor ] ne [  ]
merge-text-error: 235800	, merging [ Polyalthia debilis ] ne [  ]
merge-text-error: 235799	, merging [ Monoon congestum ] ne [  ]
merge-text-error: 235798	, merging [ Polyalthia cinnamomea ] ne [  ]
merge-text-error: 235797	, merging [ Huberantha cerasoides ] ne [  ]
merge-text-error: 235796	, merging [ Polyalthia celebica ] ne [  ]
merge-text-error: 235795	, merging [ Polyalthia cauliflora ] ne [  ]
merge-text-error: 235794	, merging [ Polyalthia borneensis ] ne [  ]
merge-text-error: 235793	, merging [ Platymitra macrocarpa ] ne [  ]
merge-text-error: 235791	, merging [ Piptostigma pilosum ] ne [  ]
merge-text-error: 235789	, merging [ Phaeanthus splendens ] ne [  ]
merge-text-error: 235788	, merging [ Phaeanthus ebracteolatus ] ne [  ]
merge-text-error: 235786	, merging [ Petalolophus megalopus ] ne [  ]
merge-text-error: 235784	, merging [ Oxandra espintana ] ne [  ]
merge-text-error: 235782	, merging [ Orophea polycarpa ] ne [  ]
merge-text-error: 235781	, merging [ Orophea myriantha ] ne [  ]
merge-text-error: 235780	, merging [ Orophea kerrii ] ne [  ]
merge-text-error: 235779	, merging [ Orophea enterocarpa ] ne [  ]
merge-text-error: 235778	, merging [ Orophea enneandra ] ne [  ]
merge-text-error: 235777	, merging [ Orophea creaghii ] ne [  ]
merge-text-error: 235776	, merging [ Orophea celebica ] ne [  ]
merge-text-error: 235775	, merging [ Orophea brandisii ] ne [  ]
merge-text-error: 235773	, merging [ Onychopetalum periquino ] ne [  ]
merge-text-error: 235771	, merging [ Neo-uvaria parallelivenia ] ne [  ]
merge-text-error: 235770	, merging [ Neo-uvaria acuminatissima ] ne [  ]
merge-text-error: 235768	, merging [ Mosannona vasquezii ] ne [  ]
merge-text-error: 235766	, merging [ Monocarpia euneura ] ne [  ]
merge-text-error: 235764	, merging [ Mitrephora maingayi ] ne [  ]
merge-text-error: 235763	, merging [ Mitrephora polypyrena ] ne [  ]
merge-text-error: 235762	, merging [ Mitrephora keithii ] ne [  ]
merge-text-error: 235761	, merging [ Mitrephora celebica ] ne [  ]
merge-text-error: 235760	, merging [ Mitrephora alba ] ne [  ]
merge-text-error: 235758	, merging [ Miliusa velutina ] ne [  ]
merge-text-error: 235757	, merging [ Miliusa thorelii ] ne [  ]
merge-text-error: 235755	, merging [ Miliusa mollis ] ne [  ]
merge-text-error: 235754	, merging [ Miliusa longipes ] ne [  ]
merge-text-error: 235753	, merging [ Miliusa lineata ] ne [  ]
merge-text-error: 235752	, merging [ Miliusa horsfieldii ] ne [  ]
merge-text-error: 235751	, merging [ Miliusa cuneata ] ne [  ]
merge-text-error: 235750	, merging [ Miliusa campanulata ] ne [  ]
merge-text-error: 235749	, merging [ Miliusa sp. Middleton and Lamxay 269 ] ne [  ]
merge-text-error: 235747	, merging [ Mezzettia parviflora ] ne [  ]
merge-text-error: 235745	, merging [ Meiogyne sp. Kessler 3219 ] ne [  ]
merge-text-error: 235744	, merging [ Meiogyne virgata ] ne [  ]
merge-text-error: 235743	, merging [ Meiogyne stenopetala ] ne [  ]
merge-text-error: 235742	, merging [ Meiogyne cylindrocarpa ] ne [  ]
merge-text-error: 235740	, merging [ Marsypopetalum pallidum ] ne [  ]
merge-text-error: 235738	, merging [ Klarobelia megalocarpa ] ne [  ]
merge-text-error: 235736	, merging [ Polyalthia longirostris ] ne [  ]
merge-text-error: 235734	, merging [ Greenwayodendron suaveolens ] ne [  ]
merge-text-error: 235732	, merging [ Meiogyne heteropetala ] ne [  ]
merge-text-error: 235730	, merging [ Ephedranthus sp. Chatrou et al. 173 ] ne [  ]
merge-text-error: 235728	, merging [ Monoon sp. Ambriansyah et al. 2067 ] ne [  ]
merge-text-error: 235727	, merging [ Monoon paradoxum ] ne [  ]
merge-text-error: 235726	, merging [ Monoon membranifolium ] ne [  ]
merge-text-error: 235725	, merging [ Monoon fuscum ] ne [  ]
merge-text-error: 235723	, merging [ Desmopsis schippii ] ne [  ]
merge-text-error: 235722	, merging [ Desmopsis microcarpa ] ne [  ]
merge-text-error: 235720	, merging [ Cremastosperma microcarpum ] ne [  ]
merge-text-error: 235718	, merging [ Pseuduvaria phuyensis ] ne [  ]
merge-text-error: 235716	, merging [ Anaxagorea luzonensis ] ne [  ]
merge-text-error: 235715	, merging [ Anaxagorea javanica ] ne [  ]
merge-text-error: 235714	, merging [ Alphonsea sp. Mols 16 ] ne [  ]
merge-text-error: 235713	, merging [ Alphonsea kinabaluensis ] ne [  ]
merge-text-error: 235712	, merging [ Alphonsea javanica ] ne [  ]
merge-text-error: 235711	, merging [ Alphonsea elliptica ] ne [  ]
merge-text-error: 235710	, merging [ Alphonsea boniana ] ne [  ]
merge-text-error: 235657	, merging [ Melodorum cf. fruticosum Mols 10 ] ne [  ]
merge-text-error: 235656	, merging [ Melodorum cf. fruticosum Mols 2 ] ne [  ]
merge-text-error: 235358	, merging [ Gypsophila paniculata ] ne [  ]
merge-text-error: 235357	, merging [ Artemisia spiciformis ] ne [  ]
merge-text-error: 235228	, merging [ Milligania sp. JCP-2003 ] ne [  ]
merge-text-error: 235226	, merging [ Thysanotus sp. Chase 2217 ] ne [  ]
merge-text-error: 235225	, merging [ Lomandra sp. Chase 2216 ] ne [  ]
merge-text-error: 235224	, merging [ Cordyline sp. Hahn 6932 ] ne [  ]
merge-text-error: 235223	, merging [ Peliosanthes sp. Chase 847 ] ne [  ]
merge-text-error: 235218	, merging [ Disporum sp. JCP-2003 ] ne [  ]
merge-text-error: 235217	, merging [ Wurmbea sp. Goldblatt 9411 ] ne [  ]
merge-text-error: 235216	, merging [ Acanthochlamys sp. Chase 842 ] ne [  ]
merge-text-error: 235074	, merging [ Maraniona lavinii ] ne [  ]
merge-text-error: 234944	, merging [ Iris brevicaulis x Iris fulva ] ne [  ]
merge-text-error: 234927	, merging [ Dendrophthoe curvata ] ne [  ]
merge-text-error: 234925	, merging [ Misodendrum linearifolium ] ne [  ]
merge-text-error: 234867	, merging [ Perideridia pringlei ] ne [  ]
merge-text-error: 234866	, merging [ Perideridia oregana ] ne [  ]
merge-text-error: 234865	, merging [ Perideridia leptocarpa ] ne [  ]
merge-text-error: 234864	, merging [ Perideridia lemmonii ] ne [  ]
merge-text-error: 234862	, merging [ Perideridia parishii ] ne [  ]
merge-text-error: 234861	, merging [ Perideridia howellii ] ne [  ]
merge-text-error: 234859	, merging [ Perideridia erythrorhiza ] ne [  ]
merge-text-error: 234858	, merging [ Perideridia californica ] ne [  ]
merge-text-error: 234855	, merging [ Perideridia bolanderi ] ne [  ]
merge-text-error: 234854	, merging [ Perideridia bacigalupii ] ne [  ]
merge-text-error: 234853	, merging [ Perideridia americana ] ne [  ]
merge-text-error: 234795	, merging [ Drosera tokaiensis ] ne [  ]
merge-text-error: 234731	, merging [ Uncinia triquetra ] ne [  ]
merge-text-error: 234730	, merging [ Uncinia riparia ] ne [  ]
merge-text-error: 234729	, merging [ Uncinia kingii ] ne [  ]
merge-text-error: 234728	, merging [ Uncinia erinacea ] ne [  ]
merge-text-error: 234727	, merging [ Uncinia compacta ] ne [  ]
merge-text-error: 234726	, merging [ Carex pyrenaica ] ne [  ]
merge-text-error: 234725	, merging [ Carex microglochin ] ne [  ]
merge-text-error: 234479	, merging [ Kobresia curticeps ] ne [  ]
merge-text-error: 234478	, merging [ Kobresia schoenoides ] ne [  ]
merge-text-error: 234477	, merging [ Kobresia esenbeckii ] ne [  ]
merge-text-error: 234476	, merging [ Carex curvula ] ne [  ]
merge-text-error: 234475	, merging [ Schoenoxiphium lanceum ] ne [  ]
merge-text-error: 234474	, merging [ Schoenoxiphium lehmannii ] ne [  ]
merge-text-error: 234473	, merging [ Schoenoxiphium ecklonii ] ne [  ]
merge-text-error: 234472	, merging [ Schoenoxiphium sparteum ] ne [  ]
merge-text-error: 234471	, merging [ Carex pulicaris ] ne [  ]
merge-text-error: 234470	, merging [ Carex phyllostachys ] ne [  ]
merge-text-error: 234469	, merging [ Carex aphylla ] ne [  ]
merge-text-error: 234468	, merging [ Carex acicularis ] ne [  ]
merge-text-error: 234467	, merging [ Carex echinata ] ne [  ]
merge-text-error: 234466	, merging [ Carex arenaria ] ne [  ]
merge-text-error: 234465	, merging [ Carex remota ] ne [  ]
merge-text-error: 234464	, merging [ Carex nigra ] ne [  ]
merge-text-error: 234463	, merging [ Carex collumanthus ] ne [  ]
merge-text-error: 234461	, merging [ Carex depauperata ] ne [  ]
merge-text-error: 234460	, merging [ Carex nardina ] ne [  ]
merge-text-error: 234458	, merging [ Braya linearis ] ne [  ]
merge-text-error: 234457	, merging [ Braya longii ] ne [  ]
merge-text-error: 234456	, merging [ Braya thorild-wulffii ] ne [  ]
merge-text-error: 234455	, merging [ Braya fernaldii ] ne [  ]
merge-text-error: 234454	, merging [ Malcolmia africana ] ne [  ]
merge-text-error: 234452	, merging [ Juncus dregeanus ] ne [  ]
merge-text-error: 234451	, merging [ Begonia sp. Baker 1011 ] ne [  ]
merge-text-error: 234389	, merging [ Cornus eydeana ] ne [  ]
merge-text-error: 234388	, merging [ Begonia subalpestris ] ne [  ]
merge-text-error: 234387	, merging [ Begonia preussii ] ne [  ]
merge-text-error: 234385	, merging [ Begonia polygonoides ] ne [  ]
merge-text-error: 234384	, merging [ Begonia oxyanthera ] ne [  ]
merge-text-error: 234383	, merging [ Begonia nana ] ne [  ]
merge-text-error: 234382	, merging [ Begonia marnieri ] ne [  ]
merge-text-error: 234381	, merging [ Begonia komoensis ] ne [  ]
merge-text-error: 234380	, merging [ Begonia isalensis ] ne [  ]
merge-text-error: 234379	, merging [ Begonia homonyma ] ne [  ]
merge-text-error: 234378	, merging [ Begonia hirsutula ] ne [  ]
merge-text-error: 234377	, merging [ Begonia goudotii ] ne [  ]
merge-text-error: 234376	, merging [ Begonia fusialata ] ne [  ]
merge-text-error: 234375	, merging [ Begonia furfuracea ] ne [  ]
merge-text-error: 234374	, merging [ Begonia eminii ] ne [  ]
merge-text-error: 234373	, merging [ Begonia elaeagnifolia ] ne [  ]
merge-text-error: 234372	, merging [ Begonia ebolowensis ] ne [  ]
merge-text-error: 234371	, merging [ Begonia comorensis ] ne [  ]
merge-text-error: 234370	, merging [ Begonia cavallyensis ] ne [  ]
merge-text-error: 234369	, merging [ Begonia bonus-henricus ] ne [  ]
merge-text-error: 234368	, merging [ Begonia betsimisaraka ] ne [  ]
merge-text-error: 234367	, merging [ Begonia baccata ] ne [  ]
merge-text-error: 234366	, merging [ Begonia ampla ] ne [  ]
merge-text-error: 234063	, merging [ Dendrobium calamiforme ] ne [  ]
merge-text-error: 234062	, merging [ Bulbophyllum nutans ] ne [  ]
merge-text-error: 234061	, merging [ Liparis habenarina ] ne [  ]
merge-text-error: 234060	, merging [ Eria aff. javanica CBG 740854 ] ne [  ]
merge-text-error: 234059	, merging [ Dendrobium cunninghamii ] ne [  ]
merge-text-error: 234057	, merging [ Bulbophyllum clandestinum ] ne [  ]
merge-text-error: 234055	, merging [ Dendrobium baileyi ] ne [  ]
merge-text-error: 234053	, merging [ Dendrobium comatum ] ne [  ]
merge-text-error: 234052	, merging [ Dendrobium triflorum ] ne [  ]
merge-text-error: 234051	, merging [ Dendrobium cymbidioides ] ne [  ]
merge-text-error: 234050	, merging [ Dendrobium amplum ] ne [  ]
merge-text-error: 234049	, merging [ Drymoanthus flavus ] ne [  ]
merge-text-error: 234047	, merging [ Dendrobium ischnopetalum ] ne [  ]
merge-text-error: 234046	, merging [ Dendrobium yeageri ] ne [  ]
merge-text-error: 234045	, merging [ Dendrobium violaceum ] ne [  ]
merge-text-error: 234044	, merging [ Dendrobium victoriae-reginae ] ne [  ]
merge-text-error: 234043	, merging [ Dendrobium usterioides ] ne [  ]
merge-text-error: 234042	, merging [ Dendrobium truncatum ] ne [  ]
merge-text-error: 234041	, merging [ Dendrobium subuliferum ] ne [  ]
merge-text-error: 234040	, merging [ Dendrobium stuartii ] ne [  ]
merge-text-error: 234039	, merging [ Dendrobium speciosum ] ne [  ]
merge-text-error: 234038	, merging [ Dendrobium sophronites ] ne [  ]
merge-text-error: 234037	, merging [ Dendrobium smillieae ] ne [  ]
merge-text-error: 234036	, merging [ Oxystophyllum sinuatum ] ne [  ]
merge-text-error: 234035	, merging [ Dendrobium serratilabium ] ne [  ]
merge-text-error: 234034	, merging [ Dendrobium sanguinolentum ] ne [  ]
merge-text-error: 234033	, merging [ Dendrobium rhododiodes ] ne [  ]
merge-text-error: 234032	, merging [ Dendrobium quadrangulare ] ne [  ]
merge-text-error: 234031	, merging [ Dendrobium philippinense ] ne [  ]
merge-text-error: 234030	, merging [ Dendrobium papilio ] ne [  ]
merge-text-error: 234029	, merging [ Dendrobium nothofagicola ] ne [  ]
merge-text-error: 234028	, merging [ Dendrobium nindii ] ne [  ]
merge-text-error: 234026	, merging [ Dendrobium mutabile ] ne [  ]
merge-text-error: 234025	, merging [ Dendrobium morrisonii ] ne [  ]
merge-text-error: 234024	, merging [ Dendrobium mohlianum ] ne [  ]
merge-text-error: 234023	, merging [ Dendrobium macrophyllum ] ne [  ]
merge-text-error: 234022	, merging [ Dendrobium leonis ] ne [  ]
merge-text-error: 234021	, merging [ Dendrobium lawesii ] ne [  ]
merge-text-error: 234020	, merging [ Dendrobium lancifolium ] ne [  ]
merge-text-error: 234019	, merging [ Dendrobium junceum ] ne [  ]
merge-text-error: 234018	, merging [ Dendrobium ionopus ] ne [  ]
merge-text-error: 234017	, merging [ Dendrobium inflatum ] ne [  ]
merge-text-error: 234016	, merging [ Dendrobium indivisum ] ne [  ]
merge-text-error: 234015	, merging [ Oxystophyllum govidjoae ] ne [  ]
merge-text-error: 234014	, merging [ Dendrobium goldschmidtianum ] ne [  ]
merge-text-error: 234013	, merging [ Dendrobium goldfinchii ] ne [  ]
merge-text-error: 234012	, merging [ Dendrobium fulgidum ] ne [  ]
merge-text-error: 234011	, merging [ Dendrobium formosum ] ne [  ]
merge-text-error: 234010	, merging [ Dendrobium fairchildiae ] ne [  ]
input hash size 28350/262144 values.
master hash size 72981/131072 values.
starting 2
input hash size 28350/262144 values.
master hash size 106446/262144 values.
starting 2

merges	= 106833;
uniques_1	= 29992;
uniques_2	= 5792;
